2021-05-13 11:31:59.815 [main] INFO  com.carcassonne.gameserver.GameserverApplication - Starting GameserverApplication using Java 11.0.6 on DESKTOP-JMIJ95C with PID 2028 (F:\0My_Data\软件工程实践\test\Carcassonne-Game-Server\target\classes started by chen in F:\0My_Data\软件工程实践\test\Carcassonne-Game-Server)
2021-05-13 11:31:59.818 [main] INFO  com.carcassonne.gameserver.GameserverApplication - No active profile set, falling back to default profiles: default
2021-05-13 11:32:00.392 [main] INFO  o.s.d.r.config.RepositoryConfigurationDelegate - Multiple Spring Data modules found, entering strict repository configuration mode!
2021-05-13 11:32:00.394 [main] INFO  o.s.d.r.config.RepositoryConfigurationDelegate - Bootstrapping Spring Data Redis repositories in DEFAULT mode.
2021-05-13 11:32:00.418 [main] INFO  o.s.d.r.config.RepositoryConfigurationDelegate - Finished Spring Data repository scanning in 11 ms. Found 0 Redis repository interfaces.
2021-05-13 11:32:00.579 [main] INFO  o.s.c.s.PostProcessorRegistrationDelegate$BeanPostProcessorChecker - Bean 'redisConfig' of type [com.carcassonne.gameserver.configuration.RedisConfig$$EnhancerBySpringCGLIB$$4546d3a7] is not eligible for getting processed by all BeanPostProcessors (for example: not eligible for auto-proxying)
2021-05-13 11:32:00.762 [main] INFO  o.s.boot.web.embedded.tomcat.TomcatWebServer - Tomcat initialized with port(s): 90 (http)
2021-05-13 11:32:00.769 [main] INFO  org.apache.coyote.http11.Http11NioProtocol - Initializing ProtocolHandler ["http-nio-90"]
2021-05-13 11:32:00.769 [main] INFO  org.apache.catalina.core.StandardService - Starting service [Tomcat]
2021-05-13 11:32:00.769 [main] INFO  org.apache.catalina.core.StandardEngine - Starting Servlet engine: [Apache Tomcat/9.0.45]
2021-05-13 11:32:00.845 [main] INFO  o.a.c.core.ContainerBase.[Tomcat].[localhost].[/] - Initializing Spring embedded WebApplicationContext
2021-05-13 11:32:00.846 [main] INFO  o.s.b.w.s.c.ServletWebServerApplicationContext - Root WebApplicationContext: initialization completed in 998 ms
2021-05-13 11:32:01.424 [main] INFO  o.s.scheduling.concurrent.ThreadPoolTaskExecutor - Initializing ExecutorService 'applicationTaskExecutor'
2021-05-13 11:32:01.619 [main] INFO  org.apache.coyote.http11.Http11NioProtocol - Starting ProtocolHandler ["http-nio-90"]
2021-05-13 11:32:01.634 [main] INFO  o.s.boot.web.embedded.tomcat.TomcatWebServer - Tomcat started on port(s): 90 (http) with context path ''
2021-05-13 11:32:01.642 [main] INFO  com.carcassonne.gameserver.GameserverApplication - Started GameserverApplication in 2.237 seconds (JVM running for 2.77)
2021-05-13 11:32:40.523 [http-nio-90-exec-2] INFO  o.a.c.core.ContainerBase.[Tomcat].[localhost].[/] - Initializing Spring DispatcherServlet 'dispatcherServlet'
2021-05-13 11:32:40.523 [http-nio-90-exec-2] INFO  org.springframework.web.servlet.DispatcherServlet - Initializing Servlet 'dispatcherServlet'
2021-05-13 11:32:40.524 [http-nio-90-exec-2] INFO  org.springframework.web.servlet.DispatcherServlet - Completed initialization in 1 ms
2021-05-13 11:32:40.547 [http-nio-90-exec-2] INFO  c.c.gameserver.controller.OfflineController - /offline/userLogin api start  ======> requestBody:{"password":"111","accountNum":"1072876026@qq.com"}
2021-05-13 11:32:40.588 [http-nio-90-exec-2] INFO  com.zaxxer.hikari.HikariDataSource - test - Starting...
2021-05-13 11:32:41.117 [http-nio-90-exec-2] INFO  com.zaxxer.hikari.HikariDataSource - test - Start completed.
2021-05-13 11:32:41.512 [http-nio-90-exec-2] INFO  c.c.gameserver.controller.OfflineController - redis ===> new record :User{id=8, accountNum='1072876026@qq.com', password='111', sex='男', level='0', nickname='gcy', headPictureURL='xxx.xxx', state='null', token='eyJhbGciOiJIUzI1NiJ9.eyJyb2xlIjoidXNlciIsImV4cCI6MTYyMDg5ODM2MSwiaWF0IjoxNjIwODc2NzYxLCJ1c2VybmFtZSI6IjEwNzI4NzYwMjZAcXEuY29tIn0.MBkJHqRNVDxffw-xJFIIYCDvj7_Fuy2H6uaSgsfHJSI'}
2021-05-13 11:32:41.513 [http-nio-90-exec-2] INFO  c.c.gameserver.controller.OfflineController - /offline/userLogin api end with 200 , User{id=8, accountNum='1072876026@qq.com', password='111', sex='男', level='0', nickname='gcy', headPictureURL='xxx.xxx', state='null', token='eyJhbGciOiJIUzI1NiJ9.eyJyb2xlIjoidXNlciIsImV4cCI6MTYyMDg5ODM2MSwiaWF0IjoxNjIwODc2NzYxLCJ1c2VybmFtZSI6IjEwNzI4NzYwMjZAcXEuY29tIn0.MBkJHqRNVDxffw-xJFIIYCDvj7_Fuy2H6uaSgsfHJSI'} Login successfully 
2021-05-13 11:32:53.669 [http-nio-90-exec-3] INFO  c.c.g.interceptor.PostCheckHandlerInterceptor -  preHandle method, account:1072876026@qq.com ==> token check is correct
2021-05-13 11:32:53.681 [http-nio-90-exec-3] INFO  c.c.gameserver.controller.WanderController - 1072876026@qq.comcreate room , info :{"roomPassword":"111","code":200,"roomNum":"238816","state":"waitStart","message":"OK, Create room successfully","playerRole":"master","roomName":"myRoom"}
2021-05-13 11:33:04.350 [http-nio-90-exec-4] INFO  c.c.g.interceptor.PostCheckHandlerInterceptor -  preHandle method, account:1072876026@qq.com ==> token check is correct
2021-05-13 11:33:14.088 [http-nio-90-exec-5] INFO  c.c.gameserver.controller.OfflineController - /offline/userLogin api start  ======> requestBody:{"password":"111","accountNum":"1072876025@qq.com"}
2021-05-13 11:33:14.135 [http-nio-90-exec-5] INFO  c.c.gameserver.controller.OfflineController - redis ===> new record :User{id=4, accountNum='1072876025@qq.com', password='111', sex='女', level='0', nickname='cmyyy', headPictureURL='xxx.xxx', state='null', token='eyJhbGciOiJIUzI1NiJ9.eyJyb2xlIjoidXNlciIsImV4cCI6MTYyMDg5ODM5NCwiaWF0IjoxNjIwODc2Nzk0LCJ1c2VybmFtZSI6IjEwNzI4NzYwMjVAcXEuY29tIn0.4-5ESa8bVgJRfJwxEGR6uRoelFWMH3rgbBcFKaR6l_g'}
2021-05-13 11:33:14.135 [http-nio-90-exec-5] INFO  c.c.gameserver.controller.OfflineController - /offline/userLogin api end with 200 , User{id=4, accountNum='1072876025@qq.com', password='111', sex='女', level='0', nickname='cmyyy', headPictureURL='xxx.xxx', state='null', token='eyJhbGciOiJIUzI1NiJ9.eyJyb2xlIjoidXNlciIsImV4cCI6MTYyMDg5ODM5NCwiaWF0IjoxNjIwODc2Nzk0LCJ1c2VybmFtZSI6IjEwNzI4NzYwMjVAcXEuY29tIn0.4-5ESa8bVgJRfJwxEGR6uRoelFWMH3rgbBcFKaR6l_g'} Login successfully 
2021-05-13 11:33:41.270 [http-nio-90-exec-6] INFO  c.c.g.interceptor.PostCheckHandlerInterceptor -  preHandle method, account:1072876025@qq.com ==> token check is correct
2021-05-13 11:33:41.274 [http-nio-90-exec-6] INFO  c.c.gameserver.controller.WanderController - 1072876025@qq.comJoin  room successfully , info :{"code":200,"state":"waitStart","message":"OK, 1072876025@qq.comJoin  room successfully","playerRole":"member"}
2021-05-13 11:33:51.007 [http-nio-90-exec-7] INFO  c.c.g.interceptor.PostCheckHandlerInterceptor -  preHandle method, account:1072876025@qq.com ==> token check is correct
2021-05-13 11:34:27.735 [http-nio-90-exec-8] INFO  c.c.g.interceptor.PostCheckHandlerInterceptor -  preHandle method, account:1072876025@qq.com ==> token check is correct
2021-05-13 11:34:27.739 [http-nio-90-exec-8] INFO  com.carcassonne.gameserver.manager.MainGameManager - 1072876025@qq.comin room 238816 getReady
2021-05-13 11:34:30.146 [http-nio-90-exec-9] INFO  c.c.g.interceptor.PostCheckHandlerInterceptor -  preHandle method, account:1072876025@qq.com ==> token check is correct
2021-05-13 11:35:04.045 [http-nio-90-exec-10] INFO  c.c.g.interceptor.PostCheckHandlerInterceptor -  preHandle method, account:1072876026@qq.com ==> token check is correct
2021-05-13 11:35:04.048 [http-nio-90-exec-10] INFO  com.carcassonne.gameserver.manager.RoomManager - gameStart[User{id=null, accountNum='1072876026@qq.com', password='111', sex='男', level='0', nickname='gcy', headPictureURL='xxx.xxx', state='null', token='null'}, User{id=null, accountNum='1072876025@qq.com', password='111', sex='女', level='0', nickname='cmyyy', headPictureURL='xxx.xxx', state='null', token='null'}]
2021-05-13 11:35:04.048 [http-nio-90-exec-10] INFO  com.carcassonne.gameserver.manager.MainGameManager - 1072876026@qq.comin room 238816 getReady
2021-05-13 11:35:07.354 [http-nio-90-exec-1] INFO  c.c.g.interceptor.PostCheckHandlerInterceptor -  preHandle method, account:1072876025@qq.com ==> token check is correct
2021-05-13 21:44:11.131 [main] INFO  com.carcassonne.gameserver.GameserverApplication - Starting GameserverApplication using Java 11.0.6 on DESKTOP-JMIJ95C with PID 17576 (F:\0My_Data\软件工程实践\test\Carcassonne-Game-Server\target\classes started by chen in F:\0My_Data\软件工程实践\test\Carcassonne-Game-Server)
2021-05-13 21:44:11.132 [main] INFO  com.carcassonne.gameserver.GameserverApplication - No active profile set, falling back to default profiles: default
2021-05-13 21:44:11.834 [main] INFO  o.s.d.r.config.RepositoryConfigurationDelegate - Multiple Spring Data modules found, entering strict repository configuration mode!
2021-05-13 21:44:11.836 [main] INFO  o.s.d.r.config.RepositoryConfigurationDelegate - Bootstrapping Spring Data Redis repositories in DEFAULT mode.
2021-05-13 21:44:11.856 [main] INFO  o.s.d.r.config.RepositoryConfigurationDelegate - Finished Spring Data repository scanning in 10 ms. Found 0 Redis repository interfaces.
2021-05-13 21:44:12.000 [main] INFO  o.s.c.s.PostProcessorRegistrationDelegate$BeanPostProcessorChecker - Bean 'redisConfig' of type [com.carcassonne.gameserver.configuration.RedisConfig$$EnhancerBySpringCGLIB$$480f1318] is not eligible for getting processed by all BeanPostProcessors (for example: not eligible for auto-proxying)
2021-05-13 21:44:12.181 [main] INFO  o.s.boot.web.embedded.tomcat.TomcatWebServer - Tomcat initialized with port(s): 90 (http)
2021-05-13 21:44:12.187 [main] INFO  org.apache.coyote.http11.Http11NioProtocol - Initializing ProtocolHandler ["http-nio-90"]
2021-05-13 21:44:12.188 [main] INFO  org.apache.catalina.core.StandardService - Starting service [Tomcat]
2021-05-13 21:44:12.188 [main] INFO  org.apache.catalina.core.StandardEngine - Starting Servlet engine: [Apache Tomcat/9.0.45]
2021-05-13 21:44:12.265 [main] INFO  o.a.c.core.ContainerBase.[Tomcat].[localhost].[/] - Initializing Spring embedded WebApplicationContext
2021-05-13 21:44:12.265 [main] INFO  o.s.b.w.s.c.ServletWebServerApplicationContext - Root WebApplicationContext: initialization completed in 1103 ms
2021-05-13 21:44:12.800 [main] INFO  o.s.scheduling.concurrent.ThreadPoolTaskExecutor - Initializing ExecutorService 'applicationTaskExecutor'
2021-05-13 21:44:13.198 [main] INFO  org.apache.coyote.http11.Http11NioProtocol - Starting ProtocolHandler ["http-nio-90"]
2021-05-13 21:44:13.230 [main] INFO  o.s.boot.web.embedded.tomcat.TomcatWebServer - Tomcat started on port(s): 90 (http) with context path ''
2021-05-13 21:44:13.238 [main] INFO  com.carcassonne.gameserver.GameserverApplication - Started GameserverApplication in 2.483 seconds (JVM running for 3.154)
