2021-04-28 20:48:00.114 [main] INFO  c.c.gameserver.GameserverApplicationTests - Starting GameserverApplicationTests using Java 11.0.6 on DESKTOP-JMIJ95C with PID 5324 (started by chen in F:\0My_Data\软件工程实践\test\Carcassonne-Game-Server)
2021-04-28 20:48:00.118 [main] INFO  c.c.gameserver.GameserverApplicationTests - No active profile set, falling back to default profiles: default
2021-04-28 20:48:00.701 [main] INFO  o.s.d.r.config.RepositoryConfigurationDelegate - Multiple Spring Data modules found, entering strict repository configuration mode!
2021-04-28 20:48:00.703 [main] INFO  o.s.d.r.config.RepositoryConfigurationDelegate - Bootstrapping Spring Data Redis repositories in DEFAULT mode.
2021-04-28 20:48:00.725 [main] INFO  o.s.d.r.config.RepositoryConfigurationDelegate - Finished Spring Data repository scanning in 7 ms. Found 0 Redis repository interfaces.
2021-04-28 20:48:01.469 [main] INFO  o.s.scheduling.concurrent.ThreadPoolTaskExecutor - Initializing ExecutorService 'applicationTaskExecutor'
2021-04-28 20:48:01.829 [main] INFO  o.s.scheduling.concurrent.ThreadPoolTaskExecutor - Shutting down ExecutorService 'applicationTaskExecutor'
2021-04-28 20:48:01.835 [main] INFO  o.s.b.a.l.ConditionEvaluationReportLoggingListener - 

Error starting ApplicationContext. To display the conditions report re-run your application with 'debug' enabled.
2021-04-28 20:48:13.393 [main] INFO  c.c.gameserver.GameserverApplicationTests - Starting GameserverApplicationTests using Java 11.0.6 on DESKTOP-JMIJ95C with PID 9356 (started by chen in F:\0My_Data\软件工程实践\test\Carcassonne-Game-Server)
2021-04-28 20:48:13.396 [main] INFO  c.c.gameserver.GameserverApplicationTests - No active profile set, falling back to default profiles: default
2021-04-28 20:48:13.857 [main] INFO  o.s.d.r.config.RepositoryConfigurationDelegate - Multiple Spring Data modules found, entering strict repository configuration mode!
2021-04-28 20:48:13.859 [main] INFO  o.s.d.r.config.RepositoryConfigurationDelegate - Bootstrapping Spring Data Redis repositories in DEFAULT mode.
2021-04-28 20:48:13.874 [main] INFO  o.s.d.r.config.RepositoryConfigurationDelegate - Finished Spring Data repository scanning in 7 ms. Found 0 Redis repository interfaces.
2021-04-28 20:48:14.484 [main] INFO  o.s.scheduling.concurrent.ThreadPoolTaskExecutor - Initializing ExecutorService 'applicationTaskExecutor'
2021-04-28 20:48:14.791 [main] INFO  o.s.scheduling.concurrent.ThreadPoolTaskExecutor - Shutting down ExecutorService 'applicationTaskExecutor'
2021-04-28 20:48:14.798 [main] INFO  o.s.b.a.l.ConditionEvaluationReportLoggingListener - 

Error starting ApplicationContext. To display the conditions report re-run your application with 'debug' enabled.
2021-04-28 21:10:28.889 [main] INFO  com.carcassonne.gameserver.GameserverApplication - Starting GameserverApplication using Java 11.0.6 on DESKTOP-JMIJ95C with PID 5528 (F:\0My_Data\软件工程实践\test\Carcassonne-Game-Server\target\classes started by chen in F:\0My_Data\软件工程实践\test\Carcassonne-Game-Server)
2021-04-28 21:10:28.891 [main] INFO  com.carcassonne.gameserver.GameserverApplication - No active profile set, falling back to default profiles: default
2021-04-28 21:10:29.267 [main] INFO  o.s.d.r.config.RepositoryConfigurationDelegate - Multiple Spring Data modules found, entering strict repository configuration mode!
2021-04-28 21:10:29.268 [main] INFO  o.s.d.r.config.RepositoryConfigurationDelegate - Bootstrapping Spring Data Redis repositories in DEFAULT mode.
2021-04-28 21:10:29.281 [main] INFO  o.s.d.r.config.RepositoryConfigurationDelegate - Finished Spring Data repository scanning in 6 ms. Found 0 Redis repository interfaces.
2021-04-28 21:10:29.573 [main] INFO  o.s.boot.web.embedded.tomcat.TomcatWebServer - Tomcat initialized with port(s): 8080 (http)
2021-04-28 21:10:29.580 [main] INFO  org.apache.coyote.http11.Http11NioProtocol - Initializing ProtocolHandler ["http-nio-8080"]
2021-04-28 21:10:29.580 [main] INFO  org.apache.catalina.core.StandardService - Starting service [Tomcat]
2021-04-28 21:10:29.580 [main] INFO  org.apache.catalina.core.StandardEngine - Starting Servlet engine: [Apache Tomcat/9.0.45]
2021-04-28 21:10:29.654 [main] INFO  o.a.c.core.ContainerBase.[Tomcat].[localhost].[/] - Initializing Spring embedded WebApplicationContext
2021-04-28 21:10:29.655 [main] INFO  o.s.b.w.s.c.ServletWebServerApplicationContext - Root WebApplicationContext: initialization completed in 731 ms
2021-04-28 21:10:29.782 [main] INFO  o.s.scheduling.concurrent.ThreadPoolTaskExecutor - Initializing ExecutorService 'applicationTaskExecutor'
2021-04-28 21:10:29.934 [main] INFO  o.s.scheduling.concurrent.ThreadPoolTaskExecutor - Shutting down ExecutorService 'applicationTaskExecutor'
2021-04-28 21:10:29.935 [main] INFO  org.apache.catalina.core.StandardService - Stopping service [Tomcat]
2021-04-28 21:10:29.944 [main] INFO  o.s.b.a.l.ConditionEvaluationReportLoggingListener - 

Error starting ApplicationContext. To display the conditions report re-run your application with 'debug' enabled.
