2021-05-07 15:57:42.239 [main] INFO  com.carcassonne.gameserver.GameserverApplication - Starting GameserverApplication using Java 11.0.6 on DESKTOP-JMIJ95C with PID 19248 (F:\0My_Data\软件工程实践\test\Carcassonne-Game-Server\target\classes started by chen in F:\0My_Data\软件工程实践\test\Carcassonne-Game-Server)
2021-05-07 15:57:42.239 [main] INFO  com.carcassonne.gameserver.GameserverApplication - No active profile set, falling back to default profiles: default
2021-05-07 15:57:42.864 [main] INFO  o.s.d.r.config.RepositoryConfigurationDelegate - Multiple Spring Data modules found, entering strict repository configuration mode!
2021-05-07 15:57:42.864 [main] INFO  o.s.d.r.config.RepositoryConfigurationDelegate - Bootstrapping Spring Data Redis repositories in DEFAULT mode.
2021-05-07 15:57:42.895 [main] INFO  o.s.d.r.config.RepositoryConfigurationDelegate - Finished Spring Data repository scanning in 13 ms. Found 0 Redis repository interfaces.
2021-05-07 15:57:43.080 [main] INFO  o.s.c.s.PostProcessorRegistrationDelegate$BeanPostProcessorChecker - Bean 'redisConfig' of type [com.carcassonne.gameserver.configuration.RedisConfig$$EnhancerBySpringCGLIB$$9d13aa8] is not eligible for getting processed by all BeanPostProcessors (for example: not eligible for auto-proxying)
2021-05-07 15:57:43.299 [main] INFO  o.s.boot.web.embedded.tomcat.TomcatWebServer - Tomcat initialized with port(s): 8080 (http)
2021-05-07 15:57:43.308 [main] INFO  org.apache.coyote.http11.Http11NioProtocol - Initializing ProtocolHandler ["http-nio-8080"]
2021-05-07 15:57:43.308 [main] INFO  org.apache.catalina.core.StandardService - Starting service [Tomcat]
2021-05-07 15:57:43.308 [main] INFO  org.apache.catalina.core.StandardEngine - Starting Servlet engine: [Apache Tomcat/9.0.45]
2021-05-07 15:57:43.379 [main] INFO  o.a.c.core.ContainerBase.[Tomcat].[localhost].[/] - Initializing Spring embedded WebApplicationContext
2021-05-07 15:57:43.379 [main] INFO  o.s.b.w.s.c.ServletWebServerApplicationContext - Root WebApplicationContext: initialization completed in 1109 ms
2021-05-07 15:57:44.229 [main] INFO  o.s.scheduling.concurrent.ThreadPoolTaskExecutor - Initializing ExecutorService 'applicationTaskExecutor'
2021-05-07 15:57:44.420 [main] INFO  org.apache.coyote.http11.Http11NioProtocol - Starting ProtocolHandler ["http-nio-8080"]
2021-05-07 15:57:44.435 [main] INFO  o.s.boot.web.embedded.tomcat.TomcatWebServer - Tomcat started on port(s): 8080 (http) with context path ''
2021-05-07 15:57:44.443 [main] INFO  com.carcassonne.gameserver.GameserverApplication - Started GameserverApplication in 2.601 seconds (JVM running for 3.247)
2021-05-07 15:58:16.811 [http-nio-8080-exec-2] INFO  o.a.c.core.ContainerBase.[Tomcat].[localhost].[/] - Initializing Spring DispatcherServlet 'dispatcherServlet'
2021-05-07 15:58:16.812 [http-nio-8080-exec-2] INFO  org.springframework.web.servlet.DispatcherServlet - Initializing Servlet 'dispatcherServlet'
2021-05-07 15:58:16.812 [http-nio-8080-exec-2] INFO  org.springframework.web.servlet.DispatcherServlet - Completed initialization in 0 ms
2021-05-07 15:58:16.835 [http-nio-8080-exec-2] INFO  c.c.gameserver.controller.OfflineController - /offline/userLogin api start  ======> requestBody:{"password":"111","accountNum":"1072876025@qq.com"}
2021-05-07 15:58:46.503 [main] INFO  com.carcassonne.gameserver.GameserverApplication - Starting GameserverApplication using Java 11.0.6 on DESKTOP-JMIJ95C with PID 11304 (F:\0My_Data\软件工程实践\test\Carcassonne-Game-Server\target\classes started by chen in F:\0My_Data\软件工程实践\test\Carcassonne-Game-Server)
2021-05-07 15:58:46.503 [main] INFO  com.carcassonne.gameserver.GameserverApplication - No active profile set, falling back to default profiles: default
2021-05-07 15:58:46.894 [main] INFO  o.s.d.r.config.RepositoryConfigurationDelegate - Multiple Spring Data modules found, entering strict repository configuration mode!
2021-05-07 15:58:46.894 [main] INFO  o.s.d.r.config.RepositoryConfigurationDelegate - Bootstrapping Spring Data Redis repositories in DEFAULT mode.
2021-05-07 15:58:46.909 [main] INFO  o.s.d.r.config.RepositoryConfigurationDelegate - Finished Spring Data repository scanning in 8 ms. Found 0 Redis repository interfaces.
2021-05-07 15:58:47.019 [main] INFO  o.s.c.s.PostProcessorRegistrationDelegate$BeanPostProcessorChecker - Bean 'redisConfig' of type [com.carcassonne.gameserver.configuration.RedisConfig$$EnhancerBySpringCGLIB$$97b918b9] is not eligible for getting processed by all BeanPostProcessors (for example: not eligible for auto-proxying)
2021-05-07 15:58:47.160 [main] INFO  o.s.boot.web.embedded.tomcat.TomcatWebServer - Tomcat initialized with port(s): 8080 (http)
2021-05-07 15:58:47.175 [main] INFO  org.apache.coyote.http11.Http11NioProtocol - Initializing ProtocolHandler ["http-nio-8080"]
2021-05-07 15:58:47.175 [main] INFO  org.apache.catalina.core.StandardService - Starting service [Tomcat]
2021-05-07 15:58:47.175 [main] INFO  org.apache.catalina.core.StandardEngine - Starting Servlet engine: [Apache Tomcat/9.0.45]
2021-05-07 15:58:47.238 [main] INFO  o.a.c.core.ContainerBase.[Tomcat].[localhost].[/] - Initializing Spring embedded WebApplicationContext
2021-05-07 15:58:47.238 [main] INFO  o.s.b.w.s.c.ServletWebServerApplicationContext - Root WebApplicationContext: initialization completed in 704 ms
2021-05-07 15:58:47.656 [main] INFO  o.s.scheduling.concurrent.ThreadPoolTaskExecutor - Initializing ExecutorService 'applicationTaskExecutor'
2021-05-07 15:58:47.818 [main] INFO  org.apache.coyote.http11.Http11NioProtocol - Starting ProtocolHandler ["http-nio-8080"]
2021-05-07 15:58:47.818 [main] INFO  o.s.boot.web.embedded.tomcat.TomcatWebServer - Tomcat started on port(s): 8080 (http) with context path ''
2021-05-07 15:58:47.833 [main] INFO  com.carcassonne.gameserver.GameserverApplication - Started GameserverApplication in 1.605 seconds (JVM running for 2.028)
2021-05-07 15:58:50.547 [http-nio-8080-exec-2] INFO  o.a.c.core.ContainerBase.[Tomcat].[localhost].[/] - Initializing Spring DispatcherServlet 'dispatcherServlet'
2021-05-07 15:58:50.548 [http-nio-8080-exec-2] INFO  org.springframework.web.servlet.DispatcherServlet - Initializing Servlet 'dispatcherServlet'
2021-05-07 15:58:50.549 [http-nio-8080-exec-2] INFO  org.springframework.web.servlet.DispatcherServlet - Completed initialization in 1 ms
2021-05-07 15:58:50.566 [http-nio-8080-exec-2] INFO  c.c.gameserver.controller.OfflineController - /offline/userLogin api start  ======> requestBody:{"password":"111","accountNum":"1072876025@qq.com"}
2021-05-07 15:58:50.591 [http-nio-8080-exec-2] INFO  c.c.gameserver.controller.OfflineController - /offline/userLogin api end with 200 ,  The user does not exist, Login failure
2021-05-07 16:01:12.052 [main] INFO  com.carcassonne.gameserver.GameserverApplication - Starting GameserverApplication using Java 11.0.6 on DESKTOP-JMIJ95C with PID 11812 (F:\0My_Data\软件工程实践\test\Carcassonne-Game-Server\target\classes started by chen in F:\0My_Data\软件工程实践\test\Carcassonne-Game-Server)
2021-05-07 16:01:12.054 [main] INFO  com.carcassonne.gameserver.GameserverApplication - No active profile set, falling back to default profiles: default
2021-05-07 16:01:12.445 [main] INFO  o.s.d.r.config.RepositoryConfigurationDelegate - Multiple Spring Data modules found, entering strict repository configuration mode!
2021-05-07 16:01:12.446 [main] INFO  o.s.d.r.config.RepositoryConfigurationDelegate - Bootstrapping Spring Data Redis repositories in DEFAULT mode.
2021-05-07 16:01:12.461 [main] INFO  o.s.d.r.config.RepositoryConfigurationDelegate - Finished Spring Data repository scanning in 8 ms. Found 0 Redis repository interfaces.
2021-05-07 16:01:12.585 [main] INFO  o.s.c.s.PostProcessorRegistrationDelegate$BeanPostProcessorChecker - Bean 'redisConfig' of type [com.carcassonne.gameserver.configuration.RedisConfig$$EnhancerBySpringCGLIB$$964fb5a2] is not eligible for getting processed by all BeanPostProcessors (for example: not eligible for auto-proxying)
2021-05-07 16:01:12.726 [main] INFO  o.s.boot.web.embedded.tomcat.TomcatWebServer - Tomcat initialized with port(s): 8080 (http)
2021-05-07 16:01:12.731 [main] INFO  org.apache.coyote.http11.Http11NioProtocol - Initializing ProtocolHandler ["http-nio-8080"]
2021-05-07 16:01:12.731 [main] INFO  org.apache.catalina.core.StandardService - Starting service [Tomcat]
2021-05-07 16:01:12.731 [main] INFO  org.apache.catalina.core.StandardEngine - Starting Servlet engine: [Apache Tomcat/9.0.45]
2021-05-07 16:01:12.798 [main] INFO  o.a.c.core.ContainerBase.[Tomcat].[localhost].[/] - Initializing Spring embedded WebApplicationContext
2021-05-07 16:01:12.798 [main] INFO  o.s.b.w.s.c.ServletWebServerApplicationContext - Root WebApplicationContext: initialization completed in 719 ms
2021-05-07 16:01:13.228 [main] INFO  o.s.scheduling.concurrent.ThreadPoolTaskExecutor - Initializing ExecutorService 'applicationTaskExecutor'
2021-05-07 16:01:13.380 [main] INFO  org.apache.coyote.http11.Http11NioProtocol - Starting ProtocolHandler ["http-nio-8080"]
2021-05-07 16:01:13.392 [main] INFO  o.s.boot.web.embedded.tomcat.TomcatWebServer - Tomcat started on port(s): 8080 (http) with context path ''
2021-05-07 16:01:13.399 [main] INFO  com.carcassonne.gameserver.GameserverApplication - Started GameserverApplication in 1.629 seconds (JVM running for 2.062)
2021-05-07 16:01:16.221 [http-nio-8080-exec-2] INFO  o.a.c.core.ContainerBase.[Tomcat].[localhost].[/] - Initializing Spring DispatcherServlet 'dispatcherServlet'
2021-05-07 16:01:16.221 [http-nio-8080-exec-2] INFO  org.springframework.web.servlet.DispatcherServlet - Initializing Servlet 'dispatcherServlet'
2021-05-07 16:01:16.222 [http-nio-8080-exec-2] INFO  org.springframework.web.servlet.DispatcherServlet - Completed initialization in 0 ms
2021-05-07 16:01:16.239 [http-nio-8080-exec-2] INFO  c.c.gameserver.controller.OfflineController - /offline/userLogin api start  ======> requestBody:{"password":"111","accountNum":"1072876025@qq.com"}
2021-05-07 16:01:16.276 [http-nio-8080-exec-2] INFO  com.zaxxer.hikari.HikariDataSource - test - Starting...
2021-05-07 16:01:16.808 [http-nio-8080-exec-2] INFO  com.zaxxer.hikari.HikariDataSource - test - Start completed.
2021-05-07 16:02:00.319 [http-nio-8080-exec-3] INFO  c.c.gameserver.controller.OfflineController - /offline/userLogin api start  ======> requestBody:{"password":"111","accountNum":"1072876025@qq.com"}
2021-05-07 16:02:00.398 [http-nio-8080-exec-3] INFO  c.c.gameserver.controller.OfflineController - /offline/userLogin api end with 200 , User{id=4, accountNum='1072876025@qq.com', password='111', sex='男', level='0', nickname='cmy', headPictureURL='xxx.xxx'} Login successfully 
2021-05-07 16:05:02.420 [main] INFO  com.carcassonne.gameserver.GameserverApplication - Starting GameserverApplication using Java 11.0.6 on DESKTOP-JMIJ95C with PID 16196 (F:\0My_Data\软件工程实践\test\Carcassonne-Game-Server\target\classes started by chen in F:\0My_Data\软件工程实践\test\Carcassonne-Game-Server)
2021-05-07 16:05:02.422 [main] INFO  com.carcassonne.gameserver.GameserverApplication - No active profile set, falling back to default profiles: default
2021-05-07 16:05:02.803 [main] INFO  o.s.d.r.config.RepositoryConfigurationDelegate - Multiple Spring Data modules found, entering strict repository configuration mode!
2021-05-07 16:05:02.805 [main] INFO  o.s.d.r.config.RepositoryConfigurationDelegate - Bootstrapping Spring Data Redis repositories in DEFAULT mode.
2021-05-07 16:05:02.820 [main] INFO  o.s.d.r.config.RepositoryConfigurationDelegate - Finished Spring Data repository scanning in 8 ms. Found 0 Redis repository interfaces.
2021-05-07 16:05:02.943 [main] INFO  o.s.c.s.PostProcessorRegistrationDelegate$BeanPostProcessorChecker - Bean 'redisConfig' of type [com.carcassonne.gameserver.configuration.RedisConfig$$EnhancerBySpringCGLIB$$7dbba542] is not eligible for getting processed by all BeanPostProcessors (for example: not eligible for auto-proxying)
2021-05-07 16:05:03.087 [main] INFO  o.s.boot.web.embedded.tomcat.TomcatWebServer - Tomcat initialized with port(s): 8080 (http)
2021-05-07 16:05:03.092 [main] INFO  org.apache.coyote.http11.Http11NioProtocol - Initializing ProtocolHandler ["http-nio-8080"]
2021-05-07 16:05:03.092 [main] INFO  org.apache.catalina.core.StandardService - Starting service [Tomcat]
2021-05-07 16:05:03.092 [main] INFO  org.apache.catalina.core.StandardEngine - Starting Servlet engine: [Apache Tomcat/9.0.45]
2021-05-07 16:05:03.159 [main] INFO  o.a.c.core.ContainerBase.[Tomcat].[localhost].[/] - Initializing Spring embedded WebApplicationContext
2021-05-07 16:05:03.159 [main] INFO  o.s.b.w.s.c.ServletWebServerApplicationContext - Root WebApplicationContext: initialization completed in 711 ms
2021-05-07 16:05:03.576 [main] INFO  o.s.scheduling.concurrent.ThreadPoolTaskExecutor - Initializing ExecutorService 'applicationTaskExecutor'
2021-05-07 16:05:03.731 [main] INFO  org.apache.coyote.http11.Http11NioProtocol - Starting ProtocolHandler ["http-nio-8080"]
2021-05-07 16:05:03.743 [main] INFO  o.s.boot.web.embedded.tomcat.TomcatWebServer - Tomcat started on port(s): 8080 (http) with context path ''
2021-05-07 16:05:03.750 [main] INFO  com.carcassonne.gameserver.GameserverApplication - Started GameserverApplication in 1.613 seconds (JVM running for 2.065)
2021-05-07 16:05:06.302 [http-nio-8080-exec-2] INFO  o.a.c.core.ContainerBase.[Tomcat].[localhost].[/] - Initializing Spring DispatcherServlet 'dispatcherServlet'
2021-05-07 16:05:06.303 [http-nio-8080-exec-2] INFO  org.springframework.web.servlet.DispatcherServlet - Initializing Servlet 'dispatcherServlet'
2021-05-07 16:05:06.303 [http-nio-8080-exec-2] INFO  org.springframework.web.servlet.DispatcherServlet - Completed initialization in 0 ms
2021-05-07 16:05:06.320 [http-nio-8080-exec-2] INFO  c.c.gameserver.controller.OfflineController - /offline/userLogin api start  ======> requestBody:{"password":"111","accountNum":"1072876025@qq.com"}
2021-05-07 16:05:06.355 [http-nio-8080-exec-2] INFO  com.zaxxer.hikari.HikariDataSource - test - Starting...
2021-05-07 16:05:06.791 [http-nio-8080-exec-2] INFO  com.zaxxer.hikari.HikariDataSource - test - Start completed.
2021-05-07 16:05:06.876 [http-nio-8080-exec-2] INFO  c.c.gameserver.controller.OfflineController - /offline/userLogin api end with 200 , User{id=4, accountNum='1072876025@qq.com', password='111', sex='男', level='0', nickname='cmy', headPictureURL='xxx.xxx'} Login successfully 
2021-05-07 16:06:28.396 [http-nio-8080-exec-5] INFO  c.c.gameserver.controller.OfflineController - /offline/userLogin api start  ======> requestBody:{"password":"11","accountNum":"1072876025@qq.com"}
2021-05-07 16:06:28.430 [http-nio-8080-exec-5] INFO  c.c.gameserver.controller.OfflineController - /offline/userLogin api end with 200 ,  Wrong password , Login failure
2021-05-07 16:09:13.083 [main] INFO  com.carcassonne.gameserver.GameserverApplication - Starting GameserverApplication using Java 11.0.6 on DESKTOP-JMIJ95C with PID 8664 (F:\0My_Data\软件工程实践\test\Carcassonne-Game-Server\target\classes started by chen in F:\0My_Data\软件工程实践\test\Carcassonne-Game-Server)
2021-05-07 16:09:13.084 [main] INFO  com.carcassonne.gameserver.GameserverApplication - No active profile set, falling back to default profiles: default
2021-05-07 16:09:13.456 [main] INFO  o.s.d.r.config.RepositoryConfigurationDelegate - Multiple Spring Data modules found, entering strict repository configuration mode!
2021-05-07 16:09:13.457 [main] INFO  o.s.d.r.config.RepositoryConfigurationDelegate - Bootstrapping Spring Data Redis repositories in DEFAULT mode.
2021-05-07 16:09:13.473 [main] INFO  o.s.d.r.config.RepositoryConfigurationDelegate - Finished Spring Data repository scanning in 9 ms. Found 0 Redis repository interfaces.
2021-05-07 16:09:13.604 [main] INFO  o.s.c.s.PostProcessorRegistrationDelegate$BeanPostProcessorChecker - Bean 'redisConfig' of type [com.carcassonne.gameserver.configuration.RedisConfig$$EnhancerBySpringCGLIB$$8c029304] is not eligible for getting processed by all BeanPostProcessors (for example: not eligible for auto-proxying)
2021-05-07 16:09:13.750 [main] INFO  o.s.boot.web.embedded.tomcat.TomcatWebServer - Tomcat initialized with port(s): 8080 (http)
2021-05-07 16:09:13.755 [main] INFO  org.apache.coyote.http11.Http11NioProtocol - Initializing ProtocolHandler ["http-nio-8080"]
2021-05-07 16:09:13.755 [main] INFO  org.apache.catalina.core.StandardService - Starting service [Tomcat]
2021-05-07 16:09:13.756 [main] INFO  org.apache.catalina.core.StandardEngine - Starting Servlet engine: [Apache Tomcat/9.0.45]
2021-05-07 16:09:13.835 [main] INFO  o.a.c.core.ContainerBase.[Tomcat].[localhost].[/] - Initializing Spring embedded WebApplicationContext
2021-05-07 16:09:13.835 [main] INFO  o.s.b.w.s.c.ServletWebServerApplicationContext - Root WebApplicationContext: initialization completed in 724 ms
2021-05-07 16:09:14.257 [main] INFO  o.s.scheduling.concurrent.ThreadPoolTaskExecutor - Initializing ExecutorService 'applicationTaskExecutor'
2021-05-07 16:09:14.407 [main] INFO  org.apache.coyote.http11.Http11NioProtocol - Starting ProtocolHandler ["http-nio-8080"]
2021-05-07 16:09:14.418 [main] INFO  o.s.boot.web.embedded.tomcat.TomcatWebServer - Tomcat started on port(s): 8080 (http) with context path ''
2021-05-07 16:09:14.426 [main] INFO  com.carcassonne.gameserver.GameserverApplication - Started GameserverApplication in 1.621 seconds (JVM running for 2.053)
2021-05-07 16:09:16.605 [http-nio-8080-exec-2] INFO  o.a.c.core.ContainerBase.[Tomcat].[localhost].[/] - Initializing Spring DispatcherServlet 'dispatcherServlet'
2021-05-07 16:09:16.605 [http-nio-8080-exec-2] INFO  org.springframework.web.servlet.DispatcherServlet - Initializing Servlet 'dispatcherServlet'
2021-05-07 16:09:16.606 [http-nio-8080-exec-2] INFO  org.springframework.web.servlet.DispatcherServlet - Completed initialization in 1 ms
2021-05-07 16:09:16.623 [http-nio-8080-exec-2] INFO  c.c.gameserver.controller.OfflineController - /offline/userLogin api start  ======> requestBody:{"password":"11","accountNum":"1072876025@qq.com"}
2021-05-07 16:09:16.658 [http-nio-8080-exec-2] INFO  com.zaxxer.hikari.HikariDataSource - test - Starting...
2021-05-07 16:09:17.081 [http-nio-8080-exec-2] INFO  com.zaxxer.hikari.HikariDataSource - test - Start completed.
2021-05-07 16:09:17.118 [http-nio-8080-exec-2] INFO  c.c.gameserver.controller.OfflineController - /offline/userLogin api end with 200 ,  Wrong password , Login failure
2021-05-07 16:09:40.295 [http-nio-8080-exec-3] INFO  c.c.gameserver.controller.OfflineController - /offline/userLogin api start  ======> requestBody:{"password":"11","accountNum":"107286025@qq.com"}
2021-05-07 16:09:40.325 [http-nio-8080-exec-3] INFO  c.c.gameserver.controller.OfflineController - /offline/userLogin api end with 200 ,  The user does not exist, Login failure
2021-05-07 16:10:35.051 [http-nio-8080-exec-4] INFO  c.c.gameserver.controller.OfflineController - start /offline/userRegister controller  ======> requestBody:{"password":"111","accountNum":"1072876026@qq.com","sex":"男","nickname":"gcy","headPictureURL":"xxx.xxx"}
2021-05-07 16:10:35.113 [http-nio-8080-exec-4] INFO  c.c.gameserver.controller.OfflineController - /offline/userRegister api end with 200 , User{id=null, accountNum='1072876026@qq.com', password='111', sex='男', level='0', nickname='gcy', headPictureURL='xxx.xxx'} registered successfully 
2021-05-07 16:11:42.475 [main] INFO  com.carcassonne.gameserver.GameserverApplication - Starting GameserverApplication using Java 11.0.6 on DESKTOP-JMIJ95C with PID 5928 (F:\0My_Data\软件工程实践\test\Carcassonne-Game-Server\target\classes started by chen in F:\0My_Data\软件工程实践\test\Carcassonne-Game-Server)
2021-05-07 16:11:42.476 [main] INFO  com.carcassonne.gameserver.GameserverApplication - No active profile set, falling back to default profiles: default
2021-05-07 16:11:42.861 [main] INFO  o.s.d.r.config.RepositoryConfigurationDelegate - Multiple Spring Data modules found, entering strict repository configuration mode!
2021-05-07 16:11:42.862 [main] INFO  o.s.d.r.config.RepositoryConfigurationDelegate - Bootstrapping Spring Data Redis repositories in DEFAULT mode.
2021-05-07 16:11:42.877 [main] INFO  o.s.d.r.config.RepositoryConfigurationDelegate - Finished Spring Data repository scanning in 8 ms. Found 0 Redis repository interfaces.
2021-05-07 16:11:42.998 [main] INFO  o.s.c.s.PostProcessorRegistrationDelegate$BeanPostProcessorChecker - Bean 'redisConfig' of type [com.carcassonne.gameserver.configuration.RedisConfig$$EnhancerBySpringCGLIB$$94fe98d0] is not eligible for getting processed by all BeanPostProcessors (for example: not eligible for auto-proxying)
2021-05-07 16:11:43.134 [main] INFO  o.s.boot.web.embedded.tomcat.TomcatWebServer - Tomcat initialized with port(s): 8080 (http)
2021-05-07 16:11:43.138 [main] INFO  org.apache.coyote.http11.Http11NioProtocol - Initializing ProtocolHandler ["http-nio-8080"]
2021-05-07 16:11:43.138 [main] INFO  org.apache.catalina.core.StandardService - Starting service [Tomcat]
2021-05-07 16:11:43.139 [main] INFO  org.apache.catalina.core.StandardEngine - Starting Servlet engine: [Apache Tomcat/9.0.45]
2021-05-07 16:11:43.206 [main] INFO  o.a.c.core.ContainerBase.[Tomcat].[localhost].[/] - Initializing Spring embedded WebApplicationContext
2021-05-07 16:11:43.206 [main] INFO  o.s.b.w.s.c.ServletWebServerApplicationContext - Root WebApplicationContext: initialization completed in 702 ms
2021-05-07 16:11:43.635 [main] INFO  o.s.scheduling.concurrent.ThreadPoolTaskExecutor - Initializing ExecutorService 'applicationTaskExecutor'
2021-05-07 16:11:43.782 [main] INFO  org.apache.coyote.http11.Http11NioProtocol - Starting ProtocolHandler ["http-nio-8080"]
2021-05-07 16:11:43.793 [main] INFO  o.s.boot.web.embedded.tomcat.TomcatWebServer - Tomcat started on port(s): 8080 (http) with context path ''
2021-05-07 16:11:43.801 [main] INFO  com.carcassonne.gameserver.GameserverApplication - Started GameserverApplication in 1.61 seconds (JVM running for 2.043)
2021-05-07 16:19:38.013 [main] INFO  com.carcassonne.gameserver.GameserverApplication - Starting GameserverApplication using Java 11.0.6 on DESKTOP-JMIJ95C with PID 19524 (F:\0My_Data\软件工程实践\test\Carcassonne-Game-Server\target\classes started by chen in F:\0My_Data\软件工程实践\test\Carcassonne-Game-Server)
2021-05-07 16:19:38.015 [main] INFO  com.carcassonne.gameserver.GameserverApplication - No active profile set, falling back to default profiles: default
2021-05-07 16:19:38.408 [main] INFO  o.s.d.r.config.RepositoryConfigurationDelegate - Multiple Spring Data modules found, entering strict repository configuration mode!
2021-05-07 16:19:38.409 [main] INFO  o.s.d.r.config.RepositoryConfigurationDelegate - Bootstrapping Spring Data Redis repositories in DEFAULT mode.
2021-05-07 16:19:38.425 [main] INFO  o.s.d.r.config.RepositoryConfigurationDelegate - Finished Spring Data repository scanning in 8 ms. Found 0 Redis repository interfaces.
2021-05-07 16:19:38.547 [main] INFO  o.s.c.s.PostProcessorRegistrationDelegate$BeanPostProcessorChecker - Bean 'redisConfig' of type [com.carcassonne.gameserver.configuration.RedisConfig$$EnhancerBySpringCGLIB$$438ca8e8] is not eligible for getting processed by all BeanPostProcessors (for example: not eligible for auto-proxying)
2021-05-07 16:19:38.690 [main] INFO  o.s.boot.web.embedded.tomcat.TomcatWebServer - Tomcat initialized with port(s): 8080 (http)
2021-05-07 16:19:38.695 [main] INFO  org.apache.coyote.http11.Http11NioProtocol - Initializing ProtocolHandler ["http-nio-8080"]
2021-05-07 16:19:38.695 [main] INFO  org.apache.catalina.core.StandardService - Starting service [Tomcat]
2021-05-07 16:19:38.695 [main] INFO  org.apache.catalina.core.StandardEngine - Starting Servlet engine: [Apache Tomcat/9.0.45]
2021-05-07 16:19:38.764 [main] INFO  o.a.c.core.ContainerBase.[Tomcat].[localhost].[/] - Initializing Spring embedded WebApplicationContext
2021-05-07 16:19:38.765 [main] INFO  o.s.b.w.s.c.ServletWebServerApplicationContext - Root WebApplicationContext: initialization completed in 724 ms
2021-05-07 16:19:39.201 [main] INFO  o.s.scheduling.concurrent.ThreadPoolTaskExecutor - Initializing ExecutorService 'applicationTaskExecutor'
2021-05-07 16:19:39.351 [main] INFO  org.apache.coyote.http11.Http11NioProtocol - Starting ProtocolHandler ["http-nio-8080"]
2021-05-07 16:19:39.362 [main] INFO  o.s.boot.web.embedded.tomcat.TomcatWebServer - Tomcat started on port(s): 8080 (http) with context path ''
2021-05-07 16:19:39.370 [main] INFO  com.carcassonne.gameserver.GameserverApplication - Started GameserverApplication in 1.659 seconds (JVM running for 2.106)
2021-05-07 16:19:45.068 [http-nio-8080-exec-1] INFO  o.a.c.core.ContainerBase.[Tomcat].[localhost].[/] - Initializing Spring DispatcherServlet 'dispatcherServlet'
2021-05-07 16:19:45.068 [http-nio-8080-exec-1] INFO  org.springframework.web.servlet.DispatcherServlet - Initializing Servlet 'dispatcherServlet'
2021-05-07 16:19:45.069 [http-nio-8080-exec-1] INFO  org.springframework.web.servlet.DispatcherServlet - Completed initialization in 1 ms
2021-05-07 16:19:45.086 [http-nio-8080-exec-1] INFO  c.c.gameserver.controller.OfflineController - start /offline/userRegister controller  ======> requestBody:{"password":"111","accountNum":"1072876025@qq.com","sex":"男","nickname":"cmy","headPictureURL":"xxx.xxx"}
2021-05-07 16:19:45.121 [http-nio-8080-exec-1] INFO  com.zaxxer.hikari.HikariDataSource - test - Starting...
2021-05-07 16:19:45.619 [http-nio-8080-exec-1] INFO  com.zaxxer.hikari.HikariDataSource - test - Start completed.
2021-05-07 16:19:45.666 [http-nio-8080-exec-1] INFO  c.c.gameserver.controller.OfflineController - /offline/userRegister api end with 200 ,The account already exists, registration failed!
2021-05-07 16:40:22.880 [main] INFO  com.carcassonne.gameserver.GameserverApplication - Starting GameserverApplication using Java 11.0.6 on DESKTOP-JMIJ95C with PID 12948 (F:\0My_Data\软件工程实践\test\Carcassonne-Game-Server\target\classes started by chen in F:\0My_Data\软件工程实践\test\Carcassonne-Game-Server)
2021-05-07 16:40:22.882 [main] INFO  com.carcassonne.gameserver.GameserverApplication - No active profile set, falling back to default profiles: default
2021-05-07 16:40:23.263 [main] INFO  o.s.d.r.config.RepositoryConfigurationDelegate - Multiple Spring Data modules found, entering strict repository configuration mode!
2021-05-07 16:40:23.264 [main] INFO  o.s.d.r.config.RepositoryConfigurationDelegate - Bootstrapping Spring Data Redis repositories in DEFAULT mode.
2021-05-07 16:40:23.281 [main] INFO  o.s.d.r.config.RepositoryConfigurationDelegate - Finished Spring Data repository scanning in 9 ms. Found 0 Redis repository interfaces.
2021-05-07 16:40:23.405 [main] INFO  o.s.c.s.PostProcessorRegistrationDelegate$BeanPostProcessorChecker - Bean 'redisConfig' of type [com.carcassonne.gameserver.configuration.RedisConfig$$EnhancerBySpringCGLIB$$867f73f2] is not eligible for getting processed by all BeanPostProcessors (for example: not eligible for auto-proxying)
2021-05-07 16:40:23.547 [main] INFO  o.s.boot.web.embedded.tomcat.TomcatWebServer - Tomcat initialized with port(s): 8080 (http)
2021-05-07 16:40:23.552 [main] INFO  org.apache.coyote.http11.Http11NioProtocol - Initializing ProtocolHandler ["http-nio-8080"]
2021-05-07 16:40:23.552 [main] INFO  org.apache.catalina.core.StandardService - Starting service [Tomcat]
2021-05-07 16:40:23.552 [main] INFO  org.apache.catalina.core.StandardEngine - Starting Servlet engine: [Apache Tomcat/9.0.45]
2021-05-07 16:40:23.622 [main] INFO  o.a.c.core.ContainerBase.[Tomcat].[localhost].[/] - Initializing Spring embedded WebApplicationContext
2021-05-07 16:40:23.622 [main] INFO  o.s.b.w.s.c.ServletWebServerApplicationContext - Root WebApplicationContext: initialization completed in 716 ms
2021-05-07 16:40:24.065 [main] INFO  o.s.scheduling.concurrent.ThreadPoolTaskExecutor - Initializing ExecutorService 'applicationTaskExecutor'
2021-05-07 16:40:24.231 [main] INFO  org.apache.coyote.http11.Http11NioProtocol - Starting ProtocolHandler ["http-nio-8080"]
2021-05-07 16:40:24.244 [main] INFO  o.s.boot.web.embedded.tomcat.TomcatWebServer - Tomcat started on port(s): 8080 (http) with context path ''
2021-05-07 16:40:24.252 [main] INFO  com.carcassonne.gameserver.GameserverApplication - Started GameserverApplication in 1.648 seconds (JVM running for 2.106)
2021-05-07 16:40:35.176 [http-nio-8080-exec-2] INFO  o.a.c.core.ContainerBase.[Tomcat].[localhost].[/] - Initializing Spring DispatcherServlet 'dispatcherServlet'
2021-05-07 16:40:35.177 [http-nio-8080-exec-2] INFO  org.springframework.web.servlet.DispatcherServlet - Initializing Servlet 'dispatcherServlet'
2021-05-07 16:40:35.177 [http-nio-8080-exec-2] INFO  org.springframework.web.servlet.DispatcherServlet - Completed initialization in 0 ms
2021-05-07 16:40:35.195 [http-nio-8080-exec-2] INFO  c.c.gameserver.controller.OfflineController - /offline/userLogin api start  ======> requestBody:{"password":"11","accountNum":"107286025@qq.com"}
2021-05-07 16:40:35.230 [http-nio-8080-exec-2] INFO  com.zaxxer.hikari.HikariDataSource - test - Starting...
2021-05-07 16:40:35.694 [http-nio-8080-exec-2] INFO  com.zaxxer.hikari.HikariDataSource - test - Start completed.
2021-05-07 16:40:35.736 [http-nio-8080-exec-2] INFO  c.c.gameserver.controller.OfflineController - /offline/userLogin api end with 200 ,  The user does not exist, Login failure
2021-05-07 16:40:45.093 [http-nio-8080-exec-3] INFO  c.c.gameserver.controller.OfflineController - /offline/userLogin api start  ======> requestBody:{"password":"11","accountNum":"1072876025@qq.com"}
2021-05-07 16:40:45.135 [http-nio-8080-exec-3] INFO  c.c.gameserver.controller.OfflineController - /offline/userLogin api end with 200 ,  Wrong password , Login failure
2021-05-07 16:40:47.805 [http-nio-8080-exec-4] INFO  c.c.gameserver.controller.OfflineController - /offline/userLogin api start  ======> requestBody:{"password":"111","accountNum":"1072876025@qq.com"}
2021-05-07 16:40:48.145 [http-nio-8080-exec-4] INFO  c.c.gameserver.controller.OfflineController - /offline/userLogin api end with 200 , User{id=4, accountNum='1072876025@qq.com', password='111', sex='男', level='0', nickname='cmy', headPictureURL='xxx.xxx'} Login successfully 
2021-05-07 16:50:37.914 [main] INFO  com.carcassonne.gameserver.GameserverApplication - Starting GameserverApplication using Java 11.0.6 on DESKTOP-JMIJ95C with PID 14524 (F:\0My_Data\软件工程实践\test\Carcassonne-Game-Server\target\classes started by chen in F:\0My_Data\软件工程实践\test\Carcassonne-Game-Server)
2021-05-07 16:50:37.916 [main] INFO  com.carcassonne.gameserver.GameserverApplication - No active profile set, falling back to default profiles: default
2021-05-07 16:50:38.326 [main] INFO  o.s.d.r.config.RepositoryConfigurationDelegate - Multiple Spring Data modules found, entering strict repository configuration mode!
2021-05-07 16:50:38.327 [main] INFO  o.s.d.r.config.RepositoryConfigurationDelegate - Bootstrapping Spring Data Redis repositories in DEFAULT mode.
2021-05-07 16:50:38.343 [main] INFO  o.s.d.r.config.RepositoryConfigurationDelegate - Finished Spring Data repository scanning in 8 ms. Found 0 Redis repository interfaces.
2021-05-07 16:50:38.464 [main] INFO  o.s.c.s.PostProcessorRegistrationDelegate$BeanPostProcessorChecker - Bean 'redisConfig' of type [com.carcassonne.gameserver.configuration.RedisConfig$$EnhancerBySpringCGLIB$$b02783f1] is not eligible for getting processed by all BeanPostProcessors (for example: not eligible for auto-proxying)
2021-05-07 16:50:38.619 [main] INFO  o.s.boot.web.embedded.tomcat.TomcatWebServer - Tomcat initialized with port(s): 8080 (http)
2021-05-07 16:50:38.624 [main] INFO  org.apache.coyote.http11.Http11NioProtocol - Initializing ProtocolHandler ["http-nio-8080"]
2021-05-07 16:50:38.625 [main] INFO  org.apache.catalina.core.StandardService - Starting service [Tomcat]
2021-05-07 16:50:38.625 [main] INFO  org.apache.catalina.core.StandardEngine - Starting Servlet engine: [Apache Tomcat/9.0.45]
2021-05-07 16:50:38.691 [main] INFO  o.a.c.core.ContainerBase.[Tomcat].[localhost].[/] - Initializing Spring embedded WebApplicationContext
2021-05-07 16:50:38.691 [main] INFO  o.s.b.w.s.c.ServletWebServerApplicationContext - Root WebApplicationContext: initialization completed in 747 ms
2021-05-07 16:50:39.119 [main] INFO  o.s.scheduling.concurrent.ThreadPoolTaskExecutor - Initializing ExecutorService 'applicationTaskExecutor'
2021-05-07 16:50:39.271 [main] INFO  org.apache.coyote.http11.Http11NioProtocol - Starting ProtocolHandler ["http-nio-8080"]
2021-05-07 16:50:39.283 [main] INFO  o.s.boot.web.embedded.tomcat.TomcatWebServer - Tomcat started on port(s): 8080 (http) with context path ''
2021-05-07 16:50:39.291 [main] INFO  com.carcassonne.gameserver.GameserverApplication - Started GameserverApplication in 1.657 seconds (JVM running for 2.098)
2021-05-07 16:50:40.751 [http-nio-8080-exec-2] INFO  o.a.c.core.ContainerBase.[Tomcat].[localhost].[/] - Initializing Spring DispatcherServlet 'dispatcherServlet'
2021-05-07 16:50:40.752 [http-nio-8080-exec-2] INFO  org.springframework.web.servlet.DispatcherServlet - Initializing Servlet 'dispatcherServlet'
2021-05-07 16:50:40.752 [http-nio-8080-exec-2] INFO  org.springframework.web.servlet.DispatcherServlet - Completed initialization in 0 ms
2021-05-07 16:50:40.770 [http-nio-8080-exec-2] INFO  c.c.gameserver.controller.OfflineController - /offline/userLogin api start  ======> requestBody:{"password":"111","accountNum":"1072876025@qq.com"}
2021-05-07 16:50:40.805 [http-nio-8080-exec-2] INFO  com.zaxxer.hikari.HikariDataSource - test - Starting...
2021-05-07 16:50:41.301 [http-nio-8080-exec-2] INFO  com.zaxxer.hikari.HikariDataSource - test - Start completed.
2021-05-07 16:53:32.947 [main] INFO  com.carcassonne.gameserver.GameserverApplication - Starting GameserverApplication using Java 11.0.6 on DESKTOP-JMIJ95C with PID 2224 (F:\0My_Data\软件工程实践\test\Carcassonne-Game-Server\target\classes started by chen in F:\0My_Data\软件工程实践\test\Carcassonne-Game-Server)
2021-05-07 16:53:32.948 [main] INFO  com.carcassonne.gameserver.GameserverApplication - No active profile set, falling back to default profiles: default
2021-05-07 16:53:33.331 [main] INFO  o.s.d.r.config.RepositoryConfigurationDelegate - Multiple Spring Data modules found, entering strict repository configuration mode!
2021-05-07 16:53:33.332 [main] INFO  o.s.d.r.config.RepositoryConfigurationDelegate - Bootstrapping Spring Data Redis repositories in DEFAULT mode.
2021-05-07 16:53:33.348 [main] INFO  o.s.d.r.config.RepositoryConfigurationDelegate - Finished Spring Data repository scanning in 8 ms. Found 0 Redis repository interfaces.
2021-05-07 16:53:33.466 [main] INFO  o.s.c.s.PostProcessorRegistrationDelegate$BeanPostProcessorChecker - Bean 'redisConfig' of type [com.carcassonne.gameserver.configuration.RedisConfig$$EnhancerBySpringCGLIB$$94fe98d0] is not eligible for getting processed by all BeanPostProcessors (for example: not eligible for auto-proxying)
2021-05-07 16:53:33.608 [main] INFO  o.s.boot.web.embedded.tomcat.TomcatWebServer - Tomcat initialized with port(s): 8080 (http)
2021-05-07 16:53:33.613 [main] INFO  org.apache.coyote.http11.Http11NioProtocol - Initializing ProtocolHandler ["http-nio-8080"]
2021-05-07 16:53:33.613 [main] INFO  org.apache.catalina.core.StandardService - Starting service [Tomcat]
2021-05-07 16:53:33.613 [main] INFO  org.apache.catalina.core.StandardEngine - Starting Servlet engine: [Apache Tomcat/9.0.45]
2021-05-07 16:53:33.682 [main] INFO  o.a.c.core.ContainerBase.[Tomcat].[localhost].[/] - Initializing Spring embedded WebApplicationContext
2021-05-07 16:53:33.682 [main] INFO  o.s.b.w.s.c.ServletWebServerApplicationContext - Root WebApplicationContext: initialization completed in 707 ms
2021-05-07 16:53:34.103 [main] INFO  o.s.scheduling.concurrent.ThreadPoolTaskExecutor - Initializing ExecutorService 'applicationTaskExecutor'
2021-05-07 16:53:34.258 [main] INFO  org.apache.coyote.http11.Http11NioProtocol - Starting ProtocolHandler ["http-nio-8080"]
2021-05-07 16:53:34.270 [main] INFO  o.s.boot.web.embedded.tomcat.TomcatWebServer - Tomcat started on port(s): 8080 (http) with context path ''
2021-05-07 16:53:34.277 [main] INFO  com.carcassonne.gameserver.GameserverApplication - Started GameserverApplication in 1.62 seconds (JVM running for 2.056)
2021-05-07 16:53:38.448 [http-nio-8080-exec-1] INFO  o.a.c.core.ContainerBase.[Tomcat].[localhost].[/] - Initializing Spring DispatcherServlet 'dispatcherServlet'
2021-05-07 16:53:38.448 [http-nio-8080-exec-1] INFO  org.springframework.web.servlet.DispatcherServlet - Initializing Servlet 'dispatcherServlet'
2021-05-07 16:53:38.449 [http-nio-8080-exec-1] INFO  org.springframework.web.servlet.DispatcherServlet - Completed initialization in 1 ms
2021-05-07 16:53:38.466 [http-nio-8080-exec-1] INFO  c.c.gameserver.controller.OfflineController - /offline/userLogin api start  ======> requestBody:{"password":"111","accountNum":"1072876025@qq.com"}
2021-05-07 16:53:38.503 [http-nio-8080-exec-1] INFO  com.zaxxer.hikari.HikariDataSource - test - Starting...
2021-05-07 16:53:38.926 [http-nio-8080-exec-1] INFO  com.zaxxer.hikari.HikariDataSource - test - Start completed.
2021-05-07 16:54:26.953 [http-nio-8080-exec-3] INFO  c.c.gameserver.controller.OfflineController - /offline/userLogin api start  ======> requestBody:{"password":"111","accountNum":"1072876025@qq.com"}
2021-05-07 16:57:42.703 [main] INFO  com.carcassonne.gameserver.GameserverApplication - Starting GameserverApplication using Java 11.0.6 on DESKTOP-JMIJ95C with PID 19448 (F:\0My_Data\软件工程实践\test\Carcassonne-Game-Server\target\classes started by chen in F:\0My_Data\软件工程实践\test\Carcassonne-Game-Server)
2021-05-07 16:57:42.705 [main] INFO  com.carcassonne.gameserver.GameserverApplication - No active profile set, falling back to default profiles: default
2021-05-07 16:57:43.106 [main] INFO  o.s.d.r.config.RepositoryConfigurationDelegate - Multiple Spring Data modules found, entering strict repository configuration mode!
2021-05-07 16:57:43.108 [main] INFO  o.s.d.r.config.RepositoryConfigurationDelegate - Bootstrapping Spring Data Redis repositories in DEFAULT mode.
2021-05-07 16:57:43.123 [main] INFO  o.s.d.r.config.RepositoryConfigurationDelegate - Finished Spring Data repository scanning in 8 ms. Found 0 Redis repository interfaces.
2021-05-07 16:57:43.243 [main] INFO  o.s.c.s.PostProcessorRegistrationDelegate$BeanPostProcessorChecker - Bean 'redisConfig' of type [com.carcassonne.gameserver.configuration.RedisConfig$$EnhancerBySpringCGLIB$$964fb5a2] is not eligible for getting processed by all BeanPostProcessors (for example: not eligible for auto-proxying)
2021-05-07 16:57:43.385 [main] INFO  o.s.boot.web.embedded.tomcat.TomcatWebServer - Tomcat initialized with port(s): 8080 (http)
2021-05-07 16:57:43.390 [main] INFO  org.apache.coyote.http11.Http11NioProtocol - Initializing ProtocolHandler ["http-nio-8080"]
2021-05-07 16:57:43.390 [main] INFO  org.apache.catalina.core.StandardService - Starting service [Tomcat]
2021-05-07 16:57:43.390 [main] INFO  org.apache.catalina.core.StandardEngine - Starting Servlet engine: [Apache Tomcat/9.0.45]
2021-05-07 16:57:43.459 [main] INFO  o.a.c.core.ContainerBase.[Tomcat].[localhost].[/] - Initializing Spring embedded WebApplicationContext
2021-05-07 16:57:43.459 [main] INFO  o.s.b.w.s.c.ServletWebServerApplicationContext - Root WebApplicationContext: initialization completed in 725 ms
2021-05-07 16:57:43.494 [main] INFO  org.apache.catalina.core.StandardService - Stopping service [Tomcat]
2021-05-07 16:57:43.505 [main] INFO  o.s.b.a.l.ConditionEvaluationReportLoggingListener - 

Error starting ApplicationContext. To display the conditions report re-run your application with 'debug' enabled.
2021-05-07 16:58:03.069 [main] INFO  com.carcassonne.gameserver.GameserverApplication - Starting GameserverApplication using Java 11.0.6 on DESKTOP-JMIJ95C with PID 19048 (F:\0My_Data\软件工程实践\test\Carcassonne-Game-Server\target\classes started by chen in F:\0My_Data\软件工程实践\test\Carcassonne-Game-Server)
2021-05-07 16:58:03.071 [main] INFO  com.carcassonne.gameserver.GameserverApplication - No active profile set, falling back to default profiles: default
2021-05-07 16:58:03.455 [main] INFO  o.s.d.r.config.RepositoryConfigurationDelegate - Multiple Spring Data modules found, entering strict repository configuration mode!
2021-05-07 16:58:03.456 [main] INFO  o.s.d.r.config.RepositoryConfigurationDelegate - Bootstrapping Spring Data Redis repositories in DEFAULT mode.
2021-05-07 16:58:03.471 [main] INFO  o.s.d.r.config.RepositoryConfigurationDelegate - Finished Spring Data repository scanning in 8 ms. Found 0 Redis repository interfaces.
2021-05-07 16:58:03.593 [main] INFO  o.s.c.s.PostProcessorRegistrationDelegate$BeanPostProcessorChecker - Bean 'redisConfig' of type [com.carcassonne.gameserver.configuration.RedisConfig$$EnhancerBySpringCGLIB$$e5206bfc] is not eligible for getting processed by all BeanPostProcessors (for example: not eligible for auto-proxying)
2021-05-07 16:58:03.733 [main] INFO  o.s.boot.web.embedded.tomcat.TomcatWebServer - Tomcat initialized with port(s): 8080 (http)
2021-05-07 16:58:03.738 [main] INFO  org.apache.coyote.http11.Http11NioProtocol - Initializing ProtocolHandler ["http-nio-8080"]
2021-05-07 16:58:03.738 [main] INFO  org.apache.catalina.core.StandardService - Starting service [Tomcat]
2021-05-07 16:58:03.738 [main] INFO  org.apache.catalina.core.StandardEngine - Starting Servlet engine: [Apache Tomcat/9.0.45]
2021-05-07 16:58:03.803 [main] INFO  o.a.c.core.ContainerBase.[Tomcat].[localhost].[/] - Initializing Spring embedded WebApplicationContext
2021-05-07 16:58:03.804 [main] INFO  o.s.b.w.s.c.ServletWebServerApplicationContext - Root WebApplicationContext: initialization completed in 708 ms
2021-05-07 16:58:03.836 [main] INFO  org.apache.catalina.core.StandardService - Stopping service [Tomcat]
2021-05-07 16:58:03.847 [main] INFO  o.s.b.a.l.ConditionEvaluationReportLoggingListener - 

Error starting ApplicationContext. To display the conditions report re-run your application with 'debug' enabled.
2021-05-07 16:58:15.821 [main] INFO  com.carcassonne.gameserver.GameserverApplication - Starting GameserverApplication using Java 11.0.6 on DESKTOP-JMIJ95C with PID 9592 (F:\0My_Data\软件工程实践\test\Carcassonne-Game-Server\target\classes started by chen in F:\0My_Data\软件工程实践\test\Carcassonne-Game-Server)
2021-05-07 16:58:15.822 [main] INFO  com.carcassonne.gameserver.GameserverApplication - No active profile set, falling back to default profiles: default
2021-05-07 16:58:16.208 [main] INFO  o.s.d.r.config.RepositoryConfigurationDelegate - Multiple Spring Data modules found, entering strict repository configuration mode!
2021-05-07 16:58:16.209 [main] INFO  o.s.d.r.config.RepositoryConfigurationDelegate - Bootstrapping Spring Data Redis repositories in DEFAULT mode.
2021-05-07 16:58:16.224 [main] INFO  o.s.d.r.config.RepositoryConfigurationDelegate - Finished Spring Data repository scanning in 8 ms. Found 0 Redis repository interfaces.
2021-05-07 16:58:16.345 [main] INFO  o.s.c.s.PostProcessorRegistrationDelegate$BeanPostProcessorChecker - Bean 'redisConfig' of type [com.carcassonne.gameserver.configuration.RedisConfig$$EnhancerBySpringCGLIB$$8c029304] is not eligible for getting processed by all BeanPostProcessors (for example: not eligible for auto-proxying)
2021-05-07 16:58:16.484 [main] INFO  o.s.boot.web.embedded.tomcat.TomcatWebServer - Tomcat initialized with port(s): 8080 (http)
2021-05-07 16:58:16.489 [main] INFO  org.apache.coyote.http11.Http11NioProtocol - Initializing ProtocolHandler ["http-nio-8080"]
2021-05-07 16:58:16.489 [main] INFO  org.apache.catalina.core.StandardService - Starting service [Tomcat]
2021-05-07 16:58:16.489 [main] INFO  org.apache.catalina.core.StandardEngine - Starting Servlet engine: [Apache Tomcat/9.0.45]
2021-05-07 16:58:16.555 [main] INFO  o.a.c.core.ContainerBase.[Tomcat].[localhost].[/] - Initializing Spring embedded WebApplicationContext
2021-05-07 16:58:16.555 [main] INFO  o.s.b.w.s.c.ServletWebServerApplicationContext - Root WebApplicationContext: initialization completed in 705 ms
2021-05-07 16:58:16.588 [main] INFO  org.apache.catalina.core.StandardService - Stopping service [Tomcat]
2021-05-07 16:58:16.598 [main] INFO  o.s.b.a.l.ConditionEvaluationReportLoggingListener - 

Error starting ApplicationContext. To display the conditions report re-run your application with 'debug' enabled.
2021-05-07 16:58:32.375 [main] INFO  com.carcassonne.gameserver.GameserverApplication - Starting GameserverApplication using Java 11.0.6 on DESKTOP-JMIJ95C with PID 19224 (F:\0My_Data\软件工程实践\test\Carcassonne-Game-Server\target\classes started by chen in F:\0My_Data\软件工程实践\test\Carcassonne-Game-Server)
2021-05-07 16:58:32.377 [main] INFO  com.carcassonne.gameserver.GameserverApplication - No active profile set, falling back to default profiles: default
2021-05-07 16:58:32.763 [main] INFO  o.s.d.r.config.RepositoryConfigurationDelegate - Multiple Spring Data modules found, entering strict repository configuration mode!
2021-05-07 16:58:32.764 [main] INFO  o.s.d.r.config.RepositoryConfigurationDelegate - Bootstrapping Spring Data Redis repositories in DEFAULT mode.
2021-05-07 16:58:32.779 [main] INFO  o.s.d.r.config.RepositoryConfigurationDelegate - Finished Spring Data repository scanning in 8 ms. Found 0 Redis repository interfaces.
2021-05-07 16:58:32.901 [main] INFO  o.s.c.s.PostProcessorRegistrationDelegate$BeanPostProcessorChecker - Bean 'redisConfig' of type [com.carcassonne.gameserver.configuration.RedisConfig$$EnhancerBySpringCGLIB$$7dbba542] is not eligible for getting processed by all BeanPostProcessors (for example: not eligible for auto-proxying)
2021-05-07 16:58:33.041 [main] INFO  o.s.boot.web.embedded.tomcat.TomcatWebServer - Tomcat initialized with port(s): 8080 (http)
2021-05-07 16:58:33.045 [main] INFO  org.apache.coyote.http11.Http11NioProtocol - Initializing ProtocolHandler ["http-nio-8080"]
2021-05-07 16:58:33.046 [main] INFO  org.apache.catalina.core.StandardService - Starting service [Tomcat]
2021-05-07 16:58:33.046 [main] INFO  org.apache.catalina.core.StandardEngine - Starting Servlet engine: [Apache Tomcat/9.0.45]
2021-05-07 16:58:33.114 [main] INFO  o.a.c.core.ContainerBase.[Tomcat].[localhost].[/] - Initializing Spring embedded WebApplicationContext
2021-05-07 16:58:33.115 [main] INFO  o.s.b.w.s.c.ServletWebServerApplicationContext - Root WebApplicationContext: initialization completed in 711 ms
2021-05-07 16:58:33.535 [main] INFO  o.s.scheduling.concurrent.ThreadPoolTaskExecutor - Initializing ExecutorService 'applicationTaskExecutor'
2021-05-07 16:58:33.682 [main] INFO  org.apache.coyote.http11.Http11NioProtocol - Starting ProtocolHandler ["http-nio-8080"]
2021-05-07 16:58:33.693 [main] INFO  o.s.boot.web.embedded.tomcat.TomcatWebServer - Tomcat started on port(s): 8080 (http) with context path ''
2021-05-07 16:58:33.701 [main] INFO  com.carcassonne.gameserver.GameserverApplication - Started GameserverApplication in 1.61 seconds (JVM running for 2.038)
2021-05-07 16:58:41.362 [http-nio-8080-exec-2] INFO  o.a.c.core.ContainerBase.[Tomcat].[localhost].[/] - Initializing Spring DispatcherServlet 'dispatcherServlet'
2021-05-07 16:58:41.362 [http-nio-8080-exec-2] INFO  org.springframework.web.servlet.DispatcherServlet - Initializing Servlet 'dispatcherServlet'
2021-05-07 16:58:41.363 [http-nio-8080-exec-2] INFO  org.springframework.web.servlet.DispatcherServlet - Completed initialization in 0 ms
2021-05-07 16:58:41.381 [http-nio-8080-exec-2] INFO  c.c.gameserver.controller.OfflineController - /offline/userLogin api start  ======> requestBody:{"password":"111","accountNum":"1072876025@qq.com"}
2021-05-07 16:58:41.415 [http-nio-8080-exec-2] INFO  com.zaxxer.hikari.HikariDataSource - test - Starting...
2021-05-07 16:58:43.276 [http-nio-8080-exec-2] INFO  com.zaxxer.hikari.HikariDataSource - test - Start completed.
2021-05-07 16:58:43.607 [http-nio-8080-exec-2] INFO  c.c.gameserver.controller.OfflineController - /offline/userLogin api end with 200 , User{id=4, accountNum='1072876025@qq.com', password='111', sex='男', level='0', nickname='cmy', headPictureURL='xxx.xxx'} Login successfully 
2021-05-07 16:59:54.417 [main] INFO  com.carcassonne.gameserver.GameserverApplication - Starting GameserverApplication using Java 11.0.6 on DESKTOP-JMIJ95C with PID 12132 (F:\0My_Data\软件工程实践\test\Carcassonne-Game-Server\target\classes started by chen in F:\0My_Data\软件工程实践\test\Carcassonne-Game-Server)
2021-05-07 16:59:54.419 [main] INFO  com.carcassonne.gameserver.GameserverApplication - No active profile set, falling back to default profiles: default
2021-05-07 16:59:54.834 [main] INFO  o.s.d.r.config.RepositoryConfigurationDelegate - Multiple Spring Data modules found, entering strict repository configuration mode!
2021-05-07 16:59:54.835 [main] INFO  o.s.d.r.config.RepositoryConfigurationDelegate - Bootstrapping Spring Data Redis repositories in DEFAULT mode.
2021-05-07 16:59:54.849 [main] INFO  o.s.d.r.config.RepositoryConfigurationDelegate - Finished Spring Data repository scanning in 8 ms. Found 0 Redis repository interfaces.
2021-05-07 16:59:54.965 [main] INFO  o.s.c.s.PostProcessorRegistrationDelegate$BeanPostProcessorChecker - Bean 'redisConfig' of type [com.carcassonne.gameserver.configuration.RedisConfig$$EnhancerBySpringCGLIB$$9d13aa8] is not eligible for getting processed by all BeanPostProcessors (for example: not eligible for auto-proxying)
2021-05-07 16:59:55.106 [main] INFO  o.s.boot.web.embedded.tomcat.TomcatWebServer - Tomcat initialized with port(s): 8080 (http)
2021-05-07 16:59:55.111 [main] INFO  org.apache.coyote.http11.Http11NioProtocol - Initializing ProtocolHandler ["http-nio-8080"]
2021-05-07 16:59:55.111 [main] INFO  org.apache.catalina.core.StandardService - Starting service [Tomcat]
2021-05-07 16:59:55.111 [main] INFO  org.apache.catalina.core.StandardEngine - Starting Servlet engine: [Apache Tomcat/9.0.45]
2021-05-07 16:59:55.182 [main] INFO  o.a.c.core.ContainerBase.[Tomcat].[localhost].[/] - Initializing Spring embedded WebApplicationContext
2021-05-07 16:59:55.182 [main] INFO  o.s.b.w.s.c.ServletWebServerApplicationContext - Root WebApplicationContext: initialization completed in 721 ms
2021-05-07 16:59:55.605 [main] INFO  o.s.scheduling.concurrent.ThreadPoolTaskExecutor - Initializing ExecutorService 'applicationTaskExecutor'
2021-05-07 16:59:55.748 [main] INFO  org.apache.coyote.http11.Http11NioProtocol - Starting ProtocolHandler ["http-nio-8080"]
2021-05-07 16:59:55.760 [main] INFO  o.s.boot.web.embedded.tomcat.TomcatWebServer - Tomcat started on port(s): 8080 (http) with context path ''
2021-05-07 16:59:55.767 [main] INFO  com.carcassonne.gameserver.GameserverApplication - Started GameserverApplication in 1.638 seconds (JVM running for 2.073)
2021-05-07 16:59:58.844 [http-nio-8080-exec-2] INFO  o.a.c.core.ContainerBase.[Tomcat].[localhost].[/] - Initializing Spring DispatcherServlet 'dispatcherServlet'
2021-05-07 16:59:58.844 [http-nio-8080-exec-2] INFO  org.springframework.web.servlet.DispatcherServlet - Initializing Servlet 'dispatcherServlet'
2021-05-07 16:59:58.845 [http-nio-8080-exec-2] INFO  org.springframework.web.servlet.DispatcherServlet - Completed initialization in 1 ms
2021-05-07 16:59:58.862 [http-nio-8080-exec-2] INFO  c.c.gameserver.controller.OfflineController - /offline/userLogin api start  ======> requestBody:{"password":"111","accountNum":"1072876025@qq.com"}
2021-05-07 16:59:58.897 [http-nio-8080-exec-2] INFO  com.zaxxer.hikari.HikariDataSource - test - Starting...
2021-05-07 16:59:59.423 [http-nio-8080-exec-2] INFO  com.zaxxer.hikari.HikariDataSource - test - Start completed.
2021-05-07 16:59:59.758 [http-nio-8080-exec-2] INFO  c.c.gameserver.controller.OfflineController - /offline/userLogin api end with 200 , User{id=4, accountNum='1072876025@qq.com', password='111', sex='男', level='0', nickname='cmy', headPictureURL='xxx.xxx'} Login successfully 
2021-05-07 17:02:23.251 [main] INFO  c.c.gameserver.GameserverApplicationTests - Starting GameserverApplicationTests using Java 11.0.6 on DESKTOP-JMIJ95C with PID 13540 (started by chen in F:\0My_Data\软件工程实践\test\Carcassonne-Game-Server)
2021-05-07 17:02:23.253 [main] INFO  c.c.gameserver.GameserverApplicationTests - No active profile set, falling back to default profiles: default
2021-05-07 17:02:23.733 [main] INFO  o.s.d.r.config.RepositoryConfigurationDelegate - Multiple Spring Data modules found, entering strict repository configuration mode!
2021-05-07 17:02:23.735 [main] INFO  o.s.d.r.config.RepositoryConfigurationDelegate - Bootstrapping Spring Data Redis repositories in DEFAULT mode.
2021-05-07 17:02:23.754 [main] INFO  o.s.d.r.config.RepositoryConfigurationDelegate - Finished Spring Data repository scanning in 10 ms. Found 0 Redis repository interfaces.
2021-05-07 17:02:23.955 [main] INFO  o.s.c.s.PostProcessorRegistrationDelegate$BeanPostProcessorChecker - Bean 'redisConfig' of type [com.carcassonne.gameserver.configuration.RedisConfig$$EnhancerBySpringCGLIB$$c2181ffb] is not eligible for getting processed by all BeanPostProcessors (for example: not eligible for auto-proxying)
2021-05-07 17:02:24.893 [main] INFO  o.s.scheduling.concurrent.ThreadPoolTaskExecutor - Initializing ExecutorService 'applicationTaskExecutor'
2021-05-07 17:02:25.207 [main] INFO  c.c.gameserver.GameserverApplicationTests - Started GameserverApplicationTests in 2.253 seconds (JVM running for 2.936)
2021-05-07 17:02:32.076 [SpringContextShutdownHook] INFO  o.s.scheduling.concurrent.ThreadPoolTaskExecutor - Shutting down ExecutorService 'applicationTaskExecutor'
2021-05-07 17:04:21.555 [main] INFO  c.c.gameserver.GameserverApplicationTests - Starting GameserverApplicationTests using Java 11.0.6 on DESKTOP-JMIJ95C with PID 12892 (started by chen in F:\0My_Data\软件工程实践\test\Carcassonne-Game-Server)
2021-05-07 17:04:21.557 [main] INFO  c.c.gameserver.GameserverApplicationTests - No active profile set, falling back to default profiles: default
2021-05-07 17:04:22.024 [main] INFO  o.s.d.r.config.RepositoryConfigurationDelegate - Multiple Spring Data modules found, entering strict repository configuration mode!
2021-05-07 17:04:22.026 [main] INFO  o.s.d.r.config.RepositoryConfigurationDelegate - Bootstrapping Spring Data Redis repositories in DEFAULT mode.
2021-05-07 17:04:22.046 [main] INFO  o.s.d.r.config.RepositoryConfigurationDelegate - Finished Spring Data repository scanning in 11 ms. Found 0 Redis repository interfaces.
2021-05-07 17:04:22.250 [main] INFO  o.s.c.s.PostProcessorRegistrationDelegate$BeanPostProcessorChecker - Bean 'redisConfig' of type [com.carcassonne.gameserver.configuration.RedisConfig$$EnhancerBySpringCGLIB$$8b5381eb] is not eligible for getting processed by all BeanPostProcessors (for example: not eligible for auto-proxying)
2021-05-07 17:04:23.132 [main] INFO  o.s.scheduling.concurrent.ThreadPoolTaskExecutor - Initializing ExecutorService 'applicationTaskExecutor'
2021-05-07 17:04:23.445 [main] INFO  c.c.gameserver.GameserverApplicationTests - Started GameserverApplicationTests in 2.182 seconds (JVM running for 2.831)
2021-05-07 17:04:30.253 [SpringContextShutdownHook] INFO  o.s.scheduling.concurrent.ThreadPoolTaskExecutor - Shutting down ExecutorService 'applicationTaskExecutor'
2021-05-07 17:30:08.951 [main] INFO  com.carcassonne.gameserver.GameserverApplication - Starting GameserverApplication using Java 11.0.6 on DESKTOP-JMIJ95C with PID 4144 (F:\0My_Data\软件工程实践\test\Carcassonne-Game-Server\target\classes started by chen in F:\0My_Data\软件工程实践\test\Carcassonne-Game-Server)
2021-05-07 17:30:08.954 [main] INFO  com.carcassonne.gameserver.GameserverApplication - No active profile set, falling back to default profiles: default
2021-05-07 17:30:09.367 [main] INFO  o.s.d.r.config.RepositoryConfigurationDelegate - Multiple Spring Data modules found, entering strict repository configuration mode!
2021-05-07 17:30:09.368 [main] INFO  o.s.d.r.config.RepositoryConfigurationDelegate - Bootstrapping Spring Data Redis repositories in DEFAULT mode.
2021-05-07 17:30:09.385 [main] INFO  o.s.d.r.config.RepositoryConfigurationDelegate - Finished Spring Data repository scanning in 9 ms. Found 0 Redis repository interfaces.
2021-05-07 17:30:09.507 [main] INFO  o.s.c.s.PostProcessorRegistrationDelegate$BeanPostProcessorChecker - Bean 'redisConfig' of type [com.carcassonne.gameserver.configuration.RedisConfig$$EnhancerBySpringCGLIB$$97b918b9] is not eligible for getting processed by all BeanPostProcessors (for example: not eligible for auto-proxying)
2021-05-07 17:30:09.650 [main] INFO  o.s.boot.web.embedded.tomcat.TomcatWebServer - Tomcat initialized with port(s): 90 (http)
2021-05-07 17:30:09.654 [main] INFO  org.apache.coyote.http11.Http11NioProtocol - Initializing ProtocolHandler ["http-nio-90"]
2021-05-07 17:30:09.655 [main] INFO  org.apache.catalina.core.StandardService - Starting service [Tomcat]
2021-05-07 17:30:09.655 [main] INFO  org.apache.catalina.core.StandardEngine - Starting Servlet engine: [Apache Tomcat/9.0.45]
2021-05-07 17:30:09.722 [main] INFO  o.a.c.core.ContainerBase.[Tomcat].[localhost].[/] - Initializing Spring embedded WebApplicationContext
2021-05-07 17:30:09.722 [main] INFO  o.s.b.w.s.c.ServletWebServerApplicationContext - Root WebApplicationContext: initialization completed in 739 ms
2021-05-07 17:30:10.148 [main] INFO  o.s.scheduling.concurrent.ThreadPoolTaskExecutor - Initializing ExecutorService 'applicationTaskExecutor'
2021-05-07 17:30:10.296 [main] INFO  org.apache.coyote.http11.Http11NioProtocol - Starting ProtocolHandler ["http-nio-90"]
2021-05-07 17:30:10.308 [main] INFO  o.s.boot.web.embedded.tomcat.TomcatWebServer - Tomcat started on port(s): 90 (http) with context path ''
2021-05-07 17:30:10.316 [main] INFO  com.carcassonne.gameserver.GameserverApplication - Started GameserverApplication in 1.681 seconds (JVM running for 2.121)
2021-05-07 17:30:30.763 [http-nio-90-exec-2] INFO  o.a.c.core.ContainerBase.[Tomcat].[localhost].[/] - Initializing Spring DispatcherServlet 'dispatcherServlet'
2021-05-07 17:30:30.764 [http-nio-90-exec-2] INFO  org.springframework.web.servlet.DispatcherServlet - Initializing Servlet 'dispatcherServlet'
2021-05-07 17:30:30.765 [http-nio-90-exec-2] INFO  org.springframework.web.servlet.DispatcherServlet - Completed initialization in 1 ms
2021-05-07 17:30:30.782 [http-nio-90-exec-2] INFO  c.c.gameserver.controller.OfflineController - /offline/userLogin api start  ======> requestBody:{"password":"111","accountNum":"1072876025@qq.com"}
2021-05-07 17:30:30.817 [http-nio-90-exec-2] INFO  com.zaxxer.hikari.HikariDataSource - test - Starting...
2021-05-07 17:30:31.254 [http-nio-90-exec-2] INFO  com.zaxxer.hikari.HikariDataSource - test - Start completed.
2021-05-07 17:30:31.593 [http-nio-90-exec-2] INFO  c.c.gameserver.controller.OfflineController - redis ===> new record :User{id=4, accountNum='1072876025@qq.com', password='111', sex='男', level='0', nickname='cmy', headPictureURL='xxx.xxx'}
2021-05-07 17:30:31.593 [http-nio-90-exec-2] INFO  c.c.gameserver.controller.OfflineController - /offline/userLogin api end with 200 , User{id=4, accountNum='1072876025@qq.com', password='111', sex='男', level='0', nickname='cmy', headPictureURL='xxx.xxx'} Login successfully 
2021-05-07 17:31:04.568 [main] INFO  com.carcassonne.gameserver.GameserverApplication - Starting GameserverApplication using Java 11.0.6 on DESKTOP-JMIJ95C with PID 19552 (F:\0My_Data\软件工程实践\test\Carcassonne-Game-Server\target\classes started by chen in F:\0My_Data\软件工程实践\test\Carcassonne-Game-Server)
2021-05-07 17:31:04.569 [main] INFO  com.carcassonne.gameserver.GameserverApplication - No active profile set, falling back to default profiles: default
2021-05-07 17:31:04.960 [main] INFO  o.s.d.r.config.RepositoryConfigurationDelegate - Multiple Spring Data modules found, entering strict repository configuration mode!
2021-05-07 17:31:04.961 [main] INFO  o.s.d.r.config.RepositoryConfigurationDelegate - Bootstrapping Spring Data Redis repositories in DEFAULT mode.
2021-05-07 17:31:04.976 [main] INFO  o.s.d.r.config.RepositoryConfigurationDelegate - Finished Spring Data repository scanning in 8 ms. Found 0 Redis repository interfaces.
2021-05-07 17:31:05.099 [main] INFO  o.s.c.s.PostProcessorRegistrationDelegate$BeanPostProcessorChecker - Bean 'redisConfig' of type [com.carcassonne.gameserver.configuration.RedisConfig$$EnhancerBySpringCGLIB$$438ca8e8] is not eligible for getting processed by all BeanPostProcessors (for example: not eligible for auto-proxying)
2021-05-07 17:31:05.240 [main] INFO  o.s.boot.web.embedded.tomcat.TomcatWebServer - Tomcat initialized with port(s): 90 (http)
2021-05-07 17:31:05.245 [main] INFO  org.apache.coyote.http11.Http11NioProtocol - Initializing ProtocolHandler ["http-nio-90"]
2021-05-07 17:31:05.245 [main] INFO  org.apache.catalina.core.StandardService - Starting service [Tomcat]
2021-05-07 17:31:05.245 [main] INFO  org.apache.catalina.core.StandardEngine - Starting Servlet engine: [Apache Tomcat/9.0.45]
2021-05-07 17:31:05.311 [main] INFO  o.a.c.core.ContainerBase.[Tomcat].[localhost].[/] - Initializing Spring embedded WebApplicationContext
2021-05-07 17:31:05.311 [main] INFO  o.s.b.w.s.c.ServletWebServerApplicationContext - Root WebApplicationContext: initialization completed in 714 ms
2021-05-07 17:31:05.734 [main] INFO  o.s.scheduling.concurrent.ThreadPoolTaskExecutor - Initializing ExecutorService 'applicationTaskExecutor'
2021-05-07 17:31:05.895 [main] INFO  org.apache.coyote.http11.Http11NioProtocol - Starting ProtocolHandler ["http-nio-90"]
2021-05-07 17:31:05.907 [main] INFO  o.s.boot.web.embedded.tomcat.TomcatWebServer - Tomcat started on port(s): 90 (http) with context path ''
2021-05-07 17:31:05.915 [main] INFO  com.carcassonne.gameserver.GameserverApplication - Started GameserverApplication in 1.637 seconds (JVM running for 2.07)
2021-05-07 17:31:13.084 [http-nio-90-exec-2] INFO  o.a.c.core.ContainerBase.[Tomcat].[localhost].[/] - Initializing Spring DispatcherServlet 'dispatcherServlet'
2021-05-07 17:31:13.085 [http-nio-90-exec-2] INFO  org.springframework.web.servlet.DispatcherServlet - Initializing Servlet 'dispatcherServlet'
2021-05-07 17:31:13.086 [http-nio-90-exec-2] INFO  org.springframework.web.servlet.DispatcherServlet - Completed initialization in 1 ms
2021-05-07 17:31:13.104 [http-nio-90-exec-2] INFO  c.c.gameserver.controller.OfflineController - /offline/userLogin api start  ======> requestBody:{"password":"111","accountNum":"1072876025@qq.com"}
2021-05-07 17:31:13.139 [http-nio-90-exec-2] INFO  com.zaxxer.hikari.HikariDataSource - test - Starting...
2021-05-07 17:31:13.643 [http-nio-90-exec-2] INFO  com.zaxxer.hikari.HikariDataSource - test - Start completed.
2021-05-07 17:31:13.975 [http-nio-90-exec-2] INFO  c.c.gameserver.controller.OfflineController - redis ===> new record :User{id=4, accountNum='1072876025@qq.com', password='111', sex='男', level='0', nickname='cmy', headPictureURL='xxx.xxx', state='null', token='eyJhbGciOiJIUzI1NiJ9.eyJyb2xlIjoidXNlciIsImV4cCI6MTYyMDQwMTQ3MywiaWF0IjoxNjIwMzc5ODczLCJ1c2VybmFtZSI6IjEwNzI4NzYwMjVAcXEuY29tIn0.2ucWkL1GAcraNA-3WPo7EPsHONHLt0jO-fvOLfSzHDE'}
2021-05-07 17:31:13.975 [http-nio-90-exec-2] INFO  c.c.gameserver.controller.OfflineController - /offline/userLogin api end with 200 , User{id=4, accountNum='1072876025@qq.com', password='111', sex='男', level='0', nickname='cmy', headPictureURL='xxx.xxx', state='null', token='eyJhbGciOiJIUzI1NiJ9.eyJyb2xlIjoidXNlciIsImV4cCI6MTYyMDQwMTQ3MywiaWF0IjoxNjIwMzc5ODczLCJ1c2VybmFtZSI6IjEwNzI4NzYwMjVAcXEuY29tIn0.2ucWkL1GAcraNA-3WPo7EPsHONHLt0jO-fvOLfSzHDE'} Login successfully 
2021-05-07 17:31:40.486 [http-nio-90-exec-4] INFO  c.c.gameserver.controller.OfflineController - /offline/userLogin api start  ======> requestBody:{"password":"111","accountNum":"1072876025@qq.com"}
2021-05-07 17:31:40.539 [http-nio-90-exec-4] INFO  c.c.gameserver.controller.OfflineController - redis ===> new record :User{id=4, accountNum='1072876025@qq.com', password='111', sex='男', level='0', nickname='cmy', headPictureURL='xxx.xxx', state='null', token='eyJhbGciOiJIUzI1NiJ9.eyJyb2xlIjoidXNlciIsImV4cCI6MTYyMDQwMTUwMCwiaWF0IjoxNjIwMzc5OTAwLCJ1c2VybmFtZSI6IjEwNzI4NzYwMjVAcXEuY29tIn0.QFhJ4BieOomF4-LG0txolzx4XSo6mPX1QQEOT5TJESE'}
2021-05-07 17:31:40.539 [http-nio-90-exec-4] INFO  c.c.gameserver.controller.OfflineController - /offline/userLogin api end with 200 , User{id=4, accountNum='1072876025@qq.com', password='111', sex='男', level='0', nickname='cmy', headPictureURL='xxx.xxx', state='null', token='eyJhbGciOiJIUzI1NiJ9.eyJyb2xlIjoidXNlciIsImV4cCI6MTYyMDQwMTUwMCwiaWF0IjoxNjIwMzc5OTAwLCJ1c2VybmFtZSI6IjEwNzI4NzYwMjVAcXEuY29tIn0.QFhJ4BieOomF4-LG0txolzx4XSo6mPX1QQEOT5TJESE'} Login successfully 
2021-05-07 17:32:20.885 [main] INFO  c.c.gameserver.GameserverApplicationTests - Starting GameserverApplicationTests using Java 11.0.6 on DESKTOP-JMIJ95C with PID 1132 (started by chen in F:\0My_Data\软件工程实践\test\Carcassonne-Game-Server)
2021-05-07 17:32:20.887 [main] INFO  c.c.gameserver.GameserverApplicationTests - No active profile set, falling back to default profiles: default
2021-05-07 17:32:21.375 [main] INFO  o.s.d.r.config.RepositoryConfigurationDelegate - Multiple Spring Data modules found, entering strict repository configuration mode!
2021-05-07 17:32:21.377 [main] INFO  o.s.d.r.config.RepositoryConfigurationDelegate - Bootstrapping Spring Data Redis repositories in DEFAULT mode.
2021-05-07 17:32:21.396 [main] INFO  o.s.d.r.config.RepositoryConfigurationDelegate - Finished Spring Data repository scanning in 10 ms. Found 0 Redis repository interfaces.
2021-05-07 17:32:21.609 [main] INFO  o.s.c.s.PostProcessorRegistrationDelegate$BeanPostProcessorChecker - Bean 'redisConfig' of type [com.carcassonne.gameserver.configuration.RedisConfig$$EnhancerBySpringCGLIB$$55e00198] is not eligible for getting processed by all BeanPostProcessors (for example: not eligible for auto-proxying)
2021-05-07 17:32:22.551 [main] INFO  o.s.scheduling.concurrent.ThreadPoolTaskExecutor - Initializing ExecutorService 'applicationTaskExecutor'
2021-05-07 17:32:22.875 [main] INFO  c.c.gameserver.GameserverApplicationTests - Started GameserverApplicationTests in 2.291 seconds (JVM running for 2.955)
2021-05-07 17:32:23.568 [SpringContextShutdownHook] INFO  o.s.scheduling.concurrent.ThreadPoolTaskExecutor - Shutting down ExecutorService 'applicationTaskExecutor'
2021-05-07 17:41:57.302 [main] INFO  com.carcassonne.gameserver.GameserverApplication - Starting GameserverApplication using Java 11.0.6 on DESKTOP-JMIJ95C with PID 11268 (F:\0My_Data\软件工程实践\test\Carcassonne-Game-Server\target\classes started by chen in F:\0My_Data\软件工程实践\test\Carcassonne-Game-Server)
2021-05-07 17:41:57.304 [main] INFO  com.carcassonne.gameserver.GameserverApplication - No active profile set, falling back to default profiles: default
2021-05-07 17:41:57.706 [main] INFO  o.s.d.r.config.RepositoryConfigurationDelegate - Multiple Spring Data modules found, entering strict repository configuration mode!
2021-05-07 17:41:57.707 [main] INFO  o.s.d.r.config.RepositoryConfigurationDelegate - Bootstrapping Spring Data Redis repositories in DEFAULT mode.
2021-05-07 17:41:57.722 [main] INFO  o.s.d.r.config.RepositoryConfigurationDelegate - Finished Spring Data repository scanning in 8 ms. Found 0 Redis repository interfaces.
2021-05-07 17:41:57.838 [main] INFO  o.s.c.s.PostProcessorRegistrationDelegate$BeanPostProcessorChecker - Bean 'redisConfig' of type [com.carcassonne.gameserver.configuration.RedisConfig$$EnhancerBySpringCGLIB$$fbf78825] is not eligible for getting processed by all BeanPostProcessors (for example: not eligible for auto-proxying)
2021-05-07 17:41:57.977 [main] INFO  o.s.boot.web.embedded.tomcat.TomcatWebServer - Tomcat initialized with port(s): 90 (http)
2021-05-07 17:41:57.981 [main] INFO  org.apache.coyote.http11.Http11NioProtocol - Initializing ProtocolHandler ["http-nio-90"]
2021-05-07 17:41:57.981 [main] INFO  org.apache.catalina.core.StandardService - Starting service [Tomcat]
2021-05-07 17:41:57.982 [main] INFO  org.apache.catalina.core.StandardEngine - Starting Servlet engine: [Apache Tomcat/9.0.45]
2021-05-07 17:41:58.049 [main] INFO  o.a.c.core.ContainerBase.[Tomcat].[localhost].[/] - Initializing Spring embedded WebApplicationContext
2021-05-07 17:41:58.049 [main] INFO  o.s.b.w.s.c.ServletWebServerApplicationContext - Root WebApplicationContext: initialization completed in 718 ms
2021-05-07 17:41:58.475 [main] INFO  o.s.scheduling.concurrent.ThreadPoolTaskExecutor - Initializing ExecutorService 'applicationTaskExecutor'
2021-05-07 17:41:58.620 [main] INFO  org.apache.coyote.http11.Http11NioProtocol - Starting ProtocolHandler ["http-nio-90"]
2021-05-07 17:41:58.631 [main] INFO  o.s.boot.web.embedded.tomcat.TomcatWebServer - Tomcat started on port(s): 90 (http) with context path ''
2021-05-07 17:41:58.639 [main] INFO  com.carcassonne.gameserver.GameserverApplication - Started GameserverApplication in 1.64 seconds (JVM running for 2.067)
2021-05-07 17:42:03.569 [http-nio-90-exec-1] INFO  o.a.c.core.ContainerBase.[Tomcat].[localhost].[/] - Initializing Spring DispatcherServlet 'dispatcherServlet'
2021-05-07 17:42:03.570 [http-nio-90-exec-1] INFO  org.springframework.web.servlet.DispatcherServlet - Initializing Servlet 'dispatcherServlet'
2021-05-07 17:42:03.571 [http-nio-90-exec-1] INFO  org.springframework.web.servlet.DispatcherServlet - Completed initialization in 1 ms
2021-05-07 17:42:03.588 [http-nio-90-exec-1] INFO  c.c.gameserver.controller.OfflineController - /offline/userLogin api start  ======> requestBody:{"password":"111","accountNum":"1072876025@qq.com"}
2021-05-07 17:42:03.622 [http-nio-90-exec-1] INFO  com.zaxxer.hikari.HikariDataSource - test - Starting...
2021-05-07 17:42:04.092 [http-nio-90-exec-1] INFO  com.zaxxer.hikari.HikariDataSource - test - Start completed.
2021-05-07 17:42:04.429 [http-nio-90-exec-1] INFO  c.c.gameserver.controller.OfflineController - redis ===> new record :User{id=4, accountNum='1072876025@qq.com', password='111', sex='男', level='0', nickname='cmy', headPictureURL='xxx.xxx', state='null', token='eyJhbGciOiJIUzI1NiJ9.eyJyb2xlIjoidXNlciIsImV4cCI6MTYyMDQwMjEyNCwiaWF0IjoxNjIwMzgwNTI0LCJ1c2VybmFtZSI6IjEwNzI4NzYwMjVAcXEuY29tIn0.z85lOwxJM_tyE1i5QsAghdIkaTurf65AWF41wQW8Irc'}
2021-05-07 17:42:04.429 [http-nio-90-exec-1] INFO  c.c.gameserver.controller.OfflineController - /offline/userLogin api end with 200 , User{id=4, accountNum='1072876025@qq.com', password='111', sex='男', level='0', nickname='cmy', headPictureURL='xxx.xxx', state='null', token='eyJhbGciOiJIUzI1NiJ9.eyJyb2xlIjoidXNlciIsImV4cCI6MTYyMDQwMjEyNCwiaWF0IjoxNjIwMzgwNTI0LCJ1c2VybmFtZSI6IjEwNzI4NzYwMjVAcXEuY29tIn0.z85lOwxJM_tyE1i5QsAghdIkaTurf65AWF41wQW8Irc'} Login successfully 
2021-05-07 17:42:04.760 [http-nio-90-exec-3] INFO  c.c.gameserver.controller.OfflineController - /offline/userLogin api start  ======> requestBody:{"password":"111","accountNum":"1072876025@qq.com"}
2021-05-07 17:42:04.806 [http-nio-90-exec-3] INFO  c.c.gameserver.controller.OfflineController - redis ===> new record :User{id=4, accountNum='1072876025@qq.com', password='111', sex='男', level='0', nickname='cmy', headPictureURL='xxx.xxx', state='null', token='eyJhbGciOiJIUzI1NiJ9.eyJyb2xlIjoidXNlciIsImV4cCI6MTYyMDQwMjEyNCwiaWF0IjoxNjIwMzgwNTI0LCJ1c2VybmFtZSI6IjEwNzI4NzYwMjVAcXEuY29tIn0.z85lOwxJM_tyE1i5QsAghdIkaTurf65AWF41wQW8Irc'}
2021-05-07 17:42:04.806 [http-nio-90-exec-3] INFO  c.c.gameserver.controller.OfflineController - /offline/userLogin api end with 200 , User{id=4, accountNum='1072876025@qq.com', password='111', sex='男', level='0', nickname='cmy', headPictureURL='xxx.xxx', state='null', token='eyJhbGciOiJIUzI1NiJ9.eyJyb2xlIjoidXNlciIsImV4cCI6MTYyMDQwMjEyNCwiaWF0IjoxNjIwMzgwNTI0LCJ1c2VybmFtZSI6IjEwNzI4NzYwMjVAcXEuY29tIn0.z85lOwxJM_tyE1i5QsAghdIkaTurf65AWF41wQW8Irc'} Login successfully 
2021-05-07 17:42:07.995 [http-nio-90-exec-4] INFO  c.c.gameserver.controller.OfflineController - /offline/userLogin api start  ======> requestBody:{"password":"111","accountNum":"1072876025@qq.com"}
2021-05-07 17:42:08.042 [http-nio-90-exec-4] INFO  c.c.gameserver.controller.OfflineController - redis ===> new record :User{id=4, accountNum='1072876025@qq.com', password='111', sex='男', level='0', nickname='cmy', headPictureURL='xxx.xxx', state='null', token='eyJhbGciOiJIUzI1NiJ9.eyJyb2xlIjoidXNlciIsImV4cCI6MTYyMDQwMjEyOCwiaWF0IjoxNjIwMzgwNTI4LCJ1c2VybmFtZSI6IjEwNzI4NzYwMjVAcXEuY29tIn0.gvMGdnOI2WkeaZZSi9kblOSi2PU2zVrwjm5W7aMJqBo'}
2021-05-07 17:42:08.042 [http-nio-90-exec-4] INFO  c.c.gameserver.controller.OfflineController - /offline/userLogin api end with 200 , User{id=4, accountNum='1072876025@qq.com', password='111', sex='男', level='0', nickname='cmy', headPictureURL='xxx.xxx', state='null', token='eyJhbGciOiJIUzI1NiJ9.eyJyb2xlIjoidXNlciIsImV4cCI6MTYyMDQwMjEyOCwiaWF0IjoxNjIwMzgwNTI4LCJ1c2VybmFtZSI6IjEwNzI4NzYwMjVAcXEuY29tIn0.gvMGdnOI2WkeaZZSi9kblOSi2PU2zVrwjm5W7aMJqBo'} Login successfully 
2021-05-07 17:42:08.616 [http-nio-90-exec-5] INFO  c.c.gameserver.controller.OfflineController - /offline/userLogin api start  ======> requestBody:{"password":"111","accountNum":"1072876025@qq.com"}
2021-05-07 17:42:08.661 [http-nio-90-exec-5] INFO  c.c.gameserver.controller.OfflineController - redis ===> new record :User{id=4, accountNum='1072876025@qq.com', password='111', sex='男', level='0', nickname='cmy', headPictureURL='xxx.xxx', state='null', token='eyJhbGciOiJIUzI1NiJ9.eyJyb2xlIjoidXNlciIsImV4cCI6MTYyMDQwMjEyOCwiaWF0IjoxNjIwMzgwNTI4LCJ1c2VybmFtZSI6IjEwNzI4NzYwMjVAcXEuY29tIn0.gvMGdnOI2WkeaZZSi9kblOSi2PU2zVrwjm5W7aMJqBo'}
2021-05-07 17:42:08.661 [http-nio-90-exec-5] INFO  c.c.gameserver.controller.OfflineController - /offline/userLogin api end with 200 , User{id=4, accountNum='1072876025@qq.com', password='111', sex='男', level='0', nickname='cmy', headPictureURL='xxx.xxx', state='null', token='eyJhbGciOiJIUzI1NiJ9.eyJyb2xlIjoidXNlciIsImV4cCI6MTYyMDQwMjEyOCwiaWF0IjoxNjIwMzgwNTI4LCJ1c2VybmFtZSI6IjEwNzI4NzYwMjVAcXEuY29tIn0.gvMGdnOI2WkeaZZSi9kblOSi2PU2zVrwjm5W7aMJqBo'} Login successfully 
2021-05-07 17:42:09.312 [http-nio-90-exec-6] INFO  c.c.gameserver.controller.OfflineController - /offline/userLogin api start  ======> requestBody:{"password":"111","accountNum":"1072876025@qq.com"}
2021-05-07 17:42:09.359 [http-nio-90-exec-6] INFO  c.c.gameserver.controller.OfflineController - redis ===> new record :User{id=4, accountNum='1072876025@qq.com', password='111', sex='男', level='0', nickname='cmy', headPictureURL='xxx.xxx', state='null', token='eyJhbGciOiJIUzI1NiJ9.eyJyb2xlIjoidXNlciIsImV4cCI6MTYyMDQwMjEyOSwiaWF0IjoxNjIwMzgwNTI5LCJ1c2VybmFtZSI6IjEwNzI4NzYwMjVAcXEuY29tIn0.ifJ2LC8tPdzLRQ3Drnv1zLIWzzD1T1t_VNf9SPJrLGk'}
2021-05-07 17:42:09.359 [http-nio-90-exec-6] INFO  c.c.gameserver.controller.OfflineController - /offline/userLogin api end with 200 , User{id=4, accountNum='1072876025@qq.com', password='111', sex='男', level='0', nickname='cmy', headPictureURL='xxx.xxx', state='null', token='eyJhbGciOiJIUzI1NiJ9.eyJyb2xlIjoidXNlciIsImV4cCI6MTYyMDQwMjEyOSwiaWF0IjoxNjIwMzgwNTI5LCJ1c2VybmFtZSI6IjEwNzI4NzYwMjVAcXEuY29tIn0.ifJ2LC8tPdzLRQ3Drnv1zLIWzzD1T1t_VNf9SPJrLGk'} Login successfully 
2021-05-07 17:42:09.839 [http-nio-90-exec-7] INFO  c.c.gameserver.controller.OfflineController - /offline/userLogin api start  ======> requestBody:{"password":"111","accountNum":"1072876025@qq.com"}
2021-05-07 17:42:09.863 [http-nio-90-exec-7] INFO  c.c.gameserver.controller.OfflineController - redis ===> new record :User{id=4, accountNum='1072876025@qq.com', password='111', sex='男', level='0', nickname='cmy', headPictureURL='xxx.xxx', state='null', token='eyJhbGciOiJIUzI1NiJ9.eyJyb2xlIjoidXNlciIsImV4cCI6MTYyMDQwMjEyOSwiaWF0IjoxNjIwMzgwNTI5LCJ1c2VybmFtZSI6IjEwNzI4NzYwMjVAcXEuY29tIn0.ifJ2LC8tPdzLRQ3Drnv1zLIWzzD1T1t_VNf9SPJrLGk'}
2021-05-07 17:42:09.863 [http-nio-90-exec-7] INFO  c.c.gameserver.controller.OfflineController - /offline/userLogin api end with 200 , User{id=4, accountNum='1072876025@qq.com', password='111', sex='男', level='0', nickname='cmy', headPictureURL='xxx.xxx', state='null', token='eyJhbGciOiJIUzI1NiJ9.eyJyb2xlIjoidXNlciIsImV4cCI6MTYyMDQwMjEyOSwiaWF0IjoxNjIwMzgwNTI5LCJ1c2VybmFtZSI6IjEwNzI4NzYwMjVAcXEuY29tIn0.ifJ2LC8tPdzLRQ3Drnv1zLIWzzD1T1t_VNf9SPJrLGk'} Login successfully 
2021-05-07 17:42:10.408 [http-nio-90-exec-8] INFO  c.c.gameserver.controller.OfflineController - /offline/userLogin api start  ======> requestBody:{"password":"111","accountNum":"1072876025@qq.com"}
2021-05-07 17:42:10.455 [http-nio-90-exec-8] INFO  c.c.gameserver.controller.OfflineController - redis ===> new record :User{id=4, accountNum='1072876025@qq.com', password='111', sex='男', level='0', nickname='cmy', headPictureURL='xxx.xxx', state='null', token='eyJhbGciOiJIUzI1NiJ9.eyJyb2xlIjoidXNlciIsImV4cCI6MTYyMDQwMjEzMCwiaWF0IjoxNjIwMzgwNTMwLCJ1c2VybmFtZSI6IjEwNzI4NzYwMjVAcXEuY29tIn0.Dc6CYBHTEYZEbUru9wN8yxLn0DZrGiFkwwtkMmt1gQs'}
2021-05-07 17:42:10.455 [http-nio-90-exec-8] INFO  c.c.gameserver.controller.OfflineController - /offline/userLogin api end with 200 , User{id=4, accountNum='1072876025@qq.com', password='111', sex='男', level='0', nickname='cmy', headPictureURL='xxx.xxx', state='null', token='eyJhbGciOiJIUzI1NiJ9.eyJyb2xlIjoidXNlciIsImV4cCI6MTYyMDQwMjEzMCwiaWF0IjoxNjIwMzgwNTMwLCJ1c2VybmFtZSI6IjEwNzI4NzYwMjVAcXEuY29tIn0.Dc6CYBHTEYZEbUru9wN8yxLn0DZrGiFkwwtkMmt1gQs'} Login successfully 
2021-05-07 17:42:10.938 [http-nio-90-exec-9] INFO  c.c.gameserver.controller.OfflineController - /offline/userLogin api start  ======> requestBody:{"password":"111","accountNum":"1072876025@qq.com"}
2021-05-07 17:42:10.963 [http-nio-90-exec-9] INFO  c.c.gameserver.controller.OfflineController - redis ===> new record :User{id=4, accountNum='1072876025@qq.com', password='111', sex='男', level='0', nickname='cmy', headPictureURL='xxx.xxx', state='null', token='eyJhbGciOiJIUzI1NiJ9.eyJyb2xlIjoidXNlciIsImV4cCI6MTYyMDQwMjEzMCwiaWF0IjoxNjIwMzgwNTMwLCJ1c2VybmFtZSI6IjEwNzI4NzYwMjVAcXEuY29tIn0.Dc6CYBHTEYZEbUru9wN8yxLn0DZrGiFkwwtkMmt1gQs'}
2021-05-07 17:42:10.964 [http-nio-90-exec-9] INFO  c.c.gameserver.controller.OfflineController - /offline/userLogin api end with 200 , User{id=4, accountNum='1072876025@qq.com', password='111', sex='男', level='0', nickname='cmy', headPictureURL='xxx.xxx', state='null', token='eyJhbGciOiJIUzI1NiJ9.eyJyb2xlIjoidXNlciIsImV4cCI6MTYyMDQwMjEzMCwiaWF0IjoxNjIwMzgwNTMwLCJ1c2VybmFtZSI6IjEwNzI4NzYwMjVAcXEuY29tIn0.Dc6CYBHTEYZEbUru9wN8yxLn0DZrGiFkwwtkMmt1gQs'} Login successfully 
2021-05-07 17:42:11.438 [http-nio-90-exec-10] INFO  c.c.gameserver.controller.OfflineController - /offline/userLogin api start  ======> requestBody:{"password":"111","accountNum":"1072876025@qq.com"}
2021-05-07 17:42:11.462 [http-nio-90-exec-10] INFO  c.c.gameserver.controller.OfflineController - redis ===> new record :User{id=4, accountNum='1072876025@qq.com', password='111', sex='男', level='0', nickname='cmy', headPictureURL='xxx.xxx', state='null', token='eyJhbGciOiJIUzI1NiJ9.eyJyb2xlIjoidXNlciIsImV4cCI6MTYyMDQwMjEzMSwiaWF0IjoxNjIwMzgwNTMxLCJ1c2VybmFtZSI6IjEwNzI4NzYwMjVAcXEuY29tIn0.OlW_0FwewWBrNynJ1oxqaCExLi3rMQe-pUZb2aDpHPw'}
2021-05-07 17:42:11.462 [http-nio-90-exec-10] INFO  c.c.gameserver.controller.OfflineController - /offline/userLogin api end with 200 , User{id=4, accountNum='1072876025@qq.com', password='111', sex='男', level='0', nickname='cmy', headPictureURL='xxx.xxx', state='null', token='eyJhbGciOiJIUzI1NiJ9.eyJyb2xlIjoidXNlciIsImV4cCI6MTYyMDQwMjEzMSwiaWF0IjoxNjIwMzgwNTMxLCJ1c2VybmFtZSI6IjEwNzI4NzYwMjVAcXEuY29tIn0.OlW_0FwewWBrNynJ1oxqaCExLi3rMQe-pUZb2aDpHPw'} Login successfully 
2021-05-07 17:42:12.119 [http-nio-90-exec-2] INFO  c.c.gameserver.controller.OfflineController - /offline/userLogin api start  ======> requestBody:{"password":"111","accountNum":"1072876025@qq.com"}
2021-05-07 17:42:12.165 [http-nio-90-exec-2] INFO  c.c.gameserver.controller.OfflineController - redis ===> new record :User{id=4, accountNum='1072876025@qq.com', password='111', sex='男', level='0', nickname='cmy', headPictureURL='xxx.xxx', state='null', token='eyJhbGciOiJIUzI1NiJ9.eyJyb2xlIjoidXNlciIsImV4cCI6MTYyMDQwMjEzMiwiaWF0IjoxNjIwMzgwNTMyLCJ1c2VybmFtZSI6IjEwNzI4NzYwMjVAcXEuY29tIn0.6Em9hlAnwd0py9Hf_tZ1upljkYGNTJ4aN1LhzB9Pgqw'}
2021-05-07 17:42:12.165 [http-nio-90-exec-2] INFO  c.c.gameserver.controller.OfflineController - /offline/userLogin api end with 200 , User{id=4, accountNum='1072876025@qq.com', password='111', sex='男', level='0', nickname='cmy', headPictureURL='xxx.xxx', state='null', token='eyJhbGciOiJIUzI1NiJ9.eyJyb2xlIjoidXNlciIsImV4cCI6MTYyMDQwMjEzMiwiaWF0IjoxNjIwMzgwNTMyLCJ1c2VybmFtZSI6IjEwNzI4NzYwMjVAcXEuY29tIn0.6Em9hlAnwd0py9Hf_tZ1upljkYGNTJ4aN1LhzB9Pgqw'} Login successfully 
2021-05-07 17:42:12.528 [http-nio-90-exec-1] INFO  c.c.gameserver.controller.OfflineController - /offline/userLogin api start  ======> requestBody:{"password":"111","accountNum":"1072876025@qq.com"}
2021-05-07 17:42:12.552 [http-nio-90-exec-1] INFO  c.c.gameserver.controller.OfflineController - redis ===> new record :User{id=4, accountNum='1072876025@qq.com', password='111', sex='男', level='0', nickname='cmy', headPictureURL='xxx.xxx', state='null', token='eyJhbGciOiJIUzI1NiJ9.eyJyb2xlIjoidXNlciIsImV4cCI6MTYyMDQwMjEzMiwiaWF0IjoxNjIwMzgwNTMyLCJ1c2VybmFtZSI6IjEwNzI4NzYwMjVAcXEuY29tIn0.6Em9hlAnwd0py9Hf_tZ1upljkYGNTJ4aN1LhzB9Pgqw'}
2021-05-07 17:42:12.552 [http-nio-90-exec-1] INFO  c.c.gameserver.controller.OfflineController - /offline/userLogin api end with 200 , User{id=4, accountNum='1072876025@qq.com', password='111', sex='男', level='0', nickname='cmy', headPictureURL='xxx.xxx', state='null', token='eyJhbGciOiJIUzI1NiJ9.eyJyb2xlIjoidXNlciIsImV4cCI6MTYyMDQwMjEzMiwiaWF0IjoxNjIwMzgwNTMyLCJ1c2VybmFtZSI6IjEwNzI4NzYwMjVAcXEuY29tIn0.6Em9hlAnwd0py9Hf_tZ1upljkYGNTJ4aN1LhzB9Pgqw'} Login successfully 
2021-05-07 17:42:12.998 [http-nio-90-exec-3] INFO  c.c.gameserver.controller.OfflineController - /offline/userLogin api start  ======> requestBody:{"password":"111","accountNum":"1072876025@qq.com"}
2021-05-07 17:42:13.022 [http-nio-90-exec-3] INFO  c.c.gameserver.controller.OfflineController - redis ===> new record :User{id=4, accountNum='1072876025@qq.com', password='111', sex='男', level='0', nickname='cmy', headPictureURL='xxx.xxx', state='null', token='eyJhbGciOiJIUzI1NiJ9.eyJyb2xlIjoidXNlciIsImV4cCI6MTYyMDQwMjEzMywiaWF0IjoxNjIwMzgwNTMzLCJ1c2VybmFtZSI6IjEwNzI4NzYwMjVAcXEuY29tIn0.9sF7LHtBnoLwOaS8N3K1dbUidbSwLiAXtvklazbMNsE'}
2021-05-07 17:42:13.022 [http-nio-90-exec-3] INFO  c.c.gameserver.controller.OfflineController - /offline/userLogin api end with 200 , User{id=4, accountNum='1072876025@qq.com', password='111', sex='男', level='0', nickname='cmy', headPictureURL='xxx.xxx', state='null', token='eyJhbGciOiJIUzI1NiJ9.eyJyb2xlIjoidXNlciIsImV4cCI6MTYyMDQwMjEzMywiaWF0IjoxNjIwMzgwNTMzLCJ1c2VybmFtZSI6IjEwNzI4NzYwMjVAcXEuY29tIn0.9sF7LHtBnoLwOaS8N3K1dbUidbSwLiAXtvklazbMNsE'} Login successfully 
2021-05-07 17:42:13.497 [http-nio-90-exec-4] INFO  c.c.gameserver.controller.OfflineController - /offline/userLogin api start  ======> requestBody:{"password":"111","accountNum":"1072876025@qq.com"}
2021-05-07 17:42:13.521 [http-nio-90-exec-4] INFO  c.c.gameserver.controller.OfflineController - redis ===> new record :User{id=4, accountNum='1072876025@qq.com', password='111', sex='男', level='0', nickname='cmy', headPictureURL='xxx.xxx', state='null', token='eyJhbGciOiJIUzI1NiJ9.eyJyb2xlIjoidXNlciIsImV4cCI6MTYyMDQwMjEzMywiaWF0IjoxNjIwMzgwNTMzLCJ1c2VybmFtZSI6IjEwNzI4NzYwMjVAcXEuY29tIn0.9sF7LHtBnoLwOaS8N3K1dbUidbSwLiAXtvklazbMNsE'}
2021-05-07 17:42:13.521 [http-nio-90-exec-4] INFO  c.c.gameserver.controller.OfflineController - /offline/userLogin api end with 200 , User{id=4, accountNum='1072876025@qq.com', password='111', sex='男', level='0', nickname='cmy', headPictureURL='xxx.xxx', state='null', token='eyJhbGciOiJIUzI1NiJ9.eyJyb2xlIjoidXNlciIsImV4cCI6MTYyMDQwMjEzMywiaWF0IjoxNjIwMzgwNTMzLCJ1c2VybmFtZSI6IjEwNzI4NzYwMjVAcXEuY29tIn0.9sF7LHtBnoLwOaS8N3K1dbUidbSwLiAXtvklazbMNsE'} Login successfully 
2021-05-07 17:42:13.999 [http-nio-90-exec-5] INFO  c.c.gameserver.controller.OfflineController - /offline/userLogin api start  ======> requestBody:{"password":"111","accountNum":"1072876025@qq.com"}
2021-05-07 17:42:14.023 [http-nio-90-exec-5] INFO  c.c.gameserver.controller.OfflineController - redis ===> new record :User{id=4, accountNum='1072876025@qq.com', password='111', sex='男', level='0', nickname='cmy', headPictureURL='xxx.xxx', state='null', token='eyJhbGciOiJIUzI1NiJ9.eyJyb2xlIjoidXNlciIsImV4cCI6MTYyMDQwMjEzNCwiaWF0IjoxNjIwMzgwNTM0LCJ1c2VybmFtZSI6IjEwNzI4NzYwMjVAcXEuY29tIn0.T20wL8LxW3xhb9e9kgZvOER-ftheM-cSpmRn7JWCr8E'}
2021-05-07 17:42:14.023 [http-nio-90-exec-5] INFO  c.c.gameserver.controller.OfflineController - /offline/userLogin api end with 200 , User{id=4, accountNum='1072876025@qq.com', password='111', sex='男', level='0', nickname='cmy', headPictureURL='xxx.xxx', state='null', token='eyJhbGciOiJIUzI1NiJ9.eyJyb2xlIjoidXNlciIsImV4cCI6MTYyMDQwMjEzNCwiaWF0IjoxNjIwMzgwNTM0LCJ1c2VybmFtZSI6IjEwNzI4NzYwMjVAcXEuY29tIn0.T20wL8LxW3xhb9e9kgZvOER-ftheM-cSpmRn7JWCr8E'} Login successfully 
2021-05-07 17:42:14.439 [http-nio-90-exec-6] INFO  c.c.gameserver.controller.OfflineController - /offline/userLogin api start  ======> requestBody:{"password":"111","accountNum":"1072876025@qq.com"}
2021-05-07 17:42:14.463 [http-nio-90-exec-6] INFO  c.c.gameserver.controller.OfflineController - redis ===> new record :User{id=4, accountNum='1072876025@qq.com', password='111', sex='男', level='0', nickname='cmy', headPictureURL='xxx.xxx', state='null', token='eyJhbGciOiJIUzI1NiJ9.eyJyb2xlIjoidXNlciIsImV4cCI6MTYyMDQwMjEzNCwiaWF0IjoxNjIwMzgwNTM0LCJ1c2VybmFtZSI6IjEwNzI4NzYwMjVAcXEuY29tIn0.T20wL8LxW3xhb9e9kgZvOER-ftheM-cSpmRn7JWCr8E'}
2021-05-07 17:42:14.463 [http-nio-90-exec-6] INFO  c.c.gameserver.controller.OfflineController - /offline/userLogin api end with 200 , User{id=4, accountNum='1072876025@qq.com', password='111', sex='男', level='0', nickname='cmy', headPictureURL='xxx.xxx', state='null', token='eyJhbGciOiJIUzI1NiJ9.eyJyb2xlIjoidXNlciIsImV4cCI6MTYyMDQwMjEzNCwiaWF0IjoxNjIwMzgwNTM0LCJ1c2VybmFtZSI6IjEwNzI4NzYwMjVAcXEuY29tIn0.T20wL8LxW3xhb9e9kgZvOER-ftheM-cSpmRn7JWCr8E'} Login successfully 
2021-05-07 17:42:43.370 [main] INFO  c.c.gameserver.GameserverApplicationTests - Starting GameserverApplicationTests using Java 11.0.6 on DESKTOP-JMIJ95C with PID 9728 (started by chen in F:\0My_Data\软件工程实践\test\Carcassonne-Game-Server)
2021-05-07 17:42:43.371 [main] INFO  c.c.gameserver.GameserverApplicationTests - No active profile set, falling back to default profiles: default
2021-05-07 17:42:43.837 [main] INFO  o.s.d.r.config.RepositoryConfigurationDelegate - Multiple Spring Data modules found, entering strict repository configuration mode!
2021-05-07 17:42:43.839 [main] INFO  o.s.d.r.config.RepositoryConfigurationDelegate - Bootstrapping Spring Data Redis repositories in DEFAULT mode.
2021-05-07 17:42:43.857 [main] INFO  o.s.d.r.config.RepositoryConfigurationDelegate - Finished Spring Data repository scanning in 10 ms. Found 0 Redis repository interfaces.
2021-05-07 17:42:44.064 [main] INFO  o.s.c.s.PostProcessorRegistrationDelegate$BeanPostProcessorChecker - Bean 'redisConfig' of type [com.carcassonne.gameserver.configuration.RedisConfig$$EnhancerBySpringCGLIB$$dd36b268] is not eligible for getting processed by all BeanPostProcessors (for example: not eligible for auto-proxying)
2021-05-07 17:42:44.970 [main] INFO  o.s.scheduling.concurrent.ThreadPoolTaskExecutor - Initializing ExecutorService 'applicationTaskExecutor'
2021-05-07 17:42:45.294 [main] INFO  c.c.gameserver.GameserverApplicationTests - Started GameserverApplicationTests in 2.222 seconds (JVM running for 2.871)
2021-05-07 17:42:46.027 [SpringContextShutdownHook] INFO  o.s.scheduling.concurrent.ThreadPoolTaskExecutor - Shutting down ExecutorService 'applicationTaskExecutor'
