2021-05-19 21:25:38.954 [main] INFO  com.carcassonne.gameserver.GameserverApplication - Starting GameserverApplication using Java 11.0.6 on DESKTOP-JMIJ95C with PID 16416 (F:\0My_Data\软件工程实践\test\Carcassonne-Game-Server\target\classes started by chen in F:\0My_Data\软件工程实践\test\Carcassonne-Game-Server)
2021-05-19 21:25:38.957 [main] INFO  com.carcassonne.gameserver.GameserverApplication - No active profile set, falling back to default profiles: default
2021-05-19 21:25:39.575 [main] INFO  o.s.d.r.config.RepositoryConfigurationDelegate - Multiple Spring Data modules found, entering strict repository configuration mode!
2021-05-19 21:25:39.576 [main] INFO  o.s.d.r.config.RepositoryConfigurationDelegate - Bootstrapping Spring Data Redis repositories in DEFAULT mode.
2021-05-19 21:25:39.598 [main] INFO  o.s.d.r.config.RepositoryConfigurationDelegate - Finished Spring Data repository scanning in 10 ms. Found 0 Redis repository interfaces.
2021-05-19 21:25:39.753 [main] INFO  o.s.c.s.PostProcessorRegistrationDelegate$BeanPostProcessorChecker - Bean 'redisConfig' of type [com.carcassonne.gameserver.configuration.RedisConfig$$EnhancerBySpringCGLIB$$ce5b740] is not eligible for getting processed by all BeanPostProcessors (for example: not eligible for auto-proxying)
2021-05-19 21:25:39.940 [main] INFO  o.s.boot.web.embedded.tomcat.TomcatWebServer - Tomcat initialized with port(s): 90 (http)
2021-05-19 21:25:39.946 [main] INFO  org.apache.coyote.http11.Http11NioProtocol - Initializing ProtocolHandler ["http-nio-90"]
2021-05-19 21:25:39.946 [main] INFO  org.apache.catalina.core.StandardService - Starting service [Tomcat]
2021-05-19 21:25:39.947 [main] INFO  org.apache.catalina.core.StandardEngine - Starting Servlet engine: [Apache Tomcat/9.0.45]
2021-05-19 21:25:40.025 [main] INFO  o.a.c.core.ContainerBase.[Tomcat].[localhost].[/] - Initializing Spring embedded WebApplicationContext
2021-05-19 21:25:40.026 [main] INFO  o.s.b.w.s.c.ServletWebServerApplicationContext - Root WebApplicationContext: initialization completed in 1038 ms
2021-05-19 21:25:40.639 [main] INFO  o.s.scheduling.concurrent.ThreadPoolTaskExecutor - Initializing ExecutorService 'applicationTaskExecutor'
2021-05-19 21:25:40.839 [main] INFO  org.apache.coyote.http11.Http11NioProtocol - Starting ProtocolHandler ["http-nio-90"]
2021-05-19 21:25:40.854 [main] INFO  o.s.boot.web.embedded.tomcat.TomcatWebServer - Tomcat started on port(s): 90 (http) with context path ''
2021-05-19 21:25:40.862 [main] INFO  com.carcassonne.gameserver.GameserverApplication - Started GameserverApplication in 2.309 seconds (JVM running for 2.846)
2021-05-19 21:28:40.482 [main] INFO  com.carcassonne.gameserver.GameserverApplication - Starting GameserverApplication using Java 11.0.6 on DESKTOP-JMIJ95C with PID 16864 (F:\0My_Data\软件工程实践\test\Carcassonne-Game-Server\target\classes started by chen in F:\0My_Data\软件工程实践\test\Carcassonne-Game-Server)
2021-05-19 21:28:40.485 [main] INFO  com.carcassonne.gameserver.GameserverApplication - No active profile set, falling back to default profiles: default
2021-05-19 21:28:40.945 [main] INFO  o.s.d.r.config.RepositoryConfigurationDelegate - Multiple Spring Data modules found, entering strict repository configuration mode!
2021-05-19 21:28:40.946 [main] INFO  o.s.d.r.config.RepositoryConfigurationDelegate - Bootstrapping Spring Data Redis repositories in DEFAULT mode.
2021-05-19 21:28:40.963 [main] INFO  o.s.d.r.config.RepositoryConfigurationDelegate - Finished Spring Data repository scanning in 9 ms. Found 0 Redis repository interfaces.
2021-05-19 21:28:41.087 [main] INFO  o.s.c.s.PostProcessorRegistrationDelegate$BeanPostProcessorChecker - Bean 'redisConfig' of type [com.carcassonne.gameserver.configuration.RedisConfig$$EnhancerBySpringCGLIB$$78461aac] is not eligible for getting processed by all BeanPostProcessors (for example: not eligible for auto-proxying)
2021-05-19 21:28:41.235 [main] INFO  o.s.boot.web.embedded.tomcat.TomcatWebServer - Tomcat initialized with port(s): 90 (http)
2021-05-19 21:28:41.241 [main] INFO  org.apache.coyote.http11.Http11NioProtocol - Initializing ProtocolHandler ["http-nio-90"]
2021-05-19 21:28:41.241 [main] INFO  org.apache.catalina.core.StandardService - Starting service [Tomcat]
2021-05-19 21:28:41.241 [main] INFO  org.apache.catalina.core.StandardEngine - Starting Servlet engine: [Apache Tomcat/9.0.45]
2021-05-19 21:28:41.311 [main] INFO  o.a.c.core.ContainerBase.[Tomcat].[localhost].[/] - Initializing Spring embedded WebApplicationContext
2021-05-19 21:28:41.311 [main] INFO  o.s.b.w.s.c.ServletWebServerApplicationContext - Root WebApplicationContext: initialization completed in 801 ms
2021-05-19 21:28:41.793 [main] INFO  o.s.scheduling.concurrent.ThreadPoolTaskExecutor - Initializing ExecutorService 'applicationTaskExecutor'
2021-05-19 21:28:42.072 [main] INFO  org.apache.coyote.http11.Http11NioProtocol - Starting ProtocolHandler ["http-nio-90"]
2021-05-19 21:28:42.091 [main] INFO  o.s.boot.web.embedded.tomcat.TomcatWebServer - Tomcat started on port(s): 90 (http) with context path ''
2021-05-19 21:28:42.103 [main] INFO  com.carcassonne.gameserver.GameserverApplication - Started GameserverApplication in 1.92 seconds (JVM running for 2.374)
2021-05-19 21:42:02.275 [http-nio-90-exec-1] INFO  o.a.c.core.ContainerBase.[Tomcat].[localhost].[/] - Initializing Spring DispatcherServlet 'dispatcherServlet'
2021-05-19 21:42:02.275 [http-nio-90-exec-1] INFO  org.springframework.web.servlet.DispatcherServlet - Initializing Servlet 'dispatcherServlet'
2021-05-19 21:42:02.276 [http-nio-90-exec-1] INFO  org.springframework.web.servlet.DispatcherServlet - Completed initialization in 0 ms
2021-05-19 21:42:02.299 [http-nio-90-exec-1] INFO  c.c.gameserver.controller.OfflineController - /offline/userLogin api start  ======> requestBody:{"password":"111","accountNum":"1072876025@qq.com"}
2021-05-19 21:42:02.333 [http-nio-90-exec-1] INFO  com.zaxxer.hikari.HikariDataSource - test - Starting...
2021-05-19 21:42:02.818 [http-nio-90-exec-1] INFO  com.zaxxer.hikari.HikariDataSource - test - Start completed.
2021-05-19 21:42:03.196 [http-nio-90-exec-1] INFO  c.c.gameserver.controller.OfflineController - redis ===> new record :User{id=4, accountNum='1072876025@qq.com', password='111', sex='女', level='0', nickname='cmyyy', headPictureURL='xxx.xxx', state='null', token='eyJhbGciOiJIUzI1NiJ9.eyJyb2xlIjoidXNlciIsImV4cCI6MTYyMTQ1MzMyMiwiaWF0IjoxNjIxNDMxNzIyLCJ1c2VybmFtZSI6IjEwNzI4NzYwMjVAcXEuY29tIn0.TqXd_uDAEGxgMZTdw9hKTMNVLIGXl_thHBpcjIapaOo'}
2021-05-19 21:42:03.196 [http-nio-90-exec-1] INFO  c.c.gameserver.controller.OfflineController - /offline/userLogin api end with 200 , User{id=4, accountNum='1072876025@qq.com', password='111', sex='女', level='0', nickname='cmyyy', headPictureURL='xxx.xxx', state='null', token='eyJhbGciOiJIUzI1NiJ9.eyJyb2xlIjoidXNlciIsImV4cCI6MTYyMTQ1MzMyMiwiaWF0IjoxNjIxNDMxNzIyLCJ1c2VybmFtZSI6IjEwNzI4NzYwMjVAcXEuY29tIn0.TqXd_uDAEGxgMZTdw9hKTMNVLIGXl_thHBpcjIapaOo'} Login successfully 
2021-05-19 21:42:03.505 [http-nio-90-exec-2] INFO  c.c.gameserver.controller.OfflineController - /offline/userLogin api start  ======> requestBody:{"password":"111","accountNum":"1072876026@qq.com"}
2021-05-19 21:42:03.536 [http-nio-90-exec-2] INFO  c.c.gameserver.controller.OfflineController - redis ===> new record :User{id=8, accountNum='1072876026@qq.com', password='111', sex='男', level='0', nickname='gcy', headPictureURL='xxx.xxx', state='null', token='eyJhbGciOiJIUzI1NiJ9.eyJyb2xlIjoidXNlciIsImV4cCI6MTYyMTQ1MzMyMywiaWF0IjoxNjIxNDMxNzIzLCJ1c2VybmFtZSI6IjEwNzI4NzYwMjZAcXEuY29tIn0.pU0lrmlEkHHWdxheCH9_djI7wlv8fe65B9efyyqKVvE'}
2021-05-19 21:42:03.537 [http-nio-90-exec-2] INFO  c.c.gameserver.controller.OfflineController - /offline/userLogin api end with 200 , User{id=8, accountNum='1072876026@qq.com', password='111', sex='男', level='0', nickname='gcy', headPictureURL='xxx.xxx', state='null', token='eyJhbGciOiJIUzI1NiJ9.eyJyb2xlIjoidXNlciIsImV4cCI6MTYyMTQ1MzMyMywiaWF0IjoxNjIxNDMxNzIzLCJ1c2VybmFtZSI6IjEwNzI4NzYwMjZAcXEuY29tIn0.pU0lrmlEkHHWdxheCH9_djI7wlv8fe65B9efyyqKVvE'} Login successfully 
2021-05-19 21:42:04.058 [http-nio-90-exec-3] INFO  c.c.gameserver.controller.WanderController - 1072876025@qq.comcreate room , info :{"roomPassword":"111","code":200,"roomNum":"217079","state":"waitStart","message":"OK, Create room successfully","playerRole":"master","roomName":"myRoom"}
2021-05-19 21:42:04.528 [http-nio-90-exec-4] INFO  c.c.gameserver.controller.WanderController - 1072876026@qq.comJoin  room successfully , info :{"code":200,"state":"waitStart","message":"OK, 1072876026@qq.comJoin  room successfully","playerRole":"member"}
2021-05-19 21:42:05.038 [http-nio-90-exec-5] INFO  com.carcassonne.gameserver.manager.MainGameManager - 1072876025@qq.comin room 217079 getReady
2021-05-19 21:42:05.543 [http-nio-90-exec-6] INFO  com.carcassonne.gameserver.manager.RoomManager - gameStart[User{id=null, accountNum='1072876025@qq.com', password='111', sex='女', level='0', nickname='cmyyy', headPictureURL='xxx.xxx', state='null', token='null'}, User{id=null, accountNum='1072876026@qq.com', password='111', sex='男', level='0', nickname='gcy', headPictureURL='xxx.xxx', state='null', token='null'}]
2021-05-19 21:42:05.543 [http-nio-90-exec-6] INFO  com.carcassonne.gameserver.manager.MainGameManager - 1072876026@qq.comin room 217079 getReady
2021-05-19 21:44:22.410 [main] INFO  com.carcassonne.gameserver.GameserverApplication - Starting GameserverApplication using Java 11.0.6 on DESKTOP-JMIJ95C with PID 12948 (F:\0My_Data\软件工程实践\test\Carcassonne-Game-Server\target\classes started by chen in F:\0My_Data\软件工程实践\test\Carcassonne-Game-Server)
2021-05-19 21:44:22.412 [main] INFO  com.carcassonne.gameserver.GameserverApplication - No active profile set, falling back to default profiles: default
2021-05-19 21:44:22.868 [main] INFO  o.s.d.r.config.RepositoryConfigurationDelegate - Multiple Spring Data modules found, entering strict repository configuration mode!
2021-05-19 21:44:22.869 [main] INFO  o.s.d.r.config.RepositoryConfigurationDelegate - Bootstrapping Spring Data Redis repositories in DEFAULT mode.
2021-05-19 21:44:22.885 [main] INFO  o.s.d.r.config.RepositoryConfigurationDelegate - Finished Spring Data repository scanning in 9 ms. Found 0 Redis repository interfaces.
2021-05-19 21:44:23.017 [main] INFO  o.s.c.s.PostProcessorRegistrationDelegate$BeanPostProcessorChecker - Bean 'redisConfig' of type [com.carcassonne.gameserver.configuration.RedisConfig$$EnhancerBySpringCGLIB$$9d5e896] is not eligible for getting processed by all BeanPostProcessors (for example: not eligible for auto-proxying)
2021-05-19 21:44:23.174 [main] INFO  o.s.boot.web.embedded.tomcat.TomcatWebServer - Tomcat initialized with port(s): 90 (http)
2021-05-19 21:44:23.179 [main] INFO  org.apache.coyote.http11.Http11NioProtocol - Initializing ProtocolHandler ["http-nio-90"]
2021-05-19 21:44:23.179 [main] INFO  org.apache.catalina.core.StandardService - Starting service [Tomcat]
2021-05-19 21:44:23.179 [main] INFO  org.apache.catalina.core.StandardEngine - Starting Servlet engine: [Apache Tomcat/9.0.45]
2021-05-19 21:44:23.250 [main] INFO  o.a.c.core.ContainerBase.[Tomcat].[localhost].[/] - Initializing Spring embedded WebApplicationContext
2021-05-19 21:44:23.250 [main] INFO  o.s.b.w.s.c.ServletWebServerApplicationContext - Root WebApplicationContext: initialization completed in 809 ms
2021-05-19 21:44:23.705 [main] INFO  o.s.scheduling.concurrent.ThreadPoolTaskExecutor - Initializing ExecutorService 'applicationTaskExecutor'
2021-05-19 21:44:23.867 [main] INFO  org.apache.coyote.http11.Http11NioProtocol - Starting ProtocolHandler ["http-nio-90"]
2021-05-19 21:44:23.880 [main] INFO  o.s.boot.web.embedded.tomcat.TomcatWebServer - Tomcat started on port(s): 90 (http) with context path ''
2021-05-19 21:44:23.888 [main] INFO  com.carcassonne.gameserver.GameserverApplication - Started GameserverApplication in 1.774 seconds (JVM running for 2.221)
2021-05-19 21:44:29.804 [http-nio-90-exec-1] INFO  o.a.c.core.ContainerBase.[Tomcat].[localhost].[/] - Initializing Spring DispatcherServlet 'dispatcherServlet'
2021-05-19 21:44:29.805 [http-nio-90-exec-1] INFO  org.springframework.web.servlet.DispatcherServlet - Initializing Servlet 'dispatcherServlet'
2021-05-19 21:44:29.806 [http-nio-90-exec-1] INFO  org.springframework.web.servlet.DispatcherServlet - Completed initialization in 1 ms
2021-05-19 21:44:29.827 [http-nio-90-exec-1] INFO  c.c.gameserver.controller.OfflineController - /offline/userLogin api start  ======> requestBody:{"password":"111","accountNum":"1072876025@qq.com"}
2021-05-19 21:44:29.860 [http-nio-90-exec-1] INFO  com.zaxxer.hikari.HikariDataSource - test - Starting...
2021-05-19 21:44:30.315 [http-nio-90-exec-1] INFO  com.zaxxer.hikari.HikariDataSource - test - Start completed.
2021-05-19 21:44:30.671 [http-nio-90-exec-1] INFO  c.c.gameserver.controller.OfflineController - redis ===> new record :User{id=4, accountNum='1072876025@qq.com', password='111', sex='女', level='0', nickname='cmyyy', headPictureURL='xxx.xxx', state='null', token='eyJhbGciOiJIUzI1NiJ9.eyJyb2xlIjoidXNlciIsImV4cCI6MTYyMTQ1MzQ3MCwiaWF0IjoxNjIxNDMxODcwLCJ1c2VybmFtZSI6IjEwNzI4NzYwMjVAcXEuY29tIn0.Uo9RYycmuSGU-7visoHPKxyHrVELmJKnnnF7NTdxA8g'}
2021-05-19 21:44:30.671 [http-nio-90-exec-1] INFO  c.c.gameserver.controller.OfflineController - /offline/userLogin api end with 200 , User{id=4, accountNum='1072876025@qq.com', password='111', sex='女', level='0', nickname='cmyyy', headPictureURL='xxx.xxx', state='null', token='eyJhbGciOiJIUzI1NiJ9.eyJyb2xlIjoidXNlciIsImV4cCI6MTYyMTQ1MzQ3MCwiaWF0IjoxNjIxNDMxODcwLCJ1c2VybmFtZSI6IjEwNzI4NzYwMjVAcXEuY29tIn0.Uo9RYycmuSGU-7visoHPKxyHrVELmJKnnnF7NTdxA8g'} Login successfully 
2021-05-19 21:44:31.045 [http-nio-90-exec-2] INFO  c.c.gameserver.controller.OfflineController - /offline/userLogin api start  ======> requestBody:{"password":"111","accountNum":"1072876026@qq.com"}
2021-05-19 21:44:31.082 [http-nio-90-exec-2] INFO  c.c.gameserver.controller.OfflineController - redis ===> new record :User{id=8, accountNum='1072876026@qq.com', password='111', sex='男', level='0', nickname='gcy', headPictureURL='xxx.xxx', state='null', token='eyJhbGciOiJIUzI1NiJ9.eyJyb2xlIjoidXNlciIsImV4cCI6MTYyMTQ1MzQ3MSwiaWF0IjoxNjIxNDMxODcxLCJ1c2VybmFtZSI6IjEwNzI4NzYwMjZAcXEuY29tIn0.KKB993TxgOXVgTdaEHo4Okmu_PCwHGfockSQBjxX7yc'}
2021-05-19 21:44:31.082 [http-nio-90-exec-2] INFO  c.c.gameserver.controller.OfflineController - /offline/userLogin api end with 200 , User{id=8, accountNum='1072876026@qq.com', password='111', sex='男', level='0', nickname='gcy', headPictureURL='xxx.xxx', state='null', token='eyJhbGciOiJIUzI1NiJ9.eyJyb2xlIjoidXNlciIsImV4cCI6MTYyMTQ1MzQ3MSwiaWF0IjoxNjIxNDMxODcxLCJ1c2VybmFtZSI6IjEwNzI4NzYwMjZAcXEuY29tIn0.KKB993TxgOXVgTdaEHo4Okmu_PCwHGfockSQBjxX7yc'} Login successfully 
2021-05-19 21:44:31.618 [http-nio-90-exec-3] INFO  c.c.gameserver.controller.WanderController - 1072876025@qq.comcreate room , info :{"roomPassword":"111","code":200,"roomNum":"120862","state":"waitStart","message":"OK, Create room successfully","playerRole":"master","roomName":"myRoom"}
2021-05-19 21:44:32.076 [http-nio-90-exec-4] INFO  c.c.gameserver.controller.WanderController - 1072876026@qq.comJoin  room successfully , info :{"code":200,"state":"waitStart","message":"OK, 1072876026@qq.comJoin  room successfully","playerRole":"member"}
2021-05-19 21:44:32.585 [http-nio-90-exec-5] INFO  com.carcassonne.gameserver.manager.MainGameManager - 1072876025@qq.comin room 120862 getReady
2021-05-19 21:44:33.095 [http-nio-90-exec-6] INFO  com.carcassonne.gameserver.manager.RoomManager - gameStart[User{id=null, accountNum='1072876025@qq.com', password='111', sex='女', level='0', nickname='cmyyy', headPictureURL='xxx.xxx', state='null', token='null'}, User{id=null, accountNum='1072876026@qq.com', password='111', sex='男', level='0', nickname='gcy', headPictureURL='xxx.xxx', state='null', token='null'}]
2021-05-19 21:44:33.095 [http-nio-90-exec-6] INFO  com.carcassonne.gameserver.manager.MainGameManager - 1072876026@qq.comin room 120862 getReady
2021-05-19 21:45:30.330 [main] INFO  com.carcassonne.gameserver.GameserverApplication - Starting GameserverApplication using Java 11.0.6 on DESKTOP-JMIJ95C with PID 15724 (F:\0My_Data\软件工程实践\test\Carcassonne-Game-Server\target\classes started by chen in F:\0My_Data\软件工程实践\test\Carcassonne-Game-Server)
2021-05-19 21:45:30.332 [main] INFO  com.carcassonne.gameserver.GameserverApplication - No active profile set, falling back to default profiles: default
2021-05-19 21:45:30.789 [main] INFO  o.s.d.r.config.RepositoryConfigurationDelegate - Multiple Spring Data modules found, entering strict repository configuration mode!
2021-05-19 21:45:30.790 [main] INFO  o.s.d.r.config.RepositoryConfigurationDelegate - Bootstrapping Spring Data Redis repositories in DEFAULT mode.
2021-05-19 21:45:30.807 [main] INFO  o.s.d.r.config.RepositoryConfigurationDelegate - Finished Spring Data repository scanning in 8 ms. Found 0 Redis repository interfaces.
2021-05-19 21:45:30.937 [main] INFO  o.s.c.s.PostProcessorRegistrationDelegate$BeanPostProcessorChecker - Bean 'redisConfig' of type [com.carcassonne.gameserver.configuration.RedisConfig$$EnhancerBySpringCGLIB$$1a4a2797] is not eligible for getting processed by all BeanPostProcessors (for example: not eligible for auto-proxying)
2021-05-19 21:45:31.086 [main] INFO  o.s.boot.web.embedded.tomcat.TomcatWebServer - Tomcat initialized with port(s): 90 (http)
2021-05-19 21:45:31.091 [main] INFO  org.apache.coyote.http11.Http11NioProtocol - Initializing ProtocolHandler ["http-nio-90"]
2021-05-19 21:45:31.091 [main] INFO  org.apache.catalina.core.StandardService - Starting service [Tomcat]
2021-05-19 21:45:31.091 [main] INFO  org.apache.catalina.core.StandardEngine - Starting Servlet engine: [Apache Tomcat/9.0.45]
2021-05-19 21:45:31.163 [main] INFO  o.a.c.core.ContainerBase.[Tomcat].[localhost].[/] - Initializing Spring embedded WebApplicationContext
2021-05-19 21:45:31.163 [main] INFO  o.s.b.w.s.c.ServletWebServerApplicationContext - Root WebApplicationContext: initialization completed in 805 ms
2021-05-19 21:45:31.623 [main] INFO  o.s.scheduling.concurrent.ThreadPoolTaskExecutor - Initializing ExecutorService 'applicationTaskExecutor'
2021-05-19 21:45:31.786 [main] INFO  org.apache.coyote.http11.Http11NioProtocol - Starting ProtocolHandler ["http-nio-90"]
2021-05-19 21:45:31.799 [main] INFO  o.s.boot.web.embedded.tomcat.TomcatWebServer - Tomcat started on port(s): 90 (http) with context path ''
2021-05-19 21:45:31.806 [main] INFO  com.carcassonne.gameserver.GameserverApplication - Started GameserverApplication in 1.784 seconds (JVM running for 2.242)
2021-05-19 21:45:34.343 [http-nio-90-exec-1] INFO  o.a.c.core.ContainerBase.[Tomcat].[localhost].[/] - Initializing Spring DispatcherServlet 'dispatcherServlet'
2021-05-19 21:45:34.343 [http-nio-90-exec-1] INFO  org.springframework.web.servlet.DispatcherServlet - Initializing Servlet 'dispatcherServlet'
2021-05-19 21:45:34.344 [http-nio-90-exec-1] INFO  org.springframework.web.servlet.DispatcherServlet - Completed initialization in 1 ms
2021-05-19 21:45:34.363 [http-nio-90-exec-1] INFO  c.c.gameserver.controller.OfflineController - /offline/userLogin api start  ======> requestBody:{"password":"111","accountNum":"1072876025@qq.com"}
2021-05-19 21:45:34.393 [http-nio-90-exec-1] INFO  com.zaxxer.hikari.HikariDataSource - test - Starting...
2021-05-19 21:45:34.841 [http-nio-90-exec-1] INFO  com.zaxxer.hikari.HikariDataSource - test - Start completed.
2021-05-19 21:45:35.187 [http-nio-90-exec-1] INFO  c.c.gameserver.controller.OfflineController - redis ===> new record :User{id=4, accountNum='1072876025@qq.com', password='111', sex='女', level='0', nickname='cmyyy', headPictureURL='xxx.xxx', state='null', token='eyJhbGciOiJIUzI1NiJ9.eyJyb2xlIjoidXNlciIsImV4cCI6MTYyMTQ1MzUzNCwiaWF0IjoxNjIxNDMxOTM0LCJ1c2VybmFtZSI6IjEwNzI4NzYwMjVAcXEuY29tIn0.64-Pe71lVGq3bVYvOM-_UXFOdIODiDVQGMvrOZRBdjI'}
2021-05-19 21:45:35.187 [http-nio-90-exec-1] INFO  c.c.gameserver.controller.OfflineController - /offline/userLogin api end with 200 , User{id=4, accountNum='1072876025@qq.com', password='111', sex='女', level='0', nickname='cmyyy', headPictureURL='xxx.xxx', state='null', token='eyJhbGciOiJIUzI1NiJ9.eyJyb2xlIjoidXNlciIsImV4cCI6MTYyMTQ1MzUzNCwiaWF0IjoxNjIxNDMxOTM0LCJ1c2VybmFtZSI6IjEwNzI4NzYwMjVAcXEuY29tIn0.64-Pe71lVGq3bVYvOM-_UXFOdIODiDVQGMvrOZRBdjI'} Login successfully 
2021-05-19 21:45:35.576 [http-nio-90-exec-3] INFO  c.c.gameserver.controller.OfflineController - /offline/userLogin api start  ======> requestBody:{"password":"111","accountNum":"1072876026@qq.com"}
2021-05-19 21:45:35.615 [http-nio-90-exec-3] INFO  c.c.gameserver.controller.OfflineController - redis ===> new record :User{id=8, accountNum='1072876026@qq.com', password='111', sex='男', level='0', nickname='gcy', headPictureURL='xxx.xxx', state='null', token='eyJhbGciOiJIUzI1NiJ9.eyJyb2xlIjoidXNlciIsImV4cCI6MTYyMTQ1MzUzNSwiaWF0IjoxNjIxNDMxOTM1LCJ1c2VybmFtZSI6IjEwNzI4NzYwMjZAcXEuY29tIn0.OY5jXC0XG0S45RQvV0CcNQosrLGazbw4llVPf15Mtd0'}
2021-05-19 21:45:35.616 [http-nio-90-exec-3] INFO  c.c.gameserver.controller.OfflineController - /offline/userLogin api end with 200 , User{id=8, accountNum='1072876026@qq.com', password='111', sex='男', level='0', nickname='gcy', headPictureURL='xxx.xxx', state='null', token='eyJhbGciOiJIUzI1NiJ9.eyJyb2xlIjoidXNlciIsImV4cCI6MTYyMTQ1MzUzNSwiaWF0IjoxNjIxNDMxOTM1LCJ1c2VybmFtZSI6IjEwNzI4NzYwMjZAcXEuY29tIn0.OY5jXC0XG0S45RQvV0CcNQosrLGazbw4llVPf15Mtd0'} Login successfully 
2021-05-19 21:45:36.142 [http-nio-90-exec-2] INFO  c.c.gameserver.controller.WanderController - 1072876025@qq.comcreate room , info :{"roomPassword":"111","code":200,"roomNum":"582880","state":"waitStart","message":"OK, Create room successfully","playerRole":"master","roomName":"myRoom"}
2021-05-19 21:45:36.609 [http-nio-90-exec-4] INFO  c.c.gameserver.controller.WanderController - 1072876026@qq.comJoin  room successfully , info :{"code":200,"state":"waitStart","message":"OK, 1072876026@qq.comJoin  room successfully","playerRole":"member"}
2021-05-19 21:45:37.117 [http-nio-90-exec-5] INFO  com.carcassonne.gameserver.manager.MainGameManager - 1072876025@qq.comin room 582880 getReady
2021-05-19 21:45:37.624 [http-nio-90-exec-6] INFO  com.carcassonne.gameserver.manager.RoomManager - gameStart[User{id=null, accountNum='1072876025@qq.com', password='111', sex='女', level='0', nickname='cmyyy', headPictureURL='xxx.xxx', state='null', token='null'}, User{id=null, accountNum='1072876026@qq.com', password='111', sex='男', level='0', nickname='gcy', headPictureURL='xxx.xxx', state='null', token='null'}]
2021-05-19 21:45:37.625 [http-nio-90-exec-6] INFO  com.carcassonne.gameserver.manager.MainGameManager - 1072876026@qq.comin room 582880 getReady
2021-05-19 21:49:45.461 [main] INFO  com.carcassonne.gameserver.GameserverApplication - Starting GameserverApplication using Java 11.0.6 on DESKTOP-JMIJ95C with PID 15484 (F:\0My_Data\软件工程实践\test\Carcassonne-Game-Server\target\classes started by chen in F:\0My_Data\软件工程实践\test\Carcassonne-Game-Server)
2021-05-19 21:49:45.463 [main] INFO  com.carcassonne.gameserver.GameserverApplication - No active profile set, falling back to default profiles: default
2021-05-19 21:49:45.913 [main] INFO  o.s.d.r.config.RepositoryConfigurationDelegate - Multiple Spring Data modules found, entering strict repository configuration mode!
2021-05-19 21:49:45.914 [main] INFO  o.s.d.r.config.RepositoryConfigurationDelegate - Bootstrapping Spring Data Redis repositories in DEFAULT mode.
2021-05-19 21:49:45.931 [main] INFO  o.s.d.r.config.RepositoryConfigurationDelegate - Finished Spring Data repository scanning in 9 ms. Found 0 Redis repository interfaces.
2021-05-19 21:49:46.057 [main] INFO  o.s.c.s.PostProcessorRegistrationDelegate$BeanPostProcessorChecker - Bean 'redisConfig' of type [com.carcassonne.gameserver.configuration.RedisConfig$$EnhancerBySpringCGLIB$$97dd4cf8] is not eligible for getting processed by all BeanPostProcessors (for example: not eligible for auto-proxying)
2021-05-19 21:49:46.210 [main] INFO  o.s.boot.web.embedded.tomcat.TomcatWebServer - Tomcat initialized with port(s): 90 (http)
2021-05-19 21:49:46.215 [main] INFO  org.apache.coyote.http11.Http11NioProtocol - Initializing ProtocolHandler ["http-nio-90"]
2021-05-19 21:49:46.216 [main] INFO  org.apache.catalina.core.StandardService - Starting service [Tomcat]
2021-05-19 21:49:46.216 [main] INFO  org.apache.catalina.core.StandardEngine - Starting Servlet engine: [Apache Tomcat/9.0.45]
2021-05-19 21:49:46.287 [main] INFO  o.a.c.core.ContainerBase.[Tomcat].[localhost].[/] - Initializing Spring embedded WebApplicationContext
2021-05-19 21:49:46.288 [main] INFO  o.s.b.w.s.c.ServletWebServerApplicationContext - Root WebApplicationContext: initialization completed in 797 ms
2021-05-19 21:49:46.737 [main] INFO  o.s.scheduling.concurrent.ThreadPoolTaskExecutor - Initializing ExecutorService 'applicationTaskExecutor'
2021-05-19 21:49:46.904 [main] INFO  org.apache.coyote.http11.Http11NioProtocol - Starting ProtocolHandler ["http-nio-90"]
2021-05-19 21:49:46.916 [main] INFO  o.s.boot.web.embedded.tomcat.TomcatWebServer - Tomcat started on port(s): 90 (http) with context path ''
2021-05-19 21:49:46.924 [main] INFO  com.carcassonne.gameserver.GameserverApplication - Started GameserverApplication in 1.781 seconds (JVM running for 2.236)
2021-05-19 21:49:51.194 [http-nio-90-exec-1] INFO  o.a.c.core.ContainerBase.[Tomcat].[localhost].[/] - Initializing Spring DispatcherServlet 'dispatcherServlet'
2021-05-19 21:49:51.195 [http-nio-90-exec-1] INFO  org.springframework.web.servlet.DispatcherServlet - Initializing Servlet 'dispatcherServlet'
2021-05-19 21:49:51.195 [http-nio-90-exec-1] INFO  org.springframework.web.servlet.DispatcherServlet - Completed initialization in 0 ms
2021-05-19 21:49:51.214 [http-nio-90-exec-1] INFO  c.c.gameserver.controller.OfflineController - /offline/userLogin api start  ======> requestBody:{"password":"111","accountNum":"1072876025@qq.com"}
2021-05-19 21:49:51.244 [http-nio-90-exec-1] INFO  com.zaxxer.hikari.HikariDataSource - test - Starting...
2021-05-19 21:49:51.740 [http-nio-90-exec-1] INFO  com.zaxxer.hikari.HikariDataSource - test - Start completed.
2021-05-19 21:49:52.087 [http-nio-90-exec-1] INFO  c.c.gameserver.controller.OfflineController - redis ===> new record :User{id=4, accountNum='1072876025@qq.com', password='111', sex='女', level='0', nickname='cmyyy', headPictureURL='xxx.xxx', state='null', token='eyJhbGciOiJIUzI1NiJ9.eyJyb2xlIjoidXNlciIsImV4cCI6MTYyMTQ1Mzc5MSwiaWF0IjoxNjIxNDMyMTkxLCJ1c2VybmFtZSI6IjEwNzI4NzYwMjVAcXEuY29tIn0.dksJ8Ms513Dw_M55RSNEaHeFAOiiGP1bcq9aprSg-8E'}
2021-05-19 21:49:52.088 [http-nio-90-exec-1] INFO  c.c.gameserver.controller.OfflineController - /offline/userLogin api end with 200 , User{id=4, accountNum='1072876025@qq.com', password='111', sex='女', level='0', nickname='cmyyy', headPictureURL='xxx.xxx', state='null', token='eyJhbGciOiJIUzI1NiJ9.eyJyb2xlIjoidXNlciIsImV4cCI6MTYyMTQ1Mzc5MSwiaWF0IjoxNjIxNDMyMTkxLCJ1c2VybmFtZSI6IjEwNzI4NzYwMjVAcXEuY29tIn0.dksJ8Ms513Dw_M55RSNEaHeFAOiiGP1bcq9aprSg-8E'} Login successfully 
2021-05-19 21:49:52.440 [http-nio-90-exec-2] INFO  c.c.gameserver.controller.OfflineController - /offline/userLogin api start  ======> requestBody:{"password":"111","accountNum":"1072876026@qq.com"}
2021-05-19 21:49:52.494 [http-nio-90-exec-2] INFO  c.c.gameserver.controller.OfflineController - redis ===> new record :User{id=8, accountNum='1072876026@qq.com', password='111', sex='男', level='0', nickname='gcy', headPictureURL='xxx.xxx', state='null', token='eyJhbGciOiJIUzI1NiJ9.eyJyb2xlIjoidXNlciIsImV4cCI6MTYyMTQ1Mzc5MiwiaWF0IjoxNjIxNDMyMTkyLCJ1c2VybmFtZSI6IjEwNzI4NzYwMjZAcXEuY29tIn0.R3lsxLS2lOIKURyJwjRfrMZFLHjDSTewoJO0nq1jYB4'}
2021-05-19 21:49:52.494 [http-nio-90-exec-2] INFO  c.c.gameserver.controller.OfflineController - /offline/userLogin api end with 200 , User{id=8, accountNum='1072876026@qq.com', password='111', sex='男', level='0', nickname='gcy', headPictureURL='xxx.xxx', state='null', token='eyJhbGciOiJIUzI1NiJ9.eyJyb2xlIjoidXNlciIsImV4cCI6MTYyMTQ1Mzc5MiwiaWF0IjoxNjIxNDMyMTkyLCJ1c2VybmFtZSI6IjEwNzI4NzYwMjZAcXEuY29tIn0.R3lsxLS2lOIKURyJwjRfrMZFLHjDSTewoJO0nq1jYB4'} Login successfully 
2021-05-19 21:49:53.020 [http-nio-90-exec-3] INFO  c.c.gameserver.controller.WanderController - 1072876025@qq.comcreate room , info :{"roomPassword":"111","code":200,"roomNum":"724434","state":"waitStart","message":"OK, Create room successfully","playerRole":"master","roomName":"myRoom"}
2021-05-19 21:49:53.476 [http-nio-90-exec-4] INFO  c.c.gameserver.controller.WanderController - 1072876026@qq.comJoin  room successfully , info :{"code":200,"state":"waitStart","message":"OK, 1072876026@qq.comJoin  room successfully","playerRole":"member"}
2021-05-19 21:49:53.980 [http-nio-90-exec-5] INFO  com.carcassonne.gameserver.manager.MainGameManager - 1072876025@qq.comin room 724434 getReady
2021-05-19 21:49:54.493 [http-nio-90-exec-6] INFO  com.carcassonne.gameserver.manager.RoomManager - gameStart[User{id=null, accountNum='1072876025@qq.com', password='111', sex='女', level='0', nickname='cmyyy', headPictureURL='xxx.xxx', state='null', token='null'}, User{id=null, accountNum='1072876026@qq.com', password='111', sex='男', level='0', nickname='gcy', headPictureURL='xxx.xxx', state='null', token='null'}]
2021-05-19 21:49:54.493 [http-nio-90-exec-6] INFO  com.carcassonne.gameserver.manager.MainGameManager - 1072876026@qq.comin room 724434 getReady
2021-05-19 21:51:00.472 [http-nio-90-exec-5] INFO  c.c.gameserver.controller.OfflineController - /offline/userLogin api start  ======> requestBody:{"password":"111","accountNum":"1072876025@qq.com"}
2021-05-19 21:51:00.517 [http-nio-90-exec-5] INFO  c.c.gameserver.controller.OfflineController - redis ===> new record :User{id=4, accountNum='1072876025@qq.com', password='111', sex='女', level='0', nickname='cmyyy', headPictureURL='xxx.xxx', state='null', token='eyJhbGciOiJIUzI1NiJ9.eyJyb2xlIjoidXNlciIsImV4cCI6MTYyMTQ1Mzg2MCwiaWF0IjoxNjIxNDMyMjYwLCJ1c2VybmFtZSI6IjEwNzI4NzYwMjVAcXEuY29tIn0.1cLSDF2yi1kNen3TS1_izZUIZF0y6l1CNiO3G4b2CVc'}
2021-05-19 21:51:00.517 [http-nio-90-exec-5] INFO  c.c.gameserver.controller.OfflineController - /offline/userLogin api end with 200 , User{id=4, accountNum='1072876025@qq.com', password='111', sex='女', level='0', nickname='cmyyy', headPictureURL='xxx.xxx', state='null', token='eyJhbGciOiJIUzI1NiJ9.eyJyb2xlIjoidXNlciIsImV4cCI6MTYyMTQ1Mzg2MCwiaWF0IjoxNjIxNDMyMjYwLCJ1c2VybmFtZSI6IjEwNzI4NzYwMjVAcXEuY29tIn0.1cLSDF2yi1kNen3TS1_izZUIZF0y6l1CNiO3G4b2CVc'} Login successfully 
2021-05-19 21:51:00.707 [http-nio-90-exec-6] INFO  c.c.gameserver.controller.OfflineController - /offline/userLogin api start  ======> requestBody:{"password":"111","accountNum":"1072876026@qq.com"}
2021-05-19 21:51:00.730 [http-nio-90-exec-6] INFO  c.c.gameserver.controller.OfflineController - redis ===> new record :User{id=8, accountNum='1072876026@qq.com', password='111', sex='男', level='0', nickname='gcy', headPictureURL='xxx.xxx', state='null', token='eyJhbGciOiJIUzI1NiJ9.eyJyb2xlIjoidXNlciIsImV4cCI6MTYyMTQ1Mzg2MCwiaWF0IjoxNjIxNDMyMjYwLCJ1c2VybmFtZSI6IjEwNzI4NzYwMjZAcXEuY29tIn0.AOok4qVLy9eUcLgAvtyqsy7hOR1txtDUFilS48rNJ0I'}
2021-05-19 21:51:00.731 [http-nio-90-exec-6] INFO  c.c.gameserver.controller.OfflineController - /offline/userLogin api end with 200 , User{id=8, accountNum='1072876026@qq.com', password='111', sex='男', level='0', nickname='gcy', headPictureURL='xxx.xxx', state='null', token='eyJhbGciOiJIUzI1NiJ9.eyJyb2xlIjoidXNlciIsImV4cCI6MTYyMTQ1Mzg2MCwiaWF0IjoxNjIxNDMyMjYwLCJ1c2VybmFtZSI6IjEwNzI4NzYwMjZAcXEuY29tIn0.AOok4qVLy9eUcLgAvtyqsy7hOR1txtDUFilS48rNJ0I'} Login successfully 
2021-05-19 21:51:01.270 [http-nio-90-exec-7] INFO  c.c.gameserver.controller.WanderController - 1072876025@qq.comcreate room , info :{"roomPassword":"111","code":200,"roomNum":"175691","state":"waitStart","message":"OK, Create room successfully","playerRole":"master","roomName":"myRoom"}
2021-05-19 21:51:01.733 [http-nio-90-exec-8] INFO  c.c.gameserver.controller.WanderController - 1072876026@qq.comJoin  room successfully , info :{"code":200,"state":"waitStart","message":"OK, 1072876026@qq.comJoin  room successfully","playerRole":"member"}
2021-05-19 21:51:02.239 [http-nio-90-exec-4] INFO  com.carcassonne.gameserver.manager.MainGameManager - 1072876025@qq.comin room 175691 getReady
2021-05-19 21:51:02.750 [http-nio-90-exec-9] INFO  com.carcassonne.gameserver.manager.RoomManager - gameStart[User{id=null, accountNum='1072876025@qq.com', password='111', sex='女', level='0', nickname='cmyyy', headPictureURL='xxx.xxx', state='null', token='null'}, User{id=null, accountNum='1072876026@qq.com', password='111', sex='男', level='0', nickname='gcy', headPictureURL='xxx.xxx', state='null', token='null'}]
2021-05-19 21:51:02.750 [http-nio-90-exec-9] INFO  com.carcassonne.gameserver.manager.MainGameManager - 1072876026@qq.comin room 175691 getReady
2021-05-19 22:30:32.022 [main] INFO  com.carcassonne.gameserver.GameserverApplication - Starting GameserverApplication using Java 11.0.6 on DESKTOP-JMIJ95C with PID 14888 (F:\0My_Data\软件工程实践\test\Carcassonne-Game-Server\target\classes started by chen in F:\0My_Data\软件工程实践\test\Carcassonne-Game-Server)
2021-05-19 22:30:32.023 [main] INFO  com.carcassonne.gameserver.GameserverApplication - No active profile set, falling back to default profiles: default
2021-05-19 22:30:32.458 [main] INFO  o.s.d.r.config.RepositoryConfigurationDelegate - Multiple Spring Data modules found, entering strict repository configuration mode!
2021-05-19 22:30:32.460 [main] INFO  o.s.d.r.config.RepositoryConfigurationDelegate - Bootstrapping Spring Data Redis repositories in DEFAULT mode.
2021-05-19 22:30:32.477 [main] INFO  o.s.d.r.config.RepositoryConfigurationDelegate - Finished Spring Data repository scanning in 10 ms. Found 0 Redis repository interfaces.
2021-05-19 22:30:32.595 [main] INFO  o.s.c.s.PostProcessorRegistrationDelegate$BeanPostProcessorChecker - Bean 'redisConfig' of type [com.carcassonne.gameserver.configuration.RedisConfig$$EnhancerBySpringCGLIB$$1a4a2797] is not eligible for getting processed by all BeanPostProcessors (for example: not eligible for auto-proxying)
2021-05-19 22:30:32.737 [main] INFO  o.s.boot.web.embedded.tomcat.TomcatWebServer - Tomcat initialized with port(s): 90 (http)
2021-05-19 22:30:32.742 [main] INFO  org.apache.coyote.http11.Http11NioProtocol - Initializing ProtocolHandler ["http-nio-90"]
2021-05-19 22:30:32.743 [main] INFO  org.apache.catalina.core.StandardService - Starting service [Tomcat]
2021-05-19 22:30:32.743 [main] INFO  org.apache.catalina.core.StandardEngine - Starting Servlet engine: [Apache Tomcat/9.0.45]
2021-05-19 22:30:32.811 [main] INFO  o.a.c.core.ContainerBase.[Tomcat].[localhost].[/] - Initializing Spring embedded WebApplicationContext
2021-05-19 22:30:32.811 [main] INFO  o.s.b.w.s.c.ServletWebServerApplicationContext - Root WebApplicationContext: initialization completed in 760 ms
2021-05-19 22:30:33.252 [main] INFO  o.s.scheduling.concurrent.ThreadPoolTaskExecutor - Initializing ExecutorService 'applicationTaskExecutor'
2021-05-19 22:30:33.412 [main] INFO  org.apache.coyote.http11.Http11NioProtocol - Starting ProtocolHandler ["http-nio-90"]
2021-05-19 22:30:33.424 [main] INFO  o.s.boot.web.embedded.tomcat.TomcatWebServer - Tomcat started on port(s): 90 (http) with context path ''
2021-05-19 22:30:33.432 [main] INFO  com.carcassonne.gameserver.GameserverApplication - Started GameserverApplication in 1.703 seconds (JVM running for 2.123)
2021-05-19 22:30:44.085 [http-nio-90-exec-1] INFO  o.a.c.core.ContainerBase.[Tomcat].[localhost].[/] - Initializing Spring DispatcherServlet 'dispatcherServlet'
2021-05-19 22:30:44.085 [http-nio-90-exec-1] INFO  org.springframework.web.servlet.DispatcherServlet - Initializing Servlet 'dispatcherServlet'
2021-05-19 22:30:44.086 [http-nio-90-exec-1] INFO  org.springframework.web.servlet.DispatcherServlet - Completed initialization in 1 ms
2021-05-19 22:30:44.104 [http-nio-90-exec-1] INFO  c.c.gameserver.controller.OfflineController - /offline/userLogin api start  ======> requestBody:{"password":"111","accountNum":"1072876025@qq.com"}
2021-05-19 22:30:44.134 [http-nio-90-exec-1] INFO  com.zaxxer.hikari.HikariDataSource - test - Starting...
2021-05-19 22:30:45.070 [http-nio-90-exec-1] INFO  com.zaxxer.hikari.HikariDataSource - test - Start completed.
2021-05-19 22:30:45.400 [http-nio-90-exec-1] INFO  c.c.gameserver.controller.OfflineController - redis ===> new record :User{id=4, accountNum='1072876025@qq.com', password='111', sex='女', level='0', nickname='cmyyy', headPictureURL='xxx.xxx', state='null', token='eyJhbGciOiJIUzI1NiJ9.eyJyb2xlIjoidXNlciIsImV4cCI6MTYyMTQ1NjI0NSwiaWF0IjoxNjIxNDM0NjQ1LCJ1c2VybmFtZSI6IjEwNzI4NzYwMjVAcXEuY29tIn0.hGCGbkj9-ORRgHKyP5QLShyYJKKDiiWYb9kKMzpzcn0'}
2021-05-19 22:30:45.400 [http-nio-90-exec-1] INFO  c.c.gameserver.controller.OfflineController - /offline/userLogin api end with 200 , User{id=4, accountNum='1072876025@qq.com', password='111', sex='女', level='0', nickname='cmyyy', headPictureURL='xxx.xxx', state='null', token='eyJhbGciOiJIUzI1NiJ9.eyJyb2xlIjoidXNlciIsImV4cCI6MTYyMTQ1NjI0NSwiaWF0IjoxNjIxNDM0NjQ1LCJ1c2VybmFtZSI6IjEwNzI4NzYwMjVAcXEuY29tIn0.hGCGbkj9-ORRgHKyP5QLShyYJKKDiiWYb9kKMzpzcn0'} Login successfully 
2021-05-19 22:30:45.819 [http-nio-90-exec-2] INFO  c.c.gameserver.controller.OfflineController - /offline/userLogin api start  ======> requestBody:{"password":"111","accountNum":"1072876026@qq.com"}
2021-05-19 22:30:45.857 [http-nio-90-exec-2] INFO  c.c.gameserver.controller.OfflineController - redis ===> new record :User{id=8, accountNum='1072876026@qq.com', password='111', sex='男', level='0', nickname='gcy', headPictureURL='xxx.xxx', state='null', token='eyJhbGciOiJIUzI1NiJ9.eyJyb2xlIjoidXNlciIsImV4cCI6MTYyMTQ1NjI0NSwiaWF0IjoxNjIxNDM0NjQ1LCJ1c2VybmFtZSI6IjEwNzI4NzYwMjZAcXEuY29tIn0.n4cSslq1hnyD5ZfbWVrelN_KL3sV2vpiPTrtqiK94rA'}
2021-05-19 22:30:45.857 [http-nio-90-exec-2] INFO  c.c.gameserver.controller.OfflineController - /offline/userLogin api end with 200 , User{id=8, accountNum='1072876026@qq.com', password='111', sex='男', level='0', nickname='gcy', headPictureURL='xxx.xxx', state='null', token='eyJhbGciOiJIUzI1NiJ9.eyJyb2xlIjoidXNlciIsImV4cCI6MTYyMTQ1NjI0NSwiaWF0IjoxNjIxNDM0NjQ1LCJ1c2VybmFtZSI6IjEwNzI4NzYwMjZAcXEuY29tIn0.n4cSslq1hnyD5ZfbWVrelN_KL3sV2vpiPTrtqiK94rA'} Login successfully 
2021-05-19 22:30:46.395 [http-nio-90-exec-3] INFO  c.c.gameserver.controller.WanderController - 1072876025@qq.comcreate room , info :{"roomPassword":"111","code":200,"roomNum":"358638","state":"waitStart","message":"OK, Create room successfully","playerRole":"master","roomName":"myRoom"}
2021-05-19 22:30:46.851 [http-nio-90-exec-4] INFO  c.c.gameserver.controller.WanderController - 1072876026@qq.comJoin  room successfully , info :{"code":200,"state":"waitStart","message":"OK, 1072876026@qq.comJoin  room successfully","playerRole":"member"}
2021-05-19 22:30:47.368 [http-nio-90-exec-5] INFO  com.carcassonne.gameserver.manager.MainGameManager - 1072876025@qq.comin room 358638 getReady
2021-05-19 22:30:47.874 [http-nio-90-exec-6] INFO  com.carcassonne.gameserver.manager.RoomManager - gameStart[User{id=null, accountNum='1072876025@qq.com', password='111', sex='女', level='0', nickname='cmyyy', headPictureURL='xxx.xxx', state='null', token='null'}, User{id=null, accountNum='1072876026@qq.com', password='111', sex='男', level='0', nickname='gcy', headPictureURL='xxx.xxx', state='null', token='null'}]
2021-05-19 22:30:47.874 [http-nio-90-exec-6] INFO  com.carcassonne.gameserver.manager.MainGameManager - 1072876026@qq.comin room 358638 getReady
2021-05-19 22:30:48.396 [http-nio-90-exec-7] INFO  com.carcassonne.gameserver.manager.RoomManager - 开始获取能放的坐标，输入的卡牌：Card{id=15, top=Edge{type='grass'}, bot=Edge{type='road'}, lef=Edge{type='grass'}, rig=Edge{type='grass'}, rotate='null', pictureURL='http://47.119.130.124/carcassonneImg/card/4-4-5-4-default.jpg'}
2021-05-19 22:30:48.397 [http-nio-90-exec-7] INFO  com.carcassonne.gameserver.manager.RoomManager - 获取到的能放坐标数量：4
2021-05-19 22:33:06.745 [main] INFO  com.carcassonne.gameserver.GameserverApplication - Starting GameserverApplication using Java 11.0.6 on DESKTOP-JMIJ95C with PID 15400 (F:\0My_Data\软件工程实践\test\Carcassonne-Game-Server\target\classes started by chen in F:\0My_Data\软件工程实践\test\Carcassonne-Game-Server)
2021-05-19 22:33:06.747 [main] INFO  com.carcassonne.gameserver.GameserverApplication - No active profile set, falling back to default profiles: default
2021-05-19 22:33:07.210 [main] INFO  o.s.d.r.config.RepositoryConfigurationDelegate - Multiple Spring Data modules found, entering strict repository configuration mode!
2021-05-19 22:33:07.211 [main] INFO  o.s.d.r.config.RepositoryConfigurationDelegate - Bootstrapping Spring Data Redis repositories in DEFAULT mode.
2021-05-19 22:33:07.227 [main] INFO  o.s.d.r.config.RepositoryConfigurationDelegate - Finished Spring Data repository scanning in 9 ms. Found 0 Redis repository interfaces.
2021-05-19 22:33:07.352 [main] INFO  o.s.c.s.PostProcessorRegistrationDelegate$BeanPostProcessorChecker - Bean 'redisConfig' of type [com.carcassonne.gameserver.configuration.RedisConfig$$EnhancerBySpringCGLIB$$f37b85c5] is not eligible for getting processed by all BeanPostProcessors (for example: not eligible for auto-proxying)
2021-05-19 22:33:07.512 [main] INFO  o.s.boot.web.embedded.tomcat.TomcatWebServer - Tomcat initialized with port(s): 90 (http)
2021-05-19 22:33:07.518 [main] INFO  org.apache.coyote.http11.Http11NioProtocol - Initializing ProtocolHandler ["http-nio-90"]
2021-05-19 22:33:07.518 [main] INFO  org.apache.catalina.core.StandardService - Starting service [Tomcat]
2021-05-19 22:33:07.518 [main] INFO  org.apache.catalina.core.StandardEngine - Starting Servlet engine: [Apache Tomcat/9.0.45]
2021-05-19 22:33:07.589 [main] INFO  o.a.c.core.ContainerBase.[Tomcat].[localhost].[/] - Initializing Spring embedded WebApplicationContext
2021-05-19 22:33:07.589 [main] INFO  o.s.b.w.s.c.ServletWebServerApplicationContext - Root WebApplicationContext: initialization completed in 811 ms
2021-05-19 22:33:08.026 [main] INFO  o.s.scheduling.concurrent.ThreadPoolTaskExecutor - Initializing ExecutorService 'applicationTaskExecutor'
2021-05-19 22:33:08.194 [main] INFO  org.apache.coyote.http11.Http11NioProtocol - Starting ProtocolHandler ["http-nio-90"]
2021-05-19 22:33:08.206 [main] INFO  o.s.boot.web.embedded.tomcat.TomcatWebServer - Tomcat started on port(s): 90 (http) with context path ''
2021-05-19 22:33:08.213 [main] INFO  com.carcassonne.gameserver.GameserverApplication - Started GameserverApplication in 1.769 seconds (JVM running for 2.199)
2021-05-19 22:33:10.212 [http-nio-90-exec-1] INFO  o.a.c.core.ContainerBase.[Tomcat].[localhost].[/] - Initializing Spring DispatcherServlet 'dispatcherServlet'
2021-05-19 22:33:10.213 [http-nio-90-exec-1] INFO  org.springframework.web.servlet.DispatcherServlet - Initializing Servlet 'dispatcherServlet'
2021-05-19 22:33:10.214 [http-nio-90-exec-1] INFO  org.springframework.web.servlet.DispatcherServlet - Completed initialization in 1 ms
2021-05-19 22:33:10.232 [http-nio-90-exec-1] INFO  c.c.gameserver.controller.OfflineController - /offline/userLogin api start  ======> requestBody:{"password":"111","accountNum":"1072876025@qq.com"}
2021-05-19 22:33:10.262 [http-nio-90-exec-1] INFO  com.zaxxer.hikari.HikariDataSource - test - Starting...
2021-05-19 22:33:10.697 [http-nio-90-exec-1] INFO  com.zaxxer.hikari.HikariDataSource - test - Start completed.
2021-05-19 22:33:11.016 [http-nio-90-exec-1] INFO  c.c.gameserver.controller.OfflineController - redis ===> new record :User{id=4, accountNum='1072876025@qq.com', password='111', sex='女', level='0', nickname='cmyyy', headPictureURL='xxx.xxx', state='null', token='eyJhbGciOiJIUzI1NiJ9.eyJyb2xlIjoidXNlciIsImV4cCI6MTYyMTQ1NjM5MCwiaWF0IjoxNjIxNDM0NzkwLCJ1c2VybmFtZSI6IjEwNzI4NzYwMjVAcXEuY29tIn0.hVqQCvUjk179_-FcNFHgzToFkIgxmifubnTyNuKScb4'}
2021-05-19 22:33:11.016 [http-nio-90-exec-1] INFO  c.c.gameserver.controller.OfflineController - /offline/userLogin api end with 200 , User{id=4, accountNum='1072876025@qq.com', password='111', sex='女', level='0', nickname='cmyyy', headPictureURL='xxx.xxx', state='null', token='eyJhbGciOiJIUzI1NiJ9.eyJyb2xlIjoidXNlciIsImV4cCI6MTYyMTQ1NjM5MCwiaWF0IjoxNjIxNDM0NzkwLCJ1c2VybmFtZSI6IjEwNzI4NzYwMjVAcXEuY29tIn0.hVqQCvUjk179_-FcNFHgzToFkIgxmifubnTyNuKScb4'} Login successfully 
2021-05-19 22:33:11.440 [http-nio-90-exec-2] INFO  c.c.gameserver.controller.OfflineController - /offline/userLogin api start  ======> requestBody:{"password":"111","accountNum":"1072876026@qq.com"}
2021-05-19 22:33:11.470 [http-nio-90-exec-2] INFO  c.c.gameserver.controller.OfflineController - redis ===> new record :User{id=8, accountNum='1072876026@qq.com', password='111', sex='男', level='0', nickname='gcy', headPictureURL='xxx.xxx', state='null', token='eyJhbGciOiJIUzI1NiJ9.eyJyb2xlIjoidXNlciIsImV4cCI6MTYyMTQ1NjM5MSwiaWF0IjoxNjIxNDM0NzkxLCJ1c2VybmFtZSI6IjEwNzI4NzYwMjZAcXEuY29tIn0.H64RgGRRflNCkRRev_c2cG4fU8ogjaGGBTxKuJbXixA'}
2021-05-19 22:33:11.471 [http-nio-90-exec-2] INFO  c.c.gameserver.controller.OfflineController - /offline/userLogin api end with 200 , User{id=8, accountNum='1072876026@qq.com', password='111', sex='男', level='0', nickname='gcy', headPictureURL='xxx.xxx', state='null', token='eyJhbGciOiJIUzI1NiJ9.eyJyb2xlIjoidXNlciIsImV4cCI6MTYyMTQ1NjM5MSwiaWF0IjoxNjIxNDM0NzkxLCJ1c2VybmFtZSI6IjEwNzI4NzYwMjZAcXEuY29tIn0.H64RgGRRflNCkRRev_c2cG4fU8ogjaGGBTxKuJbXixA'} Login successfully 
2021-05-19 22:33:12.008 [http-nio-90-exec-3] INFO  c.c.gameserver.controller.WanderController - 1072876025@qq.comcreate room , info :{"roomPassword":"111","code":200,"roomNum":"175495","state":"waitStart","message":"OK, Create room successfully","playerRole":"master","roomName":"myRoom"}
2021-05-19 22:33:12.473 [http-nio-90-exec-4] INFO  c.c.gameserver.controller.WanderController - 1072876026@qq.comJoin  room successfully , info :{"code":200,"state":"waitStart","message":"OK, 1072876026@qq.comJoin  room successfully","playerRole":"member"}
2021-05-19 22:33:12.987 [http-nio-90-exec-5] INFO  com.carcassonne.gameserver.manager.MainGameManager - 1072876025@qq.comin room 175495 getReady
2021-05-19 22:33:13.491 [http-nio-90-exec-6] INFO  com.carcassonne.gameserver.manager.RoomManager - gameStart[User{id=null, accountNum='1072876025@qq.com', password='111', sex='女', level='0', nickname='cmyyy', headPictureURL='xxx.xxx', state='null', token='null'}, User{id=null, accountNum='1072876026@qq.com', password='111', sex='男', level='0', nickname='gcy', headPictureURL='xxx.xxx', state='null', token='null'}]
2021-05-19 22:33:13.492 [http-nio-90-exec-6] INFO  com.carcassonne.gameserver.manager.MainGameManager - 1072876026@qq.comin room 175495 getReady
2021-05-19 22:33:14.016 [http-nio-90-exec-7] INFO  com.carcassonne.gameserver.manager.RoomManager - 开始获取能放的坐标，输入的卡牌：Card{id=15, top=Edge{type='grass'}, bot=Edge{type='road'}, lef=Edge{type='grass'}, rig=Edge{type='grass'}, rotate='null', pictureURL='http://47.119.130.124/carcassonneImg/card/4-4-5-4-default.jpg'}
2021-05-19 22:33:14.017 [http-nio-90-exec-7] INFO  com.carcassonne.gameserver.manager.RoomManager - 获取到的能放坐标数量：4
2021-05-19 22:33:14.017 [http-nio-90-exec-7] INFO  com.carcassonne.gameserver.manager.RoomManager - 坐标转换[]
