2021-05-09 13:13:06.231 [http-nio-90-exec-2] ERROR c.c.gameserver.controller.WanderController - /wander/getUserInfo api end with 500 , unknown error ! token :eyJhbGciOiJIUzI1NiJ9.eyJyb2xlIjoidXNlciIsImV4cCI6MTYyMDU1MjUxMiwiaWF0IjoxNjIwNTMwOTEyLCJ1c2VybmFtZSI6ImNjIn0.3Gp05vK--tjT7Fj5n4fPNguGMSFh-_blpJGfccWEK_I
2021-05-09 16:46:26.784 [main] ERROR org.springframework.boot.SpringApplication - Application run failed
org.springframework.beans.factory.BeanCreationException: Error creating bean with name 'requestMappingHandlerMapping' defined in class path resource [org/springframework/boot/autoconfigure/web/servlet/WebMvcAutoConfiguration$EnableWebMvcConfiguration.class]: Invocation of init method failed; nested exception is java.lang.IllegalStateException: Ambiguous mapping. Cannot map 'wanderController' method 
com.carcassonne.gameserver.controller.WanderController#updateUserInfo(HttpServletRequest, String)
to {POST [/wander/getUserInfo], produces [application/json;charset=utf-8]}: There is already 'wanderController' bean method
com.carcassonne.gameserver.controller.WanderController#getUserInfo(HttpServletRequest) mapped.
	at org.springframework.beans.factory.support.AbstractAutowireCapableBeanFactory.initializeBean(AbstractAutowireCapableBeanFactory.java:1786)
	at org.springframework.beans.factory.support.AbstractAutowireCapableBeanFactory.doCreateBean(AbstractAutowireCapableBeanFactory.java:602)
	at org.springframework.beans.factory.support.AbstractAutowireCapableBeanFactory.createBean(AbstractAutowireCapableBeanFactory.java:524)
	at org.springframework.beans.factory.support.AbstractBeanFactory.lambda$doGetBean$0(AbstractBeanFactory.java:335)
	at org.springframework.beans.factory.support.DefaultSingletonBeanRegistry.getSingleton(DefaultSingletonBeanRegistry.java:234)
	at org.springframework.beans.factory.support.AbstractBeanFactory.doGetBean(AbstractBeanFactory.java:333)
	at org.springframework.beans.factory.support.AbstractBeanFactory.getBean(AbstractBeanFactory.java:208)
	at org.springframework.beans.factory.support.DefaultListableBeanFactory.preInstantiateSingletons(DefaultListableBeanFactory.java:944)
	at org.springframework.context.support.AbstractApplicationContext.finishBeanFactoryInitialization(AbstractApplicationContext.java:918)
	at org.springframework.context.support.AbstractApplicationContext.refresh(AbstractApplicationContext.java:583)
	at org.springframework.boot.web.servlet.context.ServletWebServerApplicationContext.refresh(ServletWebServerApplicationContext.java:144)
	at org.springframework.boot.SpringApplication.refresh(SpringApplication.java:782)
	at org.springframework.boot.SpringApplication.refresh(SpringApplication.java:774)
	at org.springframework.boot.SpringApplication.refreshContext(SpringApplication.java:439)
	at org.springframework.boot.SpringApplication.run(SpringApplication.java:339)
	at org.springframework.boot.SpringApplication.run(SpringApplication.java:1340)
	at org.springframework.boot.SpringApplication.run(SpringApplication.java:1329)
	at com.carcassonne.gameserver.GameserverApplication.main(GameserverApplication.java:12)
Caused by: java.lang.IllegalStateException: Ambiguous mapping. Cannot map 'wanderController' method 
com.carcassonne.gameserver.controller.WanderController#updateUserInfo(HttpServletRequest, String)
to {POST [/wander/getUserInfo], produces [application/json;charset=utf-8]}: There is already 'wanderController' bean method
com.carcassonne.gameserver.controller.WanderController#getUserInfo(HttpServletRequest) mapped.
	at org.springframework.web.servlet.handler.AbstractHandlerMethodMapping$MappingRegistry.validateMethodMapping(AbstractHandlerMethodMapping.java:662)
	at org.springframework.web.servlet.handler.AbstractHandlerMethodMapping$MappingRegistry.register(AbstractHandlerMethodMapping.java:628)
	at org.springframework.web.servlet.handler.AbstractHandlerMethodMapping.registerHandlerMethod(AbstractHandlerMethodMapping.java:328)
	at org.springframework.web.servlet.mvc.method.annotation.RequestMappingHandlerMapping.registerHandlerMethod(RequestMappingHandlerMapping.java:395)
	at org.springframework.web.servlet.mvc.method.annotation.RequestMappingHandlerMapping.registerHandlerMethod(RequestMappingHandlerMapping.java:76)
	at org.springframework.web.servlet.handler.AbstractHandlerMethodMapping.lambda$detectHandlerMethods$2(AbstractHandlerMethodMapping.java:298)
	at java.base/java.util.LinkedHashMap.forEach(LinkedHashMap.java:684)
	at org.springframework.web.servlet.handler.AbstractHandlerMethodMapping.detectHandlerMethods(AbstractHandlerMethodMapping.java:296)
	at org.springframework.web.servlet.handler.AbstractHandlerMethodMapping.processCandidateBean(AbstractHandlerMethodMapping.java:265)
	at org.springframework.web.servlet.handler.AbstractHandlerMethodMapping.initHandlerMethods(AbstractHandlerMethodMapping.java:224)
	at org.springframework.web.servlet.handler.AbstractHandlerMethodMapping.afterPropertiesSet(AbstractHandlerMethodMapping.java:212)
	at org.springframework.web.servlet.mvc.method.annotation.RequestMappingHandlerMapping.afterPropertiesSet(RequestMappingHandlerMapping.java:206)
	at org.springframework.beans.factory.support.AbstractAutowireCapableBeanFactory.invokeInitMethods(AbstractAutowireCapableBeanFactory.java:1845)
	at org.springframework.beans.factory.support.AbstractAutowireCapableBeanFactory.initializeBean(AbstractAutowireCapableBeanFactory.java:1782)
	... 17 common frames omitted
2021-05-09 17:09:41.795 [http-nio-90-exec-2] ERROR c.c.g.interceptor.PostCheckHandlerInterceptor - An error occurred during token validation : java.lang.NullPointerException  [token]: eyJhbGciOiJIUzI1NiJ9.eyJyb2xlIjoidXNlciIsImV4cCI6MTYyMDU3MTY3OSwiaWF0IjoxNjIwNTUwMDc5LCJ1c2VybmFtZSI6IjEwNzI4NzYwMjVAcXEuY29tIn0.NDxNs2qoGXFXacqch1flHXJ0r0pfQ-EnwnSTPb4vc18
2021-05-09 17:12:43.160 [http-nio-90-exec-2] ERROR c.c.g.interceptor.PostCheckHandlerInterceptor - An error occurred during token validation : java.lang.NullPointerException  [token]: eyJhbGciOiJIUzI1NiJ9.eyJyb2xlIjoidXNlciIsImV4cCI6MTYyMDU3MTY3OSwiaWF0IjoxNjIwNTUwMDc5LCJ1c2VybmFtZSI6IjEwNzI4NzYwMjVAcXEuY29tIn0.NDxNs2qoGXFXacqch1flHXJ0r0pfQ-EnwnSTPb4vc18
2021-05-09 17:14:40.869 [http-nio-90-exec-1] ERROR c.c.g.interceptor.PostCheckHandlerInterceptor - An error occurred during token validation : java.lang.NullPointerException  [token]: eyJhbGciOiJIUzI1NiJ9.eyJyb2xlIjoidXNlciIsImV4cCI6MTYyMDU3MTY3OSwiaWF0IjoxNjIwNTUwMDc5LCJ1c2VybmFtZSI6IjEwNzI4NzYwMjVAcXEuY29tIn0.NDxNs2qoGXFXacqch1flHXJ0r0pfQ-EnwnSTPb4vc18
2021-05-09 17:15:13.281 [http-nio-90-exec-4] ERROR c.c.g.interceptor.PostCheckHandlerInterceptor - An error occurred during token validation : java.lang.NullPointerException  [token]: eyJhbGciOiJIUzI1NiJ9.eyJyb2xlIjoidXNlciIsImV4cCI6MTYyMDU3MzMwMSwiaWF0IjoxNjIwNTUxNzAxLCJ1c2VybmFtZSI6IjEwNzI4NzYwMjVAcXEuY29tIn0.p-1suvPBQmcmdIqee_MrgbE6qdAZW0xlvaoud844lxQ
2021-05-09 17:19:11.784 [http-nio-90-exec-1] ERROR c.c.g.interceptor.PostCheckHandlerInterceptor - An error occurred during token validation : java.lang.NullPointerException  [token]: eyJhbGciOiJIUzI1NiJ9.eyJyb2xlIjoidXNlciIsImV4cCI6MTYyMDU3MzMwMSwiaWF0IjoxNjIwNTUxNzAxLCJ1c2VybmFtZSI6IjEwNzI4NzYwMjVAcXEuY29tIn0.p-1suvPBQmcmdIqee_MrgbE6qdAZW0xlvaoud844lxQ
2021-05-09 17:23:01.425 [http-nio-90-exec-2] ERROR c.c.g.interceptor.PostCheckHandlerInterceptor - An error occurred during token validation : java.lang.NullPointerException  [token]: eyJhbGciOiJIUzI1NiJ9.eyJyb2xlIjoidXNlciIsImV4cCI6MTYyMDU3MzMwMSwiaWF0IjoxNjIwNTUxNzAxLCJ1c2VybmFtZSI6IjEwNzI4NzYwMjVAcXEuY29tIn0.p-1suvPBQmcmdIqee_MrgbE6qdAZW0xlvaoud844lxQ
