2021-04-29 00:27:49.710 [main] INFO  com.carcassonne.gameserver.GameserverApplication - Starting GameserverApplication using Java 11.0.6 on DESKTOP-JMIJ95C with PID 7688 (F:\0My_Data\软件工程实践\test\Carcassonne-Game-Server\target\classes started by chen in F:\0My_Data\软件工程实践\test\Carcassonne-Game-Server)
2021-04-29 00:27:49.713 [main] INFO  com.carcassonne.gameserver.GameserverApplication - No active profile set, falling back to default profiles: default
2021-04-29 00:27:50.192 [main] INFO  o.s.d.r.config.RepositoryConfigurationDelegate - Multiple Spring Data modules found, entering strict repository configuration mode!
2021-04-29 00:27:50.193 [main] INFO  o.s.d.r.config.RepositoryConfigurationDelegate - Bootstrapping Spring Data Redis repositories in DEFAULT mode.
2021-04-29 00:27:50.216 [main] INFO  o.s.d.r.config.RepositoryConfigurationDelegate - Finished Spring Data repository scanning in 9 ms. Found 0 Redis repository interfaces.
2021-04-29 00:27:50.550 [main] INFO  o.s.boot.web.embedded.tomcat.TomcatWebServer - Tomcat initialized with port(s): 8080 (http)
2021-04-29 00:27:50.558 [main] INFO  org.apache.coyote.http11.Http11NioProtocol - Initializing ProtocolHandler ["http-nio-8080"]
2021-04-29 00:27:50.558 [main] INFO  org.apache.catalina.core.StandardService - Starting service [Tomcat]
2021-04-29 00:27:50.558 [main] INFO  org.apache.catalina.core.StandardEngine - Starting Servlet engine: [Apache Tomcat/9.0.45]
2021-04-29 00:27:50.638 [main] INFO  o.a.c.core.ContainerBase.[Tomcat].[localhost].[/] - Initializing Spring embedded WebApplicationContext
2021-04-29 00:27:50.638 [main] INFO  o.s.b.w.s.c.ServletWebServerApplicationContext - Root WebApplicationContext: initialization completed in 890 ms
2021-04-29 00:27:50.824 [main] INFO  org.apache.catalina.core.StandardService - Stopping service [Tomcat]
2021-04-29 00:27:50.833 [main] INFO  o.s.b.a.l.ConditionEvaluationReportLoggingListener - 

Error starting ApplicationContext. To display the conditions report re-run your application with 'debug' enabled.
2021-04-29 00:31:46.811 [main] INFO  com.carcassonne.gameserver.GameserverApplication - Starting GameserverApplication using Java 11.0.6 on DESKTOP-JMIJ95C with PID 19348 (F:\0My_Data\软件工程实践\test\Carcassonne-Game-Server\target\classes started by chen in F:\0My_Data\软件工程实践\test\Carcassonne-Game-Server)
2021-04-29 00:31:46.812 [main] INFO  com.carcassonne.gameserver.GameserverApplication - No active profile set, falling back to default profiles: default
2021-04-29 00:31:47.207 [main] INFO  o.s.d.r.config.RepositoryConfigurationDelegate - Multiple Spring Data modules found, entering strict repository configuration mode!
2021-04-29 00:31:47.208 [main] INFO  o.s.d.r.config.RepositoryConfigurationDelegate - Bootstrapping Spring Data Redis repositories in DEFAULT mode.
2021-04-29 00:31:47.224 [main] INFO  o.s.d.r.config.RepositoryConfigurationDelegate - Finished Spring Data repository scanning in 8 ms. Found 0 Redis repository interfaces.
2021-04-29 00:31:47.492 [main] INFO  o.s.boot.web.embedded.tomcat.TomcatWebServer - Tomcat initialized with port(s): 8080 (http)
2021-04-29 00:31:47.497 [main] INFO  org.apache.coyote.http11.Http11NioProtocol - Initializing ProtocolHandler ["http-nio-8080"]
2021-04-29 00:31:47.497 [main] INFO  org.apache.catalina.core.StandardService - Starting service [Tomcat]
2021-04-29 00:31:47.497 [main] INFO  org.apache.catalina.core.StandardEngine - Starting Servlet engine: [Apache Tomcat/9.0.45]
2021-04-29 00:31:47.562 [main] INFO  o.a.c.core.ContainerBase.[Tomcat].[localhost].[/] - Initializing Spring embedded WebApplicationContext
2021-04-29 00:31:47.563 [main] INFO  o.s.b.w.s.c.ServletWebServerApplicationContext - Root WebApplicationContext: initialization completed in 720 ms
2021-04-29 00:31:47.689 [main] INFO  org.apache.catalina.core.StandardService - Stopping service [Tomcat]
2021-04-29 00:31:47.698 [main] INFO  o.s.b.a.l.ConditionEvaluationReportLoggingListener - 

Error starting ApplicationContext. To display the conditions report re-run your application with 'debug' enabled.
2021-04-29 00:32:21.947 [main] INFO  com.carcassonne.gameserver.GameserverApplication - Starting GameserverApplication using Java 11.0.6 on DESKTOP-JMIJ95C with PID 8772 (F:\0My_Data\软件工程实践\test\Carcassonne-Game-Server\target\classes started by chen in F:\0My_Data\软件工程实践\test\Carcassonne-Game-Server)
2021-04-29 00:32:21.949 [main] INFO  com.carcassonne.gameserver.GameserverApplication - No active profile set, falling back to default profiles: default
2021-04-29 00:32:22.352 [main] INFO  o.s.d.r.config.RepositoryConfigurationDelegate - Multiple Spring Data modules found, entering strict repository configuration mode!
2021-04-29 00:32:22.353 [main] INFO  o.s.d.r.config.RepositoryConfigurationDelegate - Bootstrapping Spring Data Redis repositories in DEFAULT mode.
2021-04-29 00:32:22.368 [main] INFO  o.s.d.r.config.RepositoryConfigurationDelegate - Finished Spring Data repository scanning in 8 ms. Found 0 Redis repository interfaces.
2021-04-29 00:32:22.633 [main] INFO  o.s.boot.web.embedded.tomcat.TomcatWebServer - Tomcat initialized with port(s): 8080 (http)
2021-04-29 00:32:22.638 [main] INFO  org.apache.coyote.http11.Http11NioProtocol - Initializing ProtocolHandler ["http-nio-8080"]
2021-04-29 00:32:22.638 [main] INFO  org.apache.catalina.core.StandardService - Starting service [Tomcat]
2021-04-29 00:32:22.638 [main] INFO  org.apache.catalina.core.StandardEngine - Starting Servlet engine: [Apache Tomcat/9.0.45]
2021-04-29 00:32:22.703 [main] INFO  o.a.c.core.ContainerBase.[Tomcat].[localhost].[/] - Initializing Spring embedded WebApplicationContext
2021-04-29 00:32:22.703 [main] INFO  o.s.b.w.s.c.ServletWebServerApplicationContext - Root WebApplicationContext: initialization completed in 728 ms
2021-04-29 00:32:22.834 [main] INFO  org.apache.catalina.core.StandardService - Stopping service [Tomcat]
2021-04-29 00:32:22.842 [main] INFO  o.s.b.a.l.ConditionEvaluationReportLoggingListener - 

Error starting ApplicationContext. To display the conditions report re-run your application with 'debug' enabled.
2021-04-29 00:33:13.444 [main] INFO  com.carcassonne.gameserver.GameserverApplication - Starting GameserverApplication using Java 11.0.6 on DESKTOP-JMIJ95C with PID 18500 (F:\0My_Data\软件工程实践\test\Carcassonne-Game-Server\target\classes started by chen in F:\0My_Data\软件工程实践\test\Carcassonne-Game-Server)
2021-04-29 00:33:13.446 [main] INFO  com.carcassonne.gameserver.GameserverApplication - No active profile set, falling back to default profiles: default
2021-04-29 00:33:13.846 [main] INFO  o.s.d.r.config.RepositoryConfigurationDelegate - Multiple Spring Data modules found, entering strict repository configuration mode!
2021-04-29 00:33:13.847 [main] INFO  o.s.d.r.config.RepositoryConfigurationDelegate - Bootstrapping Spring Data Redis repositories in DEFAULT mode.
2021-04-29 00:33:13.863 [main] INFO  o.s.d.r.config.RepositoryConfigurationDelegate - Finished Spring Data repository scanning in 8 ms. Found 0 Redis repository interfaces.
2021-04-29 00:33:14.127 [main] INFO  o.s.boot.web.embedded.tomcat.TomcatWebServer - Tomcat initialized with port(s): 8080 (http)
2021-04-29 00:33:14.132 [main] INFO  org.apache.coyote.http11.Http11NioProtocol - Initializing ProtocolHandler ["http-nio-8080"]
2021-04-29 00:33:14.132 [main] INFO  org.apache.catalina.core.StandardService - Starting service [Tomcat]
2021-04-29 00:33:14.132 [main] INFO  org.apache.catalina.core.StandardEngine - Starting Servlet engine: [Apache Tomcat/9.0.45]
2021-04-29 00:33:14.199 [main] INFO  o.a.c.core.ContainerBase.[Tomcat].[localhost].[/] - Initializing Spring embedded WebApplicationContext
2021-04-29 00:33:14.199 [main] INFO  o.s.b.w.s.c.ServletWebServerApplicationContext - Root WebApplicationContext: initialization completed in 725 ms
2021-04-29 00:33:14.329 [main] INFO  org.apache.catalina.core.StandardService - Stopping service [Tomcat]
2021-04-29 00:33:14.337 [main] INFO  o.s.b.a.l.ConditionEvaluationReportLoggingListener - 

Error starting ApplicationContext. To display the conditions report re-run your application with 'debug' enabled.
2021-04-29 00:45:30.004 [main] INFO  com.carcassonne.gameserver.GameserverApplication - Starting GameserverApplication using Java 11.0.6 on DESKTOP-JMIJ95C with PID 19024 (F:\0My_Data\软件工程实践\test\Carcassonne-Game-Server\target\classes started by chen in F:\0My_Data\软件工程实践\test\Carcassonne-Game-Server)
2021-04-29 00:45:30.006 [main] INFO  com.carcassonne.gameserver.GameserverApplication - No active profile set, falling back to default profiles: default
2021-04-29 00:45:30.389 [main] INFO  o.s.d.r.config.RepositoryConfigurationDelegate - Multiple Spring Data modules found, entering strict repository configuration mode!
2021-04-29 00:45:30.391 [main] INFO  o.s.d.r.config.RepositoryConfigurationDelegate - Bootstrapping Spring Data Redis repositories in DEFAULT mode.
2021-04-29 00:45:30.406 [main] INFO  o.s.d.r.config.RepositoryConfigurationDelegate - Finished Spring Data repository scanning in 8 ms. Found 0 Redis repository interfaces.
2021-04-29 00:45:30.670 [main] INFO  o.s.boot.web.embedded.tomcat.TomcatWebServer - Tomcat initialized with port(s): 8080 (http)
2021-04-29 00:45:30.675 [main] INFO  org.apache.coyote.http11.Http11NioProtocol - Initializing ProtocolHandler ["http-nio-8080"]
2021-04-29 00:45:30.675 [main] INFO  org.apache.catalina.core.StandardService - Starting service [Tomcat]
2021-04-29 00:45:30.676 [main] INFO  org.apache.catalina.core.StandardEngine - Starting Servlet engine: [Apache Tomcat/9.0.45]
2021-04-29 00:45:30.743 [main] INFO  o.a.c.core.ContainerBase.[Tomcat].[localhost].[/] - Initializing Spring embedded WebApplicationContext
2021-04-29 00:45:30.743 [main] INFO  o.s.b.w.s.c.ServletWebServerApplicationContext - Root WebApplicationContext: initialization completed in 710 ms
2021-04-29 00:45:30.871 [main] INFO  o.s.scheduling.concurrent.ThreadPoolTaskExecutor - Initializing ExecutorService 'applicationTaskExecutor'
2021-04-29 00:45:31.054 [main] INFO  o.s.scheduling.concurrent.ThreadPoolTaskExecutor - Shutting down ExecutorService 'applicationTaskExecutor'
2021-04-29 00:45:31.056 [main] INFO  org.apache.catalina.core.StandardService - Stopping service [Tomcat]
2021-04-29 00:45:31.065 [main] INFO  o.s.b.a.l.ConditionEvaluationReportLoggingListener - 

Error starting ApplicationContext. To display the conditions report re-run your application with 'debug' enabled.
2021-04-29 00:46:36.038 [main] INFO  com.carcassonne.gameserver.GameserverApplication - Starting GameserverApplication using Java 11.0.6 on DESKTOP-JMIJ95C with PID 7324 (F:\0My_Data\软件工程实践\test\Carcassonne-Game-Server\target\classes started by chen in F:\0My_Data\软件工程实践\test\Carcassonne-Game-Server)
2021-04-29 00:46:36.040 [main] INFO  com.carcassonne.gameserver.GameserverApplication - No active profile set, falling back to default profiles: default
2021-04-29 00:46:36.418 [main] INFO  o.s.d.r.config.RepositoryConfigurationDelegate - Multiple Spring Data modules found, entering strict repository configuration mode!
2021-04-29 00:46:36.419 [main] INFO  o.s.d.r.config.RepositoryConfigurationDelegate - Bootstrapping Spring Data Redis repositories in DEFAULT mode.
2021-04-29 00:46:36.434 [main] INFO  o.s.d.r.config.RepositoryConfigurationDelegate - Finished Spring Data repository scanning in 8 ms. Found 0 Redis repository interfaces.
2021-04-29 00:46:36.697 [main] INFO  o.s.boot.web.embedded.tomcat.TomcatWebServer - Tomcat initialized with port(s): 8080 (http)
2021-04-29 00:46:36.702 [main] INFO  org.apache.coyote.http11.Http11NioProtocol - Initializing ProtocolHandler ["http-nio-8080"]
2021-04-29 00:46:36.702 [main] INFO  org.apache.catalina.core.StandardService - Starting service [Tomcat]
2021-04-29 00:46:36.702 [main] INFO  org.apache.catalina.core.StandardEngine - Starting Servlet engine: [Apache Tomcat/9.0.45]
2021-04-29 00:46:36.770 [main] INFO  o.a.c.core.ContainerBase.[Tomcat].[localhost].[/] - Initializing Spring embedded WebApplicationContext
2021-04-29 00:46:36.770 [main] INFO  o.s.b.w.s.c.ServletWebServerApplicationContext - Root WebApplicationContext: initialization completed in 704 ms
2021-04-29 00:46:36.902 [main] INFO  org.apache.catalina.core.StandardService - Stopping service [Tomcat]
2021-04-29 00:46:36.911 [main] INFO  o.s.b.a.l.ConditionEvaluationReportLoggingListener - 

Error starting ApplicationContext. To display the conditions report re-run your application with 'debug' enabled.
2021-04-29 00:49:00.208 [main] INFO  com.carcassonne.gameserver.GameserverApplication - Starting GameserverApplication using Java 11.0.6 on DESKTOP-JMIJ95C with PID 19312 (F:\0My_Data\软件工程实践\test\Carcassonne-Game-Server\target\classes started by chen in F:\0My_Data\软件工程实践\test\Carcassonne-Game-Server)
2021-04-29 00:49:00.210 [main] INFO  com.carcassonne.gameserver.GameserverApplication - No active profile set, falling back to default profiles: default
2021-04-29 00:49:00.610 [main] INFO  o.s.d.r.config.RepositoryConfigurationDelegate - Multiple Spring Data modules found, entering strict repository configuration mode!
2021-04-29 00:49:00.611 [main] INFO  o.s.d.r.config.RepositoryConfigurationDelegate - Bootstrapping Spring Data Redis repositories in DEFAULT mode.
2021-04-29 00:49:00.626 [main] INFO  o.s.d.r.config.RepositoryConfigurationDelegate - Finished Spring Data repository scanning in 8 ms. Found 0 Redis repository interfaces.
2021-04-29 00:49:00.890 [main] INFO  o.s.boot.web.embedded.tomcat.TomcatWebServer - Tomcat initialized with port(s): 8080 (http)
2021-04-29 00:49:00.895 [main] INFO  org.apache.coyote.http11.Http11NioProtocol - Initializing ProtocolHandler ["http-nio-8080"]
2021-04-29 00:49:00.895 [main] INFO  org.apache.catalina.core.StandardService - Starting service [Tomcat]
2021-04-29 00:49:00.895 [main] INFO  org.apache.catalina.core.StandardEngine - Starting Servlet engine: [Apache Tomcat/9.0.45]
2021-04-29 00:49:00.963 [main] INFO  o.a.c.core.ContainerBase.[Tomcat].[localhost].[/] - Initializing Spring embedded WebApplicationContext
2021-04-29 00:49:00.963 [main] INFO  o.s.b.w.s.c.ServletWebServerApplicationContext - Root WebApplicationContext: initialization completed in 726 ms
2021-04-29 00:49:01.093 [main] INFO  org.apache.catalina.core.StandardService - Stopping service [Tomcat]
2021-04-29 00:49:01.101 [main] INFO  o.s.b.a.l.ConditionEvaluationReportLoggingListener - 

Error starting ApplicationContext. To display the conditions report re-run your application with 'debug' enabled.
2021-04-29 00:50:47.274 [main] INFO  com.carcassonne.gameserver.GameserverApplication - Starting GameserverApplication using Java 11.0.6 on DESKTOP-JMIJ95C with PID 18980 (F:\0My_Data\软件工程实践\test\Carcassonne-Game-Server\target\classes started by chen in F:\0My_Data\软件工程实践\test\Carcassonne-Game-Server)
2021-04-29 00:50:47.275 [main] INFO  com.carcassonne.gameserver.GameserverApplication - No active profile set, falling back to default profiles: default
2021-04-29 00:50:47.680 [main] INFO  o.s.d.r.config.RepositoryConfigurationDelegate - Multiple Spring Data modules found, entering strict repository configuration mode!
2021-04-29 00:50:47.681 [main] INFO  o.s.d.r.config.RepositoryConfigurationDelegate - Bootstrapping Spring Data Redis repositories in DEFAULT mode.
2021-04-29 00:50:47.696 [main] INFO  o.s.d.r.config.RepositoryConfigurationDelegate - Finished Spring Data repository scanning in 8 ms. Found 0 Redis repository interfaces.
2021-04-29 00:50:47.961 [main] INFO  o.s.boot.web.embedded.tomcat.TomcatWebServer - Tomcat initialized with port(s): 8080 (http)
2021-04-29 00:50:47.966 [main] INFO  org.apache.coyote.http11.Http11NioProtocol - Initializing ProtocolHandler ["http-nio-8080"]
2021-04-29 00:50:47.966 [main] INFO  org.apache.catalina.core.StandardService - Starting service [Tomcat]
2021-04-29 00:50:47.966 [main] INFO  org.apache.catalina.core.StandardEngine - Starting Servlet engine: [Apache Tomcat/9.0.45]
2021-04-29 00:50:48.031 [main] INFO  o.a.c.core.ContainerBase.[Tomcat].[localhost].[/] - Initializing Spring embedded WebApplicationContext
2021-04-29 00:50:48.032 [main] INFO  o.s.b.w.s.c.ServletWebServerApplicationContext - Root WebApplicationContext: initialization completed in 729 ms
2021-04-29 00:50:48.168 [main] INFO  org.apache.catalina.core.StandardService - Stopping service [Tomcat]
2021-04-29 00:50:48.177 [main] INFO  o.s.b.a.l.ConditionEvaluationReportLoggingListener - 

Error starting ApplicationContext. To display the conditions report re-run your application with 'debug' enabled.
2021-04-29 01:10:06.446 [main] INFO  com.carcassonne.gameserver.GameserverApplication - Starting GameserverApplication using Java 11.0.6 on DESKTOP-JMIJ95C with PID 18836 (F:\0My_Data\软件工程实践\test\Carcassonne-Game-Server\target\classes started by chen in F:\0My_Data\软件工程实践\test\Carcassonne-Game-Server)
2021-04-29 01:10:06.448 [main] INFO  com.carcassonne.gameserver.GameserverApplication - No active profile set, falling back to default profiles: default
2021-04-29 01:10:06.831 [main] INFO  o.s.d.r.config.RepositoryConfigurationDelegate - Multiple Spring Data modules found, entering strict repository configuration mode!
2021-04-29 01:10:06.833 [main] INFO  o.s.d.r.config.RepositoryConfigurationDelegate - Bootstrapping Spring Data Redis repositories in DEFAULT mode.
2021-04-29 01:10:06.848 [main] INFO  o.s.d.r.config.RepositoryConfigurationDelegate - Finished Spring Data repository scanning in 7 ms. Found 0 Redis repository interfaces.
2021-04-29 01:10:07.116 [main] INFO  o.s.boot.web.embedded.tomcat.TomcatWebServer - Tomcat initialized with port(s): 8080 (http)
2021-04-29 01:10:07.121 [main] INFO  org.apache.coyote.http11.Http11NioProtocol - Initializing ProtocolHandler ["http-nio-8080"]
2021-04-29 01:10:07.121 [main] INFO  org.apache.catalina.core.StandardService - Starting service [Tomcat]
2021-04-29 01:10:07.121 [main] INFO  org.apache.catalina.core.StandardEngine - Starting Servlet engine: [Apache Tomcat/9.0.45]
2021-04-29 01:10:07.188 [main] INFO  o.a.c.core.ContainerBase.[Tomcat].[localhost].[/] - Initializing Spring embedded WebApplicationContext
2021-04-29 01:10:07.188 [main] INFO  o.s.b.w.s.c.ServletWebServerApplicationContext - Root WebApplicationContext: initialization completed in 711 ms
2021-04-29 01:10:07.399 [main] INFO  org.apache.catalina.core.StandardService - Stopping service [Tomcat]
2021-04-29 01:10:07.407 [main] INFO  o.s.b.a.l.ConditionEvaluationReportLoggingListener - 

Error starting ApplicationContext. To display the conditions report re-run your application with 'debug' enabled.
2021-04-29 01:14:21.977 [main] INFO  com.carcassonne.gameserver.GameserverApplication - Starting GameserverApplication using Java 11.0.6 on DESKTOP-JMIJ95C with PID 20288 (F:\0My_Data\软件工程实践\test\Carcassonne-Game-Server\target\classes started by chen in F:\0My_Data\软件工程实践\test\Carcassonne-Game-Server)
2021-04-29 01:14:21.978 [main] INFO  com.carcassonne.gameserver.GameserverApplication - No active profile set, falling back to default profiles: default
2021-04-29 01:14:22.364 [main] INFO  o.s.d.r.config.RepositoryConfigurationDelegate - Multiple Spring Data modules found, entering strict repository configuration mode!
2021-04-29 01:14:22.365 [main] INFO  o.s.d.r.config.RepositoryConfigurationDelegate - Bootstrapping Spring Data Redis repositories in DEFAULT mode.
2021-04-29 01:14:22.380 [main] INFO  o.s.d.r.config.RepositoryConfigurationDelegate - Finished Spring Data repository scanning in 8 ms. Found 0 Redis repository interfaces.
2021-04-29 01:14:22.646 [main] INFO  o.s.boot.web.embedded.tomcat.TomcatWebServer - Tomcat initialized with port(s): 8080 (http)
2021-04-29 01:14:22.651 [main] INFO  org.apache.coyote.http11.Http11NioProtocol - Initializing ProtocolHandler ["http-nio-8080"]
2021-04-29 01:14:22.651 [main] INFO  org.apache.catalina.core.StandardService - Starting service [Tomcat]
2021-04-29 01:14:22.651 [main] INFO  org.apache.catalina.core.StandardEngine - Starting Servlet engine: [Apache Tomcat/9.0.45]
2021-04-29 01:14:22.721 [main] INFO  o.a.c.core.ContainerBase.[Tomcat].[localhost].[/] - Initializing Spring embedded WebApplicationContext
2021-04-29 01:14:22.721 [main] INFO  o.s.b.w.s.c.ServletWebServerApplicationContext - Root WebApplicationContext: initialization completed in 713 ms
2021-04-29 01:14:22.919 [main] INFO  org.apache.catalina.core.StandardService - Stopping service [Tomcat]
2021-04-29 01:14:22.928 [main] INFO  o.s.b.a.l.ConditionEvaluationReportLoggingListener - 

Error starting ApplicationContext. To display the conditions report re-run your application with 'debug' enabled.
